#
# There is insufficient memory for the Java Runtime Environment to continue.
# Native memory allocation (malloc) failed to allocate 1048576 bytes. Error detail: AllocateHeap
# Possible reasons:
#   The system is out of physical RAM or swap space
#   This process is running with CompressedOops enabled, and the Java Heap may be blocking the growth of the native heap
# Possible solutions:
#   Reduce memory load on the system
#   Increase physical memory or swap space
#   Check if swap backing store is full
#   Decrease Java heap size (-Xmx/-Xms)
#   Decrease number of Java threads
#   Decrease Java thread stack sizes (-Xss)
#   Set larger code cache with -XX:ReservedCodeCacheSize=
#   JVM is running with Unscaled Compressed Oops mode in which the Java heap is
#     placed in the first 4GB address space. The Java Heap base address is the
#     maximum limit for the native heap growth. Please use -XX:HeapBaseMinAddress
#     to set the Java Heap base and to place the Java Heap above 4GB virtual address.
# This output file may be truncated or incomplete.
#
#  Out of Memory Error (allocation.cpp:44), pid=10948, tid=9428
#
# JRE version: OpenJDK Runtime Environment Temurin-21.0.9+10 (21.0.9+10) (build 21.0.9+10-LTS)
# Java VM: OpenJDK 64-Bit Server VM Temurin-21.0.9+10 (21.0.9+10-LTS, mixed mode, sharing, tiered, compressed oops, compressed class ptrs, parallel gc, windows-amd64)
# No core dump will be written. Minidumps are not enabled by default on client versions of Windows
#

---------------  S U M M A R Y ------------

Command Line: --add-modules=ALL-SYSTEM --add-opens=java.base/java.util=ALL-UNNAMED --add-opens=java.base/java.lang=ALL-UNNAMED --add-opens=java.base/sun.nio.fs=ALL-UNNAMED -Declipse.application=org.eclipse.jdt.ls.core.id1 -Dosgi.bundles.defaultStartLevel=4 -Declipse.product=org.eclipse.jdt.ls.core.product -Djava.import.generatesMetadataFilesAtProjectRoot=false -DDetectVMInstallationsJob.disabled=true -Dfile.encoding=utf8 -XX:+UseParallelGC -XX:GCTimeRatio=4 -XX:AdaptiveSizePolicyWeight=90 -Dsun.zip.disableMemoryMapping=true -Xmx2G -Xms100m -Xlog:disable -javaagent:c:\Users\adnan\.antigravity\extensions\redhat.java-1.52.0-win32-x64\lombok\lombok-1.18.39-4050.jar -XX:+HeapDumpOnOutOfMemoryError -XX:HeapDumpPath=c:\Users\adnan\AppData\Roaming\Antigravity\User\workspaceStorage\890d0cec61c49a827beda7992749389d\redhat.java -Daether.dependencyCollector.impl=bf c:\Users\adnan\.antigravity\extensions\redhat.java-1.52.0-win32-x64\server\plugins\org.eclipse.equinox.launcher_1.7.100.v20251111-0406.jar -configuration c:\Users\adnan\AppData\Roaming\Antigravity\User\globalStorage\redhat.java\1.52.0\config_win -data c:\Users\adnan\AppData\Roaming\Antigravity\User\workspaceStorage\890d0cec61c49a827beda7992749389d\redhat.java\jdt_ws --pipe=\\.\pipe\lsp-cceb340e8412504e91824c9e804b8481-sock

Host: Intel(R) Core(TM) i3-7020U CPU @ 2.30GHz, 4 cores, 3G,  Windows 10 , 64 bit Build 19041 (10.0.19041.5915)
Time: Thu Mar 26 15:20:21 2026 India Standard Time elapsed time: 5084.015221 seconds (0d 1h 24m 44s)

---------------  T H R E A D  ---------------

Current thread (0x0000016a25ace110):  JavaThread "Attach Listener" daemon [_thread_in_vm, id=9428, stack(0x0000000cea600000,0x0000000cea700000) (1024K)]

Stack: [0x0000000cea600000,0x0000000cea700000]
Native frames: (J=compiled Java code, j=interpreted, Vv=VM code, C=native code)
V  [jvm.dll+0x6d6e29]
V  [jvm.dll+0x8b4b76]
V  [jvm.dll+0x8b712e]
V  [jvm.dll+0x8b7813]
V  [jvm.dll+0x283d86]
V  [jvm.dll+0xc1277]
V  [jvm.dll+0x6d76d9]
V  [jvm.dll+0x133466]
V  [jvm.dll+0x3f7ea6]
V  [jvm.dll+0x85e9ad]
V  [jvm.dll+0x6d565d]
C  [ucrtbase.dll+0x21bb2]
C  [KERNEL32.DLL+0x17374]
C  [ntdll.dll+0x4cc91]


---------------  P R O C E S S  ---------------

Threads class SMR info:
_java_thread_list=0x0000016a054afcc0, length=31, elements={
0x0000016a25be3b90, 0x0000016a25ac65c0, 0x0000016a25ac7c00, 0x0000016a25acb5b0,
0x0000016a25ace110, 0x0000016a25aceb60, 0x0000016a25acf5b0, 0x0000016a25ad03e0,
0x0000016a25b4a2c0, 0x0000016a7e2eeec0, 0x0000016a7e4ad240, 0x0000016a7e91ab70,
0x0000016a7e8f19e0, 0x0000016a7e679fd0, 0x0000016a7e67a630, 0x0000016a7efb9270,
0x0000016a7ecb7d70, 0x0000016a7e47eea0, 0x0000016a25b7cc80, 0x0000016a7f2a48a0,
0x0000016a7f59b9b0, 0x0000016a7f597180, 0x0000016a7f598530, 0x0000016a7f59c040,
0x0000016a7f599250, 0x0000016a7f59ac90, 0x0000016a7f59c6d0, 0x0000016a7f598bc0,
0x0000016a0e14cfc0, 0x0000016a7f59b320, 0x0000016a7f595740
}

Java Threads: ( => current thread )
  0x0000016a25be3b90 JavaThread "main"                              [_thread_blocked, id=8396, stack(0x0000000ce9f00000,0x0000000cea000000) (1024K)]
  0x0000016a25ac65c0 JavaThread "Reference Handler"          daemon [_thread_blocked, id=1292, stack(0x0000000cea300000,0x0000000cea400000) (1024K)]
  0x0000016a25ac7c00 JavaThread "Finalizer"                  daemon [_thread_blocked, id=11456, stack(0x0000000cea400000,0x0000000cea500000) (1024K)]
  0x0000016a25acb5b0 JavaThread "Signal Dispatcher"          daemon [_thread_blocked, id=10932, stack(0x0000000cea500000,0x0000000cea600000) (1024K)]
=>0x0000016a25ace110 JavaThread "Attach Listener"            daemon [_thread_in_vm, id=9428, stack(0x0000000cea600000,0x0000000cea700000) (1024K)]
  0x0000016a25aceb60 JavaThread "Service Thread"             daemon [_thread_blocked, id=10840, stack(0x0000000cea700000,0x0000000cea800000) (1024K)]
  0x0000016a25acf5b0 JavaThread "Monitor Deflation Thread"   daemon [_thread_blocked, id=10084, stack(0x0000000cea800000,0x0000000cea900000) (1024K)]
  0x0000016a25ad03e0 JavaThread "C2 CompilerThread0"         daemon [_thread_blocked, id=11892, stack(0x0000000cea900000,0x0000000ceaa00000) (1024K)]
  0x0000016a25b4a2c0 JavaThread "C1 CompilerThread0"         daemon [_thread_blocked, id=7812, stack(0x0000000ceaa00000,0x0000000ceab00000) (1024K)]
  0x0000016a7e2eeec0 JavaThread "Common-Cleaner"             daemon [_thread_blocked, id=4072, stack(0x0000000ceab00000,0x0000000ceac00000) (1024K)]
  0x0000016a7e4ad240 JavaThread "Notification Thread"        daemon [_thread_blocked, id=9908, stack(0x0000000ceac00000,0x0000000cead00000) (1024K)]
  0x0000016a7e91ab70 JavaThread "Active Thread: Equinox Container: 6ea90d2d-08ec-4184-811e-6fb8dd2d404f"        [_thread_blocked, id=8252, stack(0x0000000ceb000000,0x0000000ceb100000) (1024K)]
  0x0000016a7e8f19e0 JavaThread "Refresh Thread: Equinox Container: 6ea90d2d-08ec-4184-811e-6fb8dd2d404f" daemon [_thread_blocked, id=9752, stack(0x0000000ceb100000,0x0000000ceb200000) (1024K)]
  0x0000016a7e679fd0 JavaThread "Framework Event Dispatcher: Equinox Container: 6ea90d2d-08ec-4184-811e-6fb8dd2d404f" daemon [_thread_blocked, id=8208, stack(0x0000000ceb200000,0x0000000ceb300000) (1024K)]
  0x0000016a7e67a630 JavaThread "Start Level: Equinox Container: 6ea90d2d-08ec-4184-811e-6fb8dd2d404f" daemon [_thread_blocked, id=6864, stack(0x0000000ceb300000,0x0000000ceb400000) (1024K)]
  0x0000016a7efb9270 JavaThread "Bundle File Closer"         daemon [_thread_blocked, id=8128, stack(0x0000000ceb400000,0x0000000ceb500000) (1024K)]
  0x0000016a7ecb7d70 JavaThread "SCR Component Actor"        daemon [_thread_blocked, id=7488, stack(0x0000000ceb500000,0x0000000ceb600000) (1024K)]
  0x0000016a7e47eea0 JavaThread "Worker-JM"                         [_thread_blocked, id=9576, stack(0x0000000ceb600000,0x0000000ceb700000) (1024K)]
  0x0000016a25b7cc80 JavaThread "JNA Cleaner"                daemon [_thread_blocked, id=8536, stack(0x0000000ceb700000,0x0000000ceb800000) (1024K)]
  0x0000016a7f2a48a0 JavaThread "Java indexing"              daemon [_thread_blocked, id=4824, stack(0x0000000cebb00000,0x0000000cebc00000) (1024K)]
  0x0000016a7f59b9b0 JavaThread "Thread-1"                   daemon [_thread_in_native, id=8696, stack(0x0000000cebf00000,0x0000000cec000000) (1024K)]
  0x0000016a7f597180 JavaThread "Thread-2"                   daemon [_thread_in_native, id=10516, stack(0x0000000cec000000,0x0000000cec100000) (1024K)]
  0x0000016a7f598530 JavaThread "Thread-3"                   daemon [_thread_in_native, id=6088, stack(0x0000000cec100000,0x0000000cec200000) (1024K)]
  0x0000016a7f59c040 JavaThread "Thread-4"                   daemon [_thread_in_native, id=11900, stack(0x0000000cec200000,0x0000000cec300000) (1024K)]
  0x0000016a7f599250 JavaThread "Thread-5"                   daemon [_thread_in_native, id=11644, stack(0x0000000cec300000,0x0000000cec400000) (1024K)]
  0x0000016a7f59ac90 JavaThread "pool-2-thread-1"                   [_thread_blocked, id=824, stack(0x0000000cec400000,0x0000000cec500000) (1024K)]
  0x0000016a7f59c6d0 JavaThread "WorkspaceEventsHandler"            [_thread_blocked, id=3812, stack(0x0000000cec500000,0x0000000cec600000) (1024K)]
  0x0000016a7f598bc0 JavaThread "pool-1-thread-1"                   [_thread_blocked, id=7528, stack(0x0000000cec600000,0x0000000cec700000) (1024K)]
  0x0000016a0e14cfc0 JavaThread "Worker-14"                         [_thread_blocked, id=5716, stack(0x0000000cec700000,0x0000000cec800000) (1024K)]
  0x0000016a7f59b320 JavaThread "Worker-17"                         [_thread_blocked, id=14996, stack(0x0000000ceb900000,0x0000000ceba00000) (1024K)]
  0x0000016a7f595740 JavaThread "Worker-18"                         [_thread_blocked, id=14308, stack(0x0000000ce9d00000,0x0000000ce9e00000) (1024K)]
Total: 31

Other Threads:
  0x0000016a25abdd10 VMThread "VM Thread"                           [id=8516, stack(0x0000000cea200000,0x0000000cea300000) (1024K)]
  0x0000016a25c50e10 WatcherThread "VM Periodic Task Thread"        [id=5684, stack(0x0000000cea100000,0x0000000cea200000) (1024K)]
  0x0000016a25c02560 WorkerThread "GC Thread#0"                     [id=7572, stack(0x0000000cea000000,0x0000000cea100000) (1024K)]
  0x0000016a7e5a6ac0 WorkerThread "GC Thread#1"                     [id=5596, stack(0x0000000cead00000,0x0000000ceae00000) (1024K)]
  0x0000016a7ea00580 WorkerThread "GC Thread#2"                     [id=3624, stack(0x0000000ceae00000,0x0000000ceaf00000) (1024K)]
  0x0000016a7ea00920 WorkerThread "GC Thread#3"                     [id=10004, stack(0x0000000ceaf00000,0x0000000ceb000000) (1024K)]
Total: 6

Threads with active compile tasks:
Total: 0

VM state: not at safepoint (normal execution)

VM Mutex/Monitor currently owned by a thread: None

Heap address: 0x0000000080000000, size: 2048 MB, Compressed Oops mode: 32-bit

CDS archive(s) mapped at: [0x0000016a3d000000-0x0000016a3dba0000-0x0000016a3dba0000), size 12189696, SharedBaseAddress: 0x0000016a3d000000, ArchiveRelocationMode: 1.
Compressed class space mapped at: 0x0000016a3e000000-0x0000016a7e000000, reserved size: 1073741824
Narrow klass base: 0x0000016a3d000000, Narrow klass shift: 0, Narrow klass range: 0x100000000

GC Precious Log:
 CardTable entry size: 512
 CPUs: 4 total, 4 available
 Memory: 3975M
 Large Page Support: Disabled
 NUMA Support: Disabled
 Compressed Oops: Enabled (32-bit)
 Alignments: Space 512K, Generation 512K, Heap 2M
 Heap Min Capacity: 100M
 Heap Initial Capacity: 100M
 Heap Max Capacity: 2G
 Pre-touch: Disabled
 Parallel Workers: 4

Heap:
 PSYoungGen      total 1024K, used 285K [0x00000000d5580000, 0x00000000d5800000, 0x0000000100000000)
  eden space 512K, 30% used [0x00000000d5580000,0x00000000d55a7558,0x00000000d5600000)
  from space 512K, 25% used [0x00000000d5600000,0x00000000d5620000,0x00000000d5680000)
  to   space 512K, 0% used [0x00000000d5780000,0x00000000d5780000,0x00000000d5800000)
 ParOldGen       total 225792K, used 225436K [0x0000000080000000, 0x000000008dc80000, 0x00000000d5580000)
  object space 225792K, 99% used [0x0000000080000000,0x000000008dc27058,0x000000008dc80000)
 Metaspace       used 68877K, committed 70528K, reserved 1114112K
  class space    used 6875K, committed 7616K, reserved 1048576K

Card table byte_map: [0x0000016a25590000,0x0000016a259a0000] _byte_map_base: 0x0000016a25190000

Marking Bits: (ParMarkBitMap*) 0x00007fffb1582460
 Begin Bits: [0x0000016a380a0000, 0x0000016a3a0a0000)
 End Bits:   [0x0000016a3a0a0000, 0x0000016a3c0a0000)

Polling page: 0x0000016a23ba0000

Metaspace:

Usage:
  Non-class:     60.55 MB used.
      Class:      6.71 MB used.
       Both:     67.26 MB used.

Virtual space:
  Non-class space:       64.00 MB reserved,      61.44 MB ( 96%) committed,  1 nodes.
      Class space:        1.00 GB reserved,       7.44 MB ( <1%) committed,  1 nodes.
             Both:        1.06 GB reserved,      68.88 MB (  6%) committed. 

Chunk freelists:
   Non-Class:  1.94 MB
       Class:  8.58 MB
        Both:  10.52 MB

MaxMetaspaceSize: unlimited
CompressedClassSpaceSize: 1.00 GB
Initial GC threshold: 21.00 MB
Current GC threshold: 114.62 MB
CDS: on
 - commit_granule_bytes: 65536.
 - commit_granule_words: 8192.
 - virtual_space_node_default_size: 8388608.
 - enlarge_chunks_in_place: 1.
 - use_allocation_guard: 0.


Internal statistics:

num_allocs_failed_limit: 9.
num_arena_births: 1414.
num_arena_deaths: 396.
num_vsnodes_births: 2.
num_vsnodes_deaths: 0.
num_space_committed: 1102.
num_space_uncommitted: 0.
num_chunks_returned_to_freelist: 460.
num_chunks_taken_from_freelist: 4852.
num_chunk_merges: 123.
num_chunk_splits: 2889.
num_chunks_enlarged: 1597.
num_inconsistent_stats: 0.

CodeHeap 'non-profiled nmethods': size=120000Kb used=12826Kb max_used=12826Kb free=107173Kb
 bounds [0x0000016a308c0000, 0x0000016a31550000, 0x0000016a37df0000]
CodeHeap 'profiled nmethods': size=120000Kb used=34745Kb max_used=36820Kb free=85254Kb
 bounds [0x0000016a28df0000, 0x0000016a2b1f0000, 0x0000016a30320000]
CodeHeap 'non-nmethods': size=5760Kb used=1435Kb max_used=1583Kb free=4324Kb
 bounds [0x0000016a30320000, 0x0000016a30590000, 0x0000016a308c0000]
CodeCache: size=245760Kb, used=49006Kb, max_used=51229Kb, free=196751Kb
 total_blobs=15883, nmethods=15135, adapters=652, full_count=0
Compilation: enabled, stopped_count=0, restarted_count=0

Compilation events (20 events):
Event: 5066.719 Thread 0x0000016a25b4a2c0 16886       3       org.eclipse.sisu.inject.MildValues::put (38 bytes)
Event: 5066.743 Thread 0x0000016a25b4a2c0 nmethod 16886 0x0000016a29314f10 code [0x0000016a29315100, 0x0000016a29315630]
Event: 5066.743 Thread 0x0000016a25b4a2c0 16887       3       org.eclipse.sisu.inject.MildValues::mildValue (37 bytes)
Event: 5066.750 Thread 0x0000016a25b4a2c0 nmethod 16887 0x0000016a29d11490 code [0x0000016a29d116a0, 0x0000016a29d11be0]
Event: 5066.750 Thread 0x0000016a25b4a2c0 16888       3       org.eclipse.sisu.inject.MildValues$Weak::<init> (12 bytes)
Event: 5066.751 Thread 0x0000016a25b4a2c0 nmethod 16888 0x0000016a293bff90 code [0x0000016a293c0160, 0x0000016a293c0580]
Event: 5067.356 Thread 0x0000016a25ad03e0 16889       4       java.lang.Class::privateGetDeclaredConstructors (79 bytes)
Event: 5067.396 Thread 0x0000016a25ad03e0 nmethod 16889 0x0000016a31542690 code [0x0000016a31542860, 0x0000016a31542ba0]
Event: 5067.439 Thread 0x0000016a25ad03e0 16890       4       org.eclipse.core.internal.localstore.UnifiedTree::createNode (61 bytes)
Event: 5067.643 Thread 0x0000016a25ad03e0 nmethod 16890 0x0000016a31542e10 code [0x0000016a31542fc0, 0x0000016a31543310]
Event: 5067.796 Thread 0x0000016a25b4a2c0 16891       3       org.eclipse.core.internal.localstore.FileSystemResourceManager::updateLocalSync (27 bytes)
Event: 5067.796 Thread 0x0000016a25ad03e0 16892   !   4       org.eclipse.core.internal.localstore.RefreshLocalVisitor::visit (454 bytes)
Event: 5067.797 Thread 0x0000016a25b4a2c0 nmethod 16891 0x0000016a29647190 code [0x0000016a29647340, 0x0000016a29647738]
Event: 5067.856 Thread 0x0000016a25b4a2c0 16894   !   3       org.eclipse.jdt.internal.core.DeltaProcessor::traverseDelta (650 bytes)
Event: 5067.957 Thread 0x0000016a25b4a2c0 nmethod 16894 0x0000016a29154990 code [0x0000016a29154e80, 0x0000016a29157b60]
Event: 5067.958 Thread 0x0000016a25b4a2c0 16896       3       org.eclipse.core.internal.content.ContentTypeCatalog::lambda$0 (69 bytes)
Event: 5067.963 Thread 0x0000016a25b4a2c0 nmethod 16896 0x0000016a298dfe10 code [0x0000016a298e0040, 0x0000016a298e0680]
Event: 5067.971 Thread 0x0000016a25ad03e0 nmethod 16892 0x0000016a31543590 code [0x0000016a31543a00, 0x0000016a31544e70]
Event: 5067.972 Thread 0x0000016a25ad03e0 16893       4       org.eclipse.core.internal.localstore.UnifiedTree::addNodeChildrenToQueue (85 bytes)
Event: 5068.018 Thread 0x0000016a25ad03e0 nmethod 16893 0x0000016a31546190 code [0x0000016a31546360, 0x0000016a315466e8]

GC Heap History (20 events):
Event: 5056.327 GC heap before
{Heap before GC invocations=487 (full 4):
 PSYoungGen      total 1024K, used 687K [0x00000000d5580000, 0x00000000d5800000, 0x0000000100000000)
  eden space 512K, 99% used [0x00000000d5580000,0x00000000d55fffd8,0x00000000d5600000)
  from space 512K, 34% used [0x00000000d5600000,0x00000000d562c010,0x00000000d5680000)
  to   space 512K, 0% used [0x00000000d5780000,0x00000000d5780000,0x00000000d5800000)
 ParOldGen       total 225280K, used 225076K [0x0000000080000000, 0x000000008dc00000, 0x00000000d5580000)
  object space 225280K, 99% used [0x0000000080000000,0x000000008dbcd058,0x000000008dc00000)
 Metaspace       used 68839K, committed 70528K, reserved 1114112K
  class space    used 6875K, committed 7616K, reserved 1048576K
}
Event: 5058.647 GC heap after
{Heap after GC invocations=487 (full 4):
 PSYoungGen      total 1024K, used 96K [0x00000000d5580000, 0x00000000d5800000, 0x0000000100000000)
  eden space 512K, 0% used [0x00000000d5580000,0x00000000d5580000,0x00000000d5600000)
  from space 512K, 18% used [0x00000000d5780000,0x00000000d5798000,0x00000000d5800000)
  to   space 512K, 0% used [0x00000000d5600000,0x00000000d5600000,0x00000000d5680000)
 ParOldGen       total 225280K, used 225108K [0x0000000080000000, 0x000000008dc00000, 0x00000000d5580000)
  object space 225280K, 99% used [0x0000000080000000,0x000000008dbd5058,0x000000008dc00000)
 Metaspace       used 68839K, committed 70528K, reserved 1114112K
  class space    used 6875K, committed 7616K, reserved 1048576K
}
Event: 5062.959 GC heap before
{Heap before GC invocations=488 (full 4):
 PSYoungGen      total 1024K, used 607K [0x00000000d5580000, 0x00000000d5800000, 0x0000000100000000)
  eden space 512K, 99% used [0x00000000d5580000,0x00000000d55ffff8,0x00000000d5600000)
  from space 512K, 18% used [0x00000000d5780000,0x00000000d5798000,0x00000000d5800000)
  to   space 512K, 0% used [0x00000000d5600000,0x00000000d5600000,0x00000000d5680000)
 ParOldGen       total 225280K, used 225108K [0x0000000080000000, 0x000000008dc00000, 0x00000000d5580000)
  object space 225280K, 99% used [0x0000000080000000,0x000000008dbd5058,0x000000008dc00000)
 Metaspace       used 68848K, committed 70528K, reserved 1114112K
  class space    used 6875K, committed 7616K, reserved 1048576K
}
Event: 5063.010 GC heap after
{Heap after GC invocations=488 (full 4):
 PSYoungGen      total 1024K, used 128K [0x00000000d5580000, 0x00000000d5800000, 0x0000000100000000)
  eden space 512K, 0% used [0x00000000d5580000,0x00000000d5580000,0x00000000d5600000)
  from space 512K, 25% used [0x00000000d5600000,0x00000000d5620000,0x00000000d5680000)
  to   space 512K, 0% used [0x00000000d5780000,0x00000000d5780000,0x00000000d5800000)
 ParOldGen       total 225280K, used 225140K [0x0000000080000000, 0x000000008dc00000, 0x00000000d5580000)
  object space 225280K, 99% used [0x0000000080000000,0x000000008dbdd058,0x000000008dc00000)
 Metaspace       used 68848K, committed 70528K, reserved 1114112K
  class space    used 6875K, committed 7616K, reserved 1048576K
}
Event: 5063.518 GC heap before
{Heap before GC invocations=489 (full 4):
 PSYoungGen      total 1024K, used 640K [0x00000000d5580000, 0x00000000d5800000, 0x0000000100000000)
  eden space 512K, 100% used [0x00000000d5580000,0x00000000d5600000,0x00000000d5600000)
  from space 512K, 25% used [0x00000000d5600000,0x00000000d5620000,0x00000000d5680000)
  to   space 512K, 0% used [0x00000000d5780000,0x00000000d5780000,0x00000000d5800000)
 ParOldGen       total 225280K, used 225140K [0x0000000080000000, 0x000000008dc00000, 0x00000000d5580000)
  object space 225280K, 99% used [0x0000000080000000,0x000000008dbdd058,0x000000008dc00000)
 Metaspace       used 68848K, committed 70528K, reserved 1114112K
  class space    used 6875K, committed 7616K, reserved 1048576K
}
Event: 5063.523 GC heap after
{Heap after GC invocations=489 (full 4):
 PSYoungGen      total 1024K, used 160K [0x00000000d5580000, 0x00000000d5800000, 0x0000000100000000)
  eden space 512K, 0% used [0x00000000d5580000,0x00000000d5580000,0x00000000d5600000)
  from space 512K, 31% used [0x00000000d5780000,0x00000000d57a8000,0x00000000d5800000)
  to   space 512K, 0% used [0x00000000d5600000,0x00000000d5600000,0x00000000d5680000)
 ParOldGen       total 225280K, used 225212K [0x0000000080000000, 0x000000008dc00000, 0x00000000d5580000)
  object space 225280K, 99% used [0x0000000080000000,0x000000008dbef058,0x000000008dc00000)
 Metaspace       used 68848K, committed 70528K, reserved 1114112K
  class space    used 6875K, committed 7616K, reserved 1048576K
}
Event: 5065.961 GC heap before
{Heap before GC invocations=490 (full 4):
 PSYoungGen      total 1024K, used 671K [0x00000000d5580000, 0x00000000d5800000, 0x0000000100000000)
  eden space 512K, 99% used [0x00000000d5580000,0x00000000d55fffd0,0x00000000d5600000)
  from space 512K, 31% used [0x00000000d5780000,0x00000000d57a8000,0x00000000d5800000)
  to   space 512K, 0% used [0x00000000d5600000,0x00000000d5600000,0x00000000d5680000)
 ParOldGen       total 225280K, used 225212K [0x0000000080000000, 0x000000008dc00000, 0x00000000d5580000)
  object space 225280K, 99% used [0x0000000080000000,0x000000008dbef058,0x000000008dc00000)
 Metaspace       used 68849K, committed 70528K, reserved 1114112K
  class space    used 6875K, committed 7616K, reserved 1048576K
}
Event: 5065.986 GC heap after
{Heap after GC invocations=490 (full 4):
 PSYoungGen      total 1024K, used 224K [0x00000000d5580000, 0x00000000d5800000, 0x0000000100000000)
  eden space 512K, 0% used [0x00000000d5580000,0x00000000d5580000,0x00000000d5600000)
  from space 512K, 43% used [0x00000000d5600000,0x00000000d5638000,0x00000000d5680000)
  to   space 512K, 0% used [0x00000000d5780000,0x00000000d5780000,0x00000000d5800000)
 ParOldGen       total 225280K, used 225228K [0x0000000080000000, 0x000000008dc00000, 0x00000000d5580000)
  object space 225280K, 99% used [0x0000000080000000,0x000000008dbf3058,0x000000008dc00000)
 Metaspace       used 68849K, committed 70528K, reserved 1114112K
  class space    used 6875K, committed 7616K, reserved 1048576K
}
Event: 5066.675 GC heap before
{Heap before GC invocations=491 (full 4):
 PSYoungGen      total 1024K, used 735K [0x00000000d5580000, 0x00000000d5800000, 0x0000000100000000)
  eden space 512K, 99% used [0x00000000d5580000,0x00000000d55fffe8,0x00000000d5600000)
  from space 512K, 43% used [0x00000000d5600000,0x00000000d5638000,0x00000000d5680000)
  to   space 512K, 0% used [0x00000000d5780000,0x00000000d5780000,0x00000000d5800000)
 ParOldGen       total 225280K, used 225228K [0x0000000080000000, 0x000000008dc00000, 0x00000000d5580000)
  object space 225280K, 99% used [0x0000000080000000,0x000000008dbf3058,0x000000008dc00000)
 Metaspace       used 68849K, committed 70528K, reserved 1114112K
  class space    used 6875K, committed 7616K, reserved 1048576K
}
Event: 5066.695 GC heap after
{Heap after GC invocations=491 (full 4):
 PSYoungGen      total 1024K, used 128K [0x00000000d5580000, 0x00000000d5800000, 0x0000000100000000)
  eden space 512K, 0% used [0x00000000d5580000,0x00000000d5580000,0x00000000d5600000)
  from space 512K, 25% used [0x00000000d5780000,0x00000000d57a0000,0x00000000d5800000)
  to   space 512K, 0% used [0x00000000d5600000,0x00000000d5600000,0x00000000d5680000)
 ParOldGen       total 225792K, used 225324K [0x0000000080000000, 0x000000008dc80000, 0x00000000d5580000)
  object space 225792K, 99% used [0x0000000080000000,0x000000008dc0b058,0x000000008dc80000)
 Metaspace       used 68849K, committed 70528K, reserved 1114112K
  class space    used 6875K, committed 7616K, reserved 1048576K
}
Event: 5066.733 GC heap before
{Heap before GC invocations=492 (full 4):
 PSYoungGen      total 1024K, used 639K [0x00000000d5580000, 0x00000000d5800000, 0x0000000100000000)
  eden space 512K, 99% used [0x00000000d5580000,0x00000000d55ffff0,0x00000000d5600000)
  from space 512K, 25% used [0x00000000d5780000,0x00000000d57a0000,0x00000000d5800000)
  to   space 512K, 0% used [0x00000000d5600000,0x00000000d5600000,0x00000000d5680000)
 ParOldGen       total 225792K, used 225324K [0x0000000080000000, 0x000000008dc80000, 0x00000000d5580000)
  object space 225792K, 99% used [0x0000000080000000,0x000000008dc0b058,0x000000008dc80000)
 Metaspace       used 68850K, committed 70528K, reserved 1114112K
  class space    used 6875K, committed 7616K, reserved 1048576K
}
Event: 5066.740 GC heap after
{Heap after GC invocations=492 (full 4):
 PSYoungGen      total 1024K, used 160K [0x00000000d5580000, 0x00000000d5800000, 0x0000000100000000)
  eden space 512K, 0% used [0x00000000d5580000,0x00000000d5580000,0x00000000d5600000)
  from space 512K, 31% used [0x00000000d5600000,0x00000000d5628000,0x00000000d5680000)
  to   space 512K, 0% used [0x00000000d5780000,0x00000000d5780000,0x00000000d5800000)
 ParOldGen       total 225792K, used 225332K [0x0000000080000000, 0x000000008dc80000, 0x00000000d5580000)
  object space 225792K, 99% used [0x0000000080000000,0x000000008dc0d058,0x000000008dc80000)
 Metaspace       used 68850K, committed 70528K, reserved 1114112K
  class space    used 6875K, committed 7616K, reserved 1048576K
}
Event: 5067.130 GC heap before
{Heap before GC invocations=493 (full 4):
 PSYoungGen      total 1024K, used 672K [0x00000000d5580000, 0x00000000d5800000, 0x0000000100000000)
  eden space 512K, 100% used [0x00000000d5580000,0x00000000d5600000,0x00000000d5600000)
  from space 512K, 31% used [0x00000000d5600000,0x00000000d5628000,0x00000000d5680000)
  to   space 512K, 0% used [0x00000000d5780000,0x00000000d5780000,0x00000000d5800000)
 ParOldGen       total 225792K, used 225332K [0x0000000080000000, 0x000000008dc80000, 0x00000000d5580000)
  object space 225792K, 99% used [0x0000000080000000,0x000000008dc0d058,0x000000008dc80000)
 Metaspace       used 68851K, committed 70528K, reserved 1114112K
  class space    used 6875K, committed 7616K, reserved 1048576K
}
Event: 5067.188 GC heap after
{Heap after GC invocations=493 (full 4):
 PSYoungGen      total 1024K, used 128K [0x00000000d5580000, 0x00000000d5800000, 0x0000000100000000)
  eden space 512K, 0% used [0x00000000d5580000,0x00000000d5580000,0x00000000d5600000)
  from space 512K, 25% used [0x00000000d5780000,0x00000000d57a0000,0x00000000d5800000)
  to   space 512K, 0% used [0x00000000d5600000,0x00000000d5600000,0x00000000d5680000)
 ParOldGen       total 225792K, used 225348K [0x0000000080000000, 0x000000008dc80000, 0x00000000d5580000)
  object space 225792K, 99% used [0x0000000080000000,0x000000008dc11058,0x000000008dc80000)
 Metaspace       used 68851K, committed 70528K, reserved 1114112K
  class space    used 6875K, committed 7616K, reserved 1048576K
}
Event: 5067.651 GC heap before
{Heap before GC invocations=494 (full 4):
 PSYoungGen      total 1024K, used 640K [0x00000000d5580000, 0x00000000d5800000, 0x0000000100000000)
  eden space 512K, 100% used [0x00000000d5580000,0x00000000d5600000,0x00000000d5600000)
  from space 512K, 25% used [0x00000000d5780000,0x00000000d57a0000,0x00000000d5800000)
  to   space 512K, 0% used [0x00000000d5600000,0x00000000d5600000,0x00000000d5680000)
 ParOldGen       total 225792K, used 225348K [0x0000000080000000, 0x000000008dc80000, 0x00000000d5580000)
  object space 225792K, 99% used [0x0000000080000000,0x000000008dc11058,0x000000008dc80000)
 Metaspace       used 68851K, committed 70528K, reserved 1114112K
  class space    used 6875K, committed 7616K, reserved 1048576K
}
Event: 5067.656 GC heap after
{Heap after GC invocations=494 (full 4):
 PSYoungGen      total 1024K, used 128K [0x00000000d5580000, 0x00000000d5800000, 0x0000000100000000)
  eden space 512K, 0% used [0x00000000d5580000,0x00000000d5580000,0x00000000d5600000)
  from space 512K, 25% used [0x00000000d5600000,0x00000000d5620000,0x00000000d5680000)
  to   space 512K, 0% used [0x00000000d5780000,0x00000000d5780000,0x00000000d5800000)
 ParOldGen       total 225792K, used 225388K [0x0000000080000000, 0x000000008dc80000, 0x00000000d5580000)
  object space 225792K, 99% used [0x0000000080000000,0x000000008dc1b058,0x000000008dc80000)
 Metaspace       used 68851K, committed 70528K, reserved 1114112K
  class space    used 6875K, committed 7616K, reserved 1048576K
}
Event: 5067.752 GC heap before
{Heap before GC invocations=495 (full 4):
 PSYoungGen      total 1024K, used 640K [0x00000000d5580000, 0x00000000d5800000, 0x0000000100000000)
  eden space 512K, 100% used [0x00000000d5580000,0x00000000d5600000,0x00000000d5600000)
  from space 512K, 25% used [0x00000000d5600000,0x00000000d5620000,0x00000000d5680000)
  to   space 512K, 0% used [0x00000000d5780000,0x00000000d5780000,0x00000000d5800000)
 ParOldGen       total 225792K, used 225388K [0x0000000080000000, 0x000000008dc80000, 0x00000000d5580000)
  object space 225792K, 99% used [0x0000000080000000,0x000000008dc1b058,0x000000008dc80000)
 Metaspace       used 68851K, committed 70528K, reserved 1114112K
  class space    used 6875K, committed 7616K, reserved 1048576K
}
Event: 5067.755 GC heap after
{Heap after GC invocations=495 (full 4):
 PSYoungGen      total 1024K, used 128K [0x00000000d5580000, 0x00000000d5800000, 0x0000000100000000)
  eden space 512K, 0% used [0x00000000d5580000,0x00000000d5580000,0x00000000d5600000)
  from space 512K, 25% used [0x00000000d5780000,0x00000000d57a0000,0x00000000d5800000)
  to   space 512K, 0% used [0x00000000d5600000,0x00000000d5600000,0x00000000d5680000)
 ParOldGen       total 225792K, used 225412K [0x0000000080000000, 0x000000008dc80000, 0x00000000d5580000)
  object space 225792K, 99% used [0x0000000080000000,0x000000008dc21058,0x000000008dc80000)
 Metaspace       used 68851K, committed 70528K, reserved 1114112K
  class space    used 6875K, committed 7616K, reserved 1048576K
}
Event: 5067.812 GC heap before
{Heap before GC invocations=496 (full 4):
 PSYoungGen      total 1024K, used 640K [0x00000000d5580000, 0x00000000d5800000, 0x0000000100000000)
  eden space 512K, 100% used [0x00000000d5580000,0x00000000d5600000,0x00000000d5600000)
  from space 512K, 25% used [0x00000000d5780000,0x00000000d57a0000,0x00000000d5800000)
  to   space 512K, 0% used [0x00000000d5600000,0x00000000d5600000,0x00000000d5680000)
 ParOldGen       total 225792K, used 225412K [0x0000000080000000, 0x000000008dc80000, 0x00000000d5580000)
  object space 225792K, 99% used [0x0000000080000000,0x000000008dc21058,0x000000008dc80000)
 Metaspace       used 68851K, committed 70528K, reserved 1114112K
  class space    used 6875K, committed 7616K, reserved 1048576K
}
Event: 5067.819 GC heap after
{Heap after GC invocations=496 (full 4):
 PSYoungGen      total 1024K, used 128K [0x00000000d5580000, 0x00000000d5800000, 0x0000000100000000)
  eden space 512K, 0% used [0x00000000d5580000,0x00000000d5580000,0x00000000d5600000)
  from space 512K, 25% used [0x00000000d5600000,0x00000000d5620000,0x00000000d5680000)
  to   space 512K, 0% used [0x00000000d5780000,0x00000000d5780000,0x00000000d5800000)
 ParOldGen       total 225792K, used 225436K [0x0000000080000000, 0x000000008dc80000, 0x00000000d5580000)
  object space 225792K, 99% used [0x0000000080000000,0x000000008dc27058,0x000000008dc80000)
 Metaspace       used 68851K, committed 70528K, reserved 1114112K
  class space    used 6875K, committed 7616K, reserved 1048576K
}

Dll operation events (10 events):
Event: 0.015 Loaded shared library c:\Users\adnan\.antigravity\extensions\redhat.java-1.52.0-win32-x64\jre\21.0.9-win32-x86_64\bin\java.dll
Event: 0.357 Loaded shared library c:\Users\adnan\.antigravity\extensions\redhat.java-1.52.0-win32-x64\jre\21.0.9-win32-x86_64\bin\zip.dll
Event: 0.454 Loaded shared library C:\Users\adnan\.antigravity\extensions\redhat.java-1.52.0-win32-x64\jre\21.0.9-win32-x86_64\bin\instrument.dll
Event: 0.508 Loaded shared library C:\Users\adnan\.antigravity\extensions\redhat.java-1.52.0-win32-x64\jre\21.0.9-win32-x86_64\bin\net.dll
Event: 0.513 Loaded shared library C:\Users\adnan\.antigravity\extensions\redhat.java-1.52.0-win32-x64\jre\21.0.9-win32-x86_64\bin\nio.dll
Event: 0.519 Loaded shared library C:\Users\adnan\.antigravity\extensions\redhat.java-1.52.0-win32-x64\jre\21.0.9-win32-x86_64\bin\zip.dll
Event: 0.583 Loaded shared library C:\Users\adnan\.antigravity\extensions\redhat.java-1.52.0-win32-x64\jre\21.0.9-win32-x86_64\bin\jimage.dll
Event: 0.919 Loaded shared library c:\Users\adnan\.antigravity\extensions\redhat.java-1.52.0-win32-x64\jre\21.0.9-win32-x86_64\bin\verify.dll
Event: 15.417 Loaded shared library C:\Users\adnan\AppData\Roaming\Antigravity\User\globalStorage\redhat.java\1.52.0\config_win\org.eclipse.equinox.launcher\org.eclipse.equinox.launcher.win32.win32.x86_64_1.2.1500.v20260121-1430\eclipse_11919.dll
Event: 25.385 Loaded shared library C:\Users\adnan\AppData\Local\Temp\jna-92669464\jna16841321906107751923.dll

Deoptimization events (20 events):
Event: 3404.896 Thread 0x0000016a7f2a48a0 DEOPT PACKING pc=0x0000016a30c9a168 sp=0x0000000cebbfeed0
Event: 3404.899 Thread 0x0000016a7f2a48a0 DEOPT UNPACKING pc=0x0000016a30373aa2 sp=0x0000000cebbfee68 mode 2
Event: 3409.384 Thread 0x0000016a7f2a48a0 Uncommon trap: trap_request=0xffffff6e fr.pc=0x0000016a314d5d94 relative=0x0000000000004cd4
Event: 3409.384 Thread 0x0000016a7f2a48a0 Uncommon trap: reason=loop_limit_check action=maybe_recompile pc=0x0000016a314d5d94 method=org.eclipse.jdt.internal.compiler.lookup.BinaryTypeBinding.getMethods([C)[Lorg/eclipse/jdt/internal/compiler/lookup/MethodBinding; @ 227 c2
Event: 3409.385 Thread 0x0000016a7f2a48a0 DEOPT PACKING pc=0x0000016a314d5d94 sp=0x0000000cebbfe510
Event: 3409.386 Thread 0x0000016a7f2a48a0 DEOPT UNPACKING pc=0x0000016a30373aa2 sp=0x0000000cebbfe440 mode 2
Event: 3409.440 Thread 0x0000016a7f2a48a0 Uncommon trap: trap_request=0xfffffff6 fr.pc=0x0000016a30cca138 relative=0x0000000000001db8
Event: 3409.441 Thread 0x0000016a7f2a48a0 Uncommon trap: reason=null_check action=maybe_recompile pc=0x0000016a30cca138 method=org.eclipse.jdt.internal.compiler.ast.MessageSend.analyseCode(Lorg/eclipse/jdt/internal/compiler/lookup/BlockScope;Lorg/eclipse/jdt/internal/compiler/flow/FlowContext;Lor
Event: 3409.442 Thread 0x0000016a7f2a48a0 DEOPT PACKING pc=0x0000016a30cca138 sp=0x0000000cebbfd6b0
Event: 3409.444 Thread 0x0000016a7f2a48a0 DEOPT UNPACKING pc=0x0000016a30373aa2 sp=0x0000000cebbfd630 mode 2
Event: 3409.456 Thread 0x0000016a7f2a48a0 Uncommon trap: trap_request=0xfffffff6 fr.pc=0x0000016a30cca138 relative=0x0000000000001db8
Event: 3409.456 Thread 0x0000016a7f2a48a0 Uncommon trap: reason=null_check action=maybe_recompile pc=0x0000016a30cca138 method=org.eclipse.jdt.internal.compiler.ast.MessageSend.analyseCode(Lorg/eclipse/jdt/internal/compiler/lookup/BlockScope;Lorg/eclipse/jdt/internal/compiler/flow/FlowContext;Lor
Event: 3409.456 Thread 0x0000016a7f2a48a0 DEOPT PACKING pc=0x0000016a30cca138 sp=0x0000000cebbfd540
Event: 3409.457 Thread 0x0000016a7f2a48a0 DEOPT UNPACKING pc=0x0000016a30373aa2 sp=0x0000000cebbfd4c0 mode 2
Event: 3409.458 Thread 0x0000016a7f2a48a0 Uncommon trap: trap_request=0xfffffff6 fr.pc=0x0000016a30cca138 relative=0x0000000000001db8
Event: 3409.458 Thread 0x0000016a7f2a48a0 Uncommon trap: reason=null_check action=maybe_recompile pc=0x0000016a30cca138 method=org.eclipse.jdt.internal.compiler.ast.MessageSend.analyseCode(Lorg/eclipse/jdt/internal/compiler/lookup/BlockScope;Lorg/eclipse/jdt/internal/compiler/flow/FlowContext;Lor
Event: 3409.458 Thread 0x0000016a7f2a48a0 DEOPT PACKING pc=0x0000016a30cca138 sp=0x0000000cebbfd8d0
Event: 3409.458 Thread 0x0000016a7f2a48a0 DEOPT UNPACKING pc=0x0000016a30373aa2 sp=0x0000000cebbfd850 mode 2
Event: 3694.116 Thread 0x0000016a0e14cfc0 DEOPT PACKING pc=0x0000016a2aa83651 sp=0x0000000cec7fe920
Event: 3694.128 Thread 0x0000016a0e14cfc0 DEOPT UNPACKING pc=0x0000016a30374242 sp=0x0000000cec7fddc0 mode 0

Classes loaded (20 events):
Event: 73.364 Loading class java/lang/invoke/MethodHandleImpl$CountingWrapper$1
Event: 73.365 Loading class java/lang/invoke/MethodHandleImpl$CountingWrapper$1 done
Event: 330.218 Loading class java/util/stream/Nodes$CollectorTask$OfRef
Event: 330.240 Loading class java/util/stream/Nodes$CollectorTask
Event: 330.255 Loading class java/util/stream/Nodes$CollectorTask done
Event: 330.255 Loading class java/util/stream/Nodes$CollectorTask$OfRef done
Event: 330.261 Loading class java/util/function/LongFunction
Event: 330.266 Loading class java/util/function/LongFunction done
Event: 330.274 Loading class java/util/stream/Nodes$ConcNode
Event: 330.281 Loading class java/util/stream/Nodes$AbstractConcNode
Event: 330.286 Loading class java/util/stream/Nodes$AbstractConcNode done
Event: 330.286 Loading class java/util/stream/Nodes$ConcNode done
Event: 330.563 Loading class java/io/ObjectOutputStream$BlockDataOutputStream
Event: 330.566 Loading class java/io/ObjectOutputStream$BlockDataOutputStream done
Event: 330.567 Loading class java/io/ObjectOutputStream$HandleTable
Event: 330.568 Loading class java/io/ObjectOutputStream$HandleTable done
Event: 330.569 Loading class java/io/ObjectOutputStream$ReplaceTable
Event: 330.570 Loading class java/io/ObjectOutputStream$ReplaceTable done
Event: 2609.859 Loading class java/nio/BufferMismatch
Event: 2609.872 Loading class java/nio/BufferMismatch done

Classes unloaded (20 events):
Event: 2911.843 Thread 0x0000016a25abdd10 Unloading class 0x0000016a3e014800 'java/lang/invoke/LambdaForm$MH+0x0000016a3e014800'
Event: 2911.845 Thread 0x0000016a25abdd10 Unloading class 0x0000016a3e00d800 'java/lang/invoke/LambdaForm$MH+0x0000016a3e00d800'
Event: 2911.846 Thread 0x0000016a25abdd10 Unloading class 0x0000016a3e00d400 'java/lang/invoke/LambdaForm$MH+0x0000016a3e00d400'
Event: 2911.847 Thread 0x0000016a25abdd10 Unloading class 0x0000016a3e00d000 'java/lang/invoke/LambdaForm$MH+0x0000016a3e00d000'
Event: 2911.847 Thread 0x0000016a25abdd10 Unloading class 0x0000016a3e00cc00 'java/lang/invoke/LambdaForm$MH+0x0000016a3e00cc00'
Event: 2911.847 Thread 0x0000016a25abdd10 Unloading class 0x0000016a3e00c800 'java/lang/invoke/LambdaForm$BMH+0x0000016a3e00c800'
Event: 2911.847 Thread 0x0000016a25abdd10 Unloading class 0x0000016a3e00c000 'java/lang/invoke/LambdaForm$DMH+0x0000016a3e00c000'
Event: 2911.847 Thread 0x0000016a25abdd10 Unloading class 0x0000016a3e008c00 'java/lang/invoke/LambdaForm$MH+0x0000016a3e008c00'
Event: 2911.848 Thread 0x0000016a25abdd10 Unloading class 0x0000016a3e008800 'java/lang/invoke/LambdaForm$MH+0x0000016a3e008800'
Event: 2911.851 Thread 0x0000016a25abdd10 Unloading class 0x0000016a3e008400 'java/lang/invoke/LambdaForm$MH+0x0000016a3e008400'
Event: 2911.852 Thread 0x0000016a25abdd10 Unloading class 0x0000016a3e007000 'java/lang/invoke/LambdaForm$MH+0x0000016a3e007000'
Event: 2911.853 Thread 0x0000016a25abdd10 Unloading class 0x0000016a3e006800 'java/lang/invoke/LambdaForm$MH+0x0000016a3e006800'
Event: 2911.853 Thread 0x0000016a25abdd10 Unloading class 0x0000016a3e006400 'java/lang/invoke/LambdaForm$MH+0x0000016a3e006400'
Event: 2911.853 Thread 0x0000016a25abdd10 Unloading class 0x0000016a3e006000 'java/lang/invoke/LambdaForm$MH+0x0000016a3e006000'
Event: 2911.853 Thread 0x0000016a25abdd10 Unloading class 0x0000016a3e005c00 'java/lang/invoke/LambdaForm$BMH+0x0000016a3e005c00'
Event: 2911.853 Thread 0x0000016a25abdd10 Unloading class 0x0000016a3e004800 'java/lang/invoke/LambdaForm$DMH+0x0000016a3e004800'
Event: 2911.854 Thread 0x0000016a25abdd10 Unloading class 0x0000016a3e002400 'java/lang/invoke/LambdaForm$MH+0x0000016a3e002400'
Event: 2911.854 Thread 0x0000016a25abdd10 Unloading class 0x0000016a3e002000 'java/lang/invoke/LambdaForm$MH+0x0000016a3e002000'
Event: 2911.854 Thread 0x0000016a25abdd10 Unloading class 0x0000016a3e001800 'java/lang/invoke/LambdaForm$MH+0x0000016a3e001800'
Event: 2911.854 Thread 0x0000016a25abdd10 Unloading class 0x0000016a3e000400 'java/lang/invoke/LambdaForm$MH+0x0000016a3e000400'

Classes redefined (0 events):
No events

Internal exceptions (20 events):
Event: 2921.428 Thread 0x0000016a7f2a48a0 Exception <a 'java/lang/NullPointerException'{0x00000000d55afc60}> (0x00000000d55afc60) 
thrown [s\src\hotspot\share\runtime\sharedRuntime.cpp, line 625]
Event: 2921.428 Thread 0x0000016a7f2a48a0 Implicit null exception at 0x0000016a29f5541b to 0x0000016a29f58ae3
Event: 2921.428 Thread 0x0000016a7f2a48a0 Exception <a 'java/lang/NullPointerException'{0x00000000d55b1688}> (0x00000000d55b1688) 
thrown [s\src\hotspot\share\runtime\sharedRuntime.cpp, line 625]
Event: 2921.428 Thread 0x0000016a7f2a48a0 Implicit null exception at 0x0000016a29f5541b to 0x0000016a29f58ae3
Event: 2921.428 Thread 0x0000016a7f2a48a0 Exception <a 'java/lang/NullPointerException'{0x00000000d55b2608}> (0x00000000d55b2608) 
thrown [s\src\hotspot\share\runtime\sharedRuntime.cpp, line 625]
Event: 2921.429 Thread 0x0000016a7f2a48a0 Implicit null exception at 0x0000016a29f5541b to 0x0000016a29f58ae3
Event: 2921.429 Thread 0x0000016a7f2a48a0 Exception <a 'java/lang/NullPointerException'{0x00000000d55b3288}> (0x00000000d55b3288) 
thrown [s\src\hotspot\share\runtime\sharedRuntime.cpp, line 625]
Event: 2921.429 Thread 0x0000016a7f2a48a0 Implicit null exception at 0x0000016a29f5541b to 0x0000016a29f58ae3
Event: 2921.429 Thread 0x0000016a7f2a48a0 Exception <a 'java/lang/NullPointerException'{0x00000000d55b3e20}> (0x00000000d55b3e20) 
thrown [s\src\hotspot\share\runtime\sharedRuntime.cpp, line 625]
Event: 2921.430 Thread 0x0000016a7f2a48a0 Implicit null exception at 0x0000016a29f5541b to 0x0000016a29f58ae3
Event: 2921.430 Thread 0x0000016a7f2a48a0 Exception <a 'java/lang/NullPointerException'{0x00000000d55b47c8}> (0x00000000d55b47c8) 
thrown [s\src\hotspot\share\runtime\sharedRuntime.cpp, line 625]
Event: 3211.468 Thread 0x0000016a0e14cfc0 Exception <a 'sun/nio/fs/WindowsException'{0x00000000d5675a70}> (0x00000000d5675a70) 
thrown [s\src\hotspot\share\prims\jni.cpp, line 520]
Event: 3211.487 Thread 0x0000016a0e14cfc0 Exception <a 'sun/nio/fs/WindowsException'{0x00000000d5676348}> (0x00000000d5676348) 
thrown [s\src\hotspot\share\prims\jni.cpp, line 520]
Event: 3393.402 Thread 0x0000016a7f2a48a0 Exception <a 'sun/nio/fs/WindowsException'{0x00000000d558e7f0}> (0x00000000d558e7f0) 
thrown [s\src\hotspot\share\prims\jni.cpp, line 520]
Event: 3404.624 Thread 0x0000016a7f2a48a0 Exception <a 'sun/nio/fs/WindowsException'{0x00000000d5592288}> (0x00000000d5592288) 
thrown [s\src\hotspot\share\prims\jni.cpp, line 520]
Event: 3409.440 Thread 0x0000016a7f2a48a0 Implicit null exception at 0x0000016a30cc83c8 to 0x0000016a30cca128
Event: 3409.456 Thread 0x0000016a7f2a48a0 Implicit null exception at 0x0000016a30cc83c8 to 0x0000016a30cca128
Event: 3409.458 Thread 0x0000016a7f2a48a0 Implicit null exception at 0x0000016a30cc83c8 to 0x0000016a30cca128
Event: 3694.483 Thread 0x0000016a0e14cfc0 Exception <a 'sun/nio/fs/WindowsException'{0x00000000d55f4400}> (0x00000000d55f4400) 
thrown [s\src\hotspot\share\prims\jni.cpp, line 520]
Event: 3694.530 Thread 0x0000016a0e14cfc0 Exception <a 'sun/nio/fs/WindowsException'{0x00000000d55f4f28}> (0x00000000d55f4f28) 
thrown [s\src\hotspot\share\prims\jni.cpp, line 520]

ZGC Phase Switch (0 events):
No events

VM Operations (20 events):
Event: 5062.958 Executing VM operation: ParallelGCFailedAllocation (Allocation Failure)
Event: 5063.010 Executing VM operation: ParallelGCFailedAllocation (Allocation Failure) done
Event: 5063.518 Executing VM operation: ParallelGCFailedAllocation (Allocation Failure)
Event: 5063.523 Executing VM operation: ParallelGCFailedAllocation (Allocation Failure) done
Event: 5065.528 Executing VM operation: Cleanup
Event: 5065.528 Executing VM operation: Cleanup done
Event: 5065.961 Executing VM operation: ParallelGCFailedAllocation (Allocation Failure)
Event: 5065.986 Executing VM operation: ParallelGCFailedAllocation (Allocation Failure) done
Event: 5066.675 Executing VM operation: ParallelGCFailedAllocation (Allocation Failure)
Event: 5066.695 Executing VM operation: ParallelGCFailedAllocation (Allocation Failure) done
Event: 5066.732 Executing VM operation: ParallelGCFailedAllocation (Allocation Failure)
Event: 5066.740 Executing VM operation: ParallelGCFailedAllocation (Allocation Failure) done
Event: 5067.130 Executing VM operation: ParallelGCFailedAllocation (Allocation Failure)
Event: 5067.188 Executing VM operation: ParallelGCFailedAllocation (Allocation Failure) done
Event: 5067.462 Executing VM operation: ParallelGCFailedAllocation (Allocation Failure)
Event: 5067.657 Executing VM operation: ParallelGCFailedAllocation (Allocation Failure) done
Event: 5067.752 Executing VM operation: ParallelGCFailedAllocation (Allocation Failure)
Event: 5067.755 Executing VM operation: ParallelGCFailedAllocation (Allocation Failure) done
Event: 5067.812 Executing VM operation: ParallelGCFailedAllocation (Allocation Failure)
Event: 5067.819 Executing VM operation: ParallelGCFailedAllocation (Allocation Failure) done

Memory protections (0 events):
No events

Nmethod flushes (20 events):
Event: 2915.100 Thread 0x0000016a25abdd10 flushing  nmethod 0x0000016a29f92710
Event: 2915.100 Thread 0x0000016a25abdd10 flushing  nmethod 0x0000016a29fa6990
Event: 2915.100 Thread 0x0000016a25abdd10 flushing  nmethod 0x0000016a29fac590
Event: 2915.100 Thread 0x0000016a25abdd10 flushing osr nmethod 0x0000016a29fcf710
Event: 2915.101 Thread 0x0000016a25abdd10 flushing  nmethod 0x0000016a29fdfc10
Event: 2915.101 Thread 0x0000016a25abdd10 flushing  nmethod 0x0000016a2a01a810
Event: 2915.101 Thread 0x0000016a25abdd10 flushing  nmethod 0x0000016a2a03b090
Event: 2915.101 Thread 0x0000016a25abdd10 flushing  nmethod 0x0000016a2a04b310
Event: 2915.101 Thread 0x0000016a25abdd10 flushing  nmethod 0x0000016a2a058910
Event: 2915.102 Thread 0x0000016a25abdd10 flushing  nmethod 0x0000016a2a090290
Event: 2915.102 Thread 0x0000016a25abdd10 flushing  nmethod 0x0000016a2a0d6a10
Event: 2915.102 Thread 0x0000016a25abdd10 flushing  nmethod 0x0000016a2a129f90
Event: 2915.102 Thread 0x0000016a25abdd10 flushing  nmethod 0x0000016a2a165410
Event: 2915.102 Thread 0x0000016a25abdd10 flushing  nmethod 0x0000016a2a167010
Event: 2915.102 Thread 0x0000016a25abdd10 flushing  nmethod 0x0000016a2a170b10
Event: 2915.103 Thread 0x0000016a25abdd10 flushing osr nmethod 0x0000016a2a173690
Event: 2915.104 Thread 0x0000016a25abdd10 flushing  nmethod 0x0000016a2a199f10
Event: 2915.105 Thread 0x0000016a25abdd10 flushing  nmethod 0x0000016a2a1be290
Event: 2915.105 Thread 0x0000016a25abdd10 flushing  nmethod 0x0000016a2a1c1b90
Event: 2915.106 Thread 0x0000016a25abdd10 flushing  nmethod 0x0000016a2a1e0e90

Events (20 events):
Event: 3211.605 Thread 0x0000016a7f59b320 Thread exited: 0x0000016a7f59b320
Event: 3217.756 Thread 0x0000016a0e14aef0 Thread exited: 0x0000016a0e14aef0
Event: 3220.251 Thread 0x0000016a7f59a600 Thread exited: 0x0000016a7f59a600
Event: 3220.307 Thread 0x0000016a7f595dd0 Thread exited: 0x0000016a7f595dd0
Event: 3220.309 Thread 0x0000016a0e14bc10 Thread exited: 0x0000016a0e14bc10
Event: 3393.273 Thread 0x0000016a0e14cfc0 Thread added: 0x0000016a7f597810
Event: 3393.330 Thread 0x0000016a0e14b580 Thread added: 0x0000016a7f5998e0
Event: 3393.426 Thread 0x0000016a7f597810 Thread added: 0x0000016a7f59b320
Event: 3394.352 Thread 0x0000016a0e14b580 Thread added: 0x0000016a7f599f70
Event: 3395.729 Thread 0x0000016a0e14b580 Thread added: 0x0000016a7f595740
Event: 3456.862 Thread 0x0000016a7f599f70 Thread exited: 0x0000016a7f599f70
Event: 3464.202 Thread 0x0000016a0e14b580 Thread exited: 0x0000016a0e14b580
Event: 3464.704 Thread 0x0000016a7f597810 Thread exited: 0x0000016a7f597810
Event: 3693.894 Thread 0x0000016a0e14cfc0 Thread added: 0x0000016a7f59cd60
Event: 3693.984 Thread 0x0000016a7f59cd60 Thread exited: 0x0000016a7f59cd60
Event: 3694.647 Thread 0x0000016a0e14cfc0 Thread added: 0x0000016a7f597810
Event: 3694.664 Thread 0x0000016a7f597810 Thread exited: 0x0000016a7f597810
Event: 3695.783 Thread 0x0000016a7f595740 Thread exited: 0x0000016a7f595740
Event: 3695.809 Thread 0x0000016a7f5998e0 Thread exited: 0x0000016a7f5998e0
Event: 5065.339 Thread 0x0000016a0e14cfc0 Thread added: 0x0000016a7f595740


Dynamic libraries:
0x00007ff76a630000 - 0x00007ff76a63e000 	c:\Users\adnan\.antigravity\extensions\redhat.java-1.52.0-win32-x64\jre\21.0.9-win32-x86_64\bin\java.exe
0x00007ff8297d0000 - 0x00007ff8299c8000 	C:\Windows\SYSTEM32\ntdll.dll
0x00007ff828cd0000 - 0x00007ff828d92000 	C:\Windows\System32\KERNEL32.DLL
0x00007ff8274f0000 - 0x00007ff8277e6000 	C:\Windows\System32\KERNELBASE.dll
0x00007ff827000000 - 0x00007ff827100000 	C:\Windows\System32\ucrtbase.dll
0x00007ffff11f0000 - 0x00007ffff1208000 	c:\Users\adnan\.antigravity\extensions\redhat.java-1.52.0-win32-x64\jre\21.0.9-win32-x86_64\bin\jli.dll
0x00007ff8282a0000 - 0x00007ff828441000 	C:\Windows\System32\USER32.dll
0x00007ff8273a0000 - 0x00007ff8273c2000 	C:\Windows\System32\win32u.dll
0x00007ff828e00000 - 0x00007ff828e2b000 	C:\Windows\System32\GDI32.dll
0x00007ff8273d0000 - 0x00007ff8274e9000 	C:\Windows\System32\gdi32full.dll
0x00007ff826e60000 - 0x00007ff826efd000 	C:\Windows\System32\msvcp_win.dll
0x00007ffff11d0000 - 0x00007ffff11ee000 	c:\Users\adnan\.antigravity\extensions\redhat.java-1.52.0-win32-x64\jre\21.0.9-win32-x86_64\bin\VCRUNTIME140.dll
0x00007ff8127b0000 - 0x00007ff812a4b000 	C:\Windows\WinSxS\amd64_microsoft.windows.common-controls_6595b64144ccf1df_6.0.19041.6456_none_60b8a6cb71f64256\COMCTL32.dll
0x00007ff828e30000 - 0x00007ff828ece000 	C:\Windows\System32\msvcrt.dll
0x00007ff828ed0000 - 0x00007ff828eff000 	C:\Windows\System32\IMM32.DLL
0x00007ff811a60000 - 0x00007ff811a6c000 	c:\Users\adnan\.antigravity\extensions\redhat.java-1.52.0-win32-x64\jre\21.0.9-win32-x86_64\bin\vcruntime140_1.dll
0x00007fffeba40000 - 0x00007fffebacd000 	c:\Users\adnan\.antigravity\extensions\redhat.java-1.52.0-win32-x64\jre\21.0.9-win32-x86_64\bin\msvcp140.dll
0x00007fffb08c0000 - 0x00007fffb1660000 	c:\Users\adnan\.antigravity\extensions\redhat.java-1.52.0-win32-x64\jre\21.0.9-win32-x86_64\bin\server\jvm.dll
0x00007ff827c10000 - 0x00007ff827cc1000 	C:\Windows\System32\ADVAPI32.dll
0x00007ff828c30000 - 0x00007ff828ccf000 	C:\Windows\System32\sechost.dll
0x00007ff828f60000 - 0x00007ff829080000 	C:\Windows\System32\RPCRT4.dll
0x00007ff826f80000 - 0x00007ff826fa7000 	C:\Windows\System32\bcrypt.dll
0x00007ff829690000 - 0x00007ff8296fb000 	C:\Windows\System32\WS2_32.dll
0x00007ff8263a0000 - 0x00007ff8263eb000 	C:\Windows\SYSTEM32\POWRPROF.dll
0x00007ff813a10000 - 0x00007ff813a37000 	C:\Windows\SYSTEM32\WINMM.dll
0x00007ff8208a0000 - 0x00007ff8208aa000 	C:\Windows\SYSTEM32\VERSION.dll
0x00007ff826260000 - 0x00007ff826272000 	C:\Windows\SYSTEM32\UMPDC.dll
0x00007ff825670000 - 0x00007ff825682000 	C:\Windows\SYSTEM32\kernel.appcore.dll
0x00007ff808020000 - 0x00007ff80802a000 	c:\Users\adnan\.antigravity\extensions\redhat.java-1.52.0-win32-x64\jre\21.0.9-win32-x86_64\bin\jimage.dll
0x00007ff824ba0000 - 0x00007ff824da1000 	C:\Windows\SYSTEM32\DBGHELP.DLL
0x00007ff80fdf0000 - 0x00007ff80fe24000 	C:\Windows\SYSTEM32\dbgcore.DLL
0x00007ff827100000 - 0x00007ff827182000 	C:\Windows\System32\bcryptPrimitives.dll
0x00007ff802620000 - 0x00007ff80262f000 	c:\Users\adnan\.antigravity\extensions\redhat.java-1.52.0-win32-x64\jre\21.0.9-win32-x86_64\bin\instrument.dll
0x00007ffff6920000 - 0x00007ffff6940000 	c:\Users\adnan\.antigravity\extensions\redhat.java-1.52.0-win32-x64\jre\21.0.9-win32-x86_64\bin\java.dll
0x00007ff8284c0000 - 0x00007ff828c30000 	C:\Windows\System32\SHELL32.dll
0x00007ff824eb0000 - 0x00007ff825655000 	C:\Windows\SYSTEM32\windows.storage.dll
0x00007ff827cd0000 - 0x00007ff828024000 	C:\Windows\System32\combase.dll
0x00007ff826890000 - 0x00007ff8268bb000 	C:\Windows\SYSTEM32\Wldp.dll
0x00007ff8277f0000 - 0x00007ff8278bd000 	C:\Windows\System32\OLEAUT32.dll
0x00007ff828040000 - 0x00007ff8280ed000 	C:\Windows\System32\SHCORE.dll
0x00007ff828da0000 - 0x00007ff828dfb000 	C:\Windows\System32\shlwapi.dll
0x00007ff826d90000 - 0x00007ff826db4000 	C:\Windows\SYSTEM32\profapi.dll
0x00007ffff2140000 - 0x00007ffff2158000 	c:\Users\adnan\.antigravity\extensions\redhat.java-1.52.0-win32-x64\jre\21.0.9-win32-x86_64\bin\zip.dll
0x00007ffffa090000 - 0x00007ffffa0a0000 	C:\Users\adnan\.antigravity\extensions\redhat.java-1.52.0-win32-x64\jre\21.0.9-win32-x86_64\bin\net.dll
0x00007ff820430000 - 0x00007ff82053a000 	C:\Windows\SYSTEM32\WINHTTP.dll
0x00007ff8265f0000 - 0x00007ff82665a000 	C:\Windows\system32\mswsock.dll
0x00007fffca750000 - 0x00007fffca766000 	C:\Users\adnan\.antigravity\extensions\redhat.java-1.52.0-win32-x64\jre\21.0.9-win32-x86_64\bin\nio.dll
0x00007fffca740000 - 0x00007fffca750000 	c:\Users\adnan\.antigravity\extensions\redhat.java-1.52.0-win32-x64\jre\21.0.9-win32-x86_64\bin\verify.dll
0x00007fffca7e0000 - 0x00007fffca825000 	C:\Users\adnan\AppData\Roaming\Antigravity\User\globalStorage\redhat.java\1.52.0\config_win\org.eclipse.equinox.launcher\org.eclipse.equinox.launcher.win32.win32.x86_64_1.2.1500.v20260121-1430\eclipse_11919.dll
0x00007ff828170000 - 0x00007ff82829b000 	C:\Windows\System32\ole32.dll
0x00007ff8267e0000 - 0x00007ff8267f8000 	C:\Windows\SYSTEM32\CRYPTSP.dll
0x00007ff825ea0000 - 0x00007ff825ed8000 	C:\Windows\system32\rsaenh.dll
0x00007ff826d50000 - 0x00007ff826d7e000 	C:\Windows\SYSTEM32\USERENV.dll
0x00007ff826800000 - 0x00007ff82680c000 	C:\Windows\SYSTEM32\CRYPTBASE.dll
0x00007ff826280000 - 0x00007ff8262bb000 	C:\Windows\SYSTEM32\IPHLPAPI.DLL
0x00007ff8278c0000 - 0x00007ff8278c8000 	C:\Windows\System32\NSI.dll
0x00007fffb9cd0000 - 0x00007fffb9d19000 	C:\Users\adnan\AppData\Local\Temp\jna-92669464\jna16841321906107751923.dll
0x00007ff8284b0000 - 0x00007ff8284b8000 	C:\Windows\System32\PSAPI.DLL
0x00007ff81e440000 - 0x00007ff81e457000 	C:\Windows\SYSTEM32\dhcpcsvc6.DLL
0x00007ff81eea0000 - 0x00007ff81eebd000 	C:\Windows\SYSTEM32\dhcpcsvc.DLL

JVMTI agents:
c:\Users\adnan\.antigravity\extensions\redhat.java-1.52.0-win32-x64\lombok\lombok-1.18.39-4050.jar path:c:\Users\adnan\.antigravity\extensions\redhat.java-1.52.0-win32-x64\jre\21.0.9-win32-x86_64\bin\instrument.dll, loaded, initialized, instrumentlib options:none

dbghelp: loaded successfully - version: 4.0.5 - missing functions: none
symbol engine: initialized successfully - sym options: 0x614 - pdb path: .;c:\Users\adnan\.antigravity\extensions\redhat.java-1.52.0-win32-x64\jre\21.0.9-win32-x86_64\bin;C:\Windows\SYSTEM32;C:\Windows\WinSxS\amd64_microsoft.windows.common-controls_6595b64144ccf1df_6.0.19041.6456_none_60b8a6cb71f64256;c:\Users\adnan\.antigravity\extensions\redhat.java-1.52.0-win32-x64\jre\21.0.9-win32-x86_64\bin\server;C:\Users\adnan\AppData\Roaming\Antigravity\User\globalStorage\redhat.java\1.52.0\config_win\org.eclipse.equinox.launcher\org.eclipse.equinox.launcher.win32.win32.x86_64_1.2.1500.v20260121-1430;C:\Users\adnan\AppData\Local\Temp\jna-92669464

VM Arguments:
jvm_args: --add-modules=ALL-SYSTEM --add-opens=java.base/java.util=ALL-UNNAMED --add-opens=java.base/java.lang=ALL-UNNAMED --add-opens=java.base/sun.nio.fs=ALL-UNNAMED -Declipse.application=org.eclipse.jdt.ls.core.id1 -Dosgi.bundles.defaultStartLevel=4 -Declipse.product=org.eclipse.jdt.ls.core.product -Djava.import.generatesMetadataFilesAtProjectRoot=false -DDetectVMInstallationsJob.disabled=true -Dfile.encoding=utf8 -XX:+UseParallelGC -XX:GCTimeRatio=4 -XX:AdaptiveSizePolicyWeight=90 -Dsun.zip.disableMemoryMapping=true -Xmx2G -Xms100m -Xlog:disable -javaagent:c:\Users\adnan\.antigravity\extensions\redhat.java-1.52.0-win32-x64\lombok\lombok-1.18.39-4050.jar -XX:+HeapDumpOnOutOfMemoryError -XX:HeapDumpPath=c:\Users\adnan\AppData\Roaming\Antigravity\User\workspaceStorage\890d0cec61c49a827beda7992749389d\redhat.java -Daether.dependencyCollector.impl=bf 
java_command: c:\Users\adnan\.antigravity\extensions\redhat.java-1.52.0-win32-x64\server\plugins\org.eclipse.equinox.launcher_1.7.100.v20251111-0406.jar -configuration c:\Users\adnan\AppData\Roaming\Antigravity\User\globalStorage\redhat.java\1.52.0\config_win -data c:\Users\adnan\AppData\Roaming\Antigravity\User\workspaceStorage\890d0cec61c49a827beda7992749389d\redhat.java\jdt_ws --pipe=\\.\pipe\lsp-cceb340e8412504e91824c9e804b8481-sock
java_class_path (initial): c:\Users\adnan\.antigravity\extensions\redhat.java-1.52.0-win32-x64\server\plugins\org.eclipse.equinox.launcher_1.7.100.v20251111-0406.jar
Launcher Type: SUN_STANDARD

[Global flags]
    uintx AdaptiveSizePolicyWeight                 = 90                                        {product} {command line}
     intx CICompilerCount                          = 3                                         {product} {ergonomic}
    uintx GCTimeRatio                              = 4                                         {product} {command line}
     bool HeapDumpOnOutOfMemoryError               = true                                   {manageable} {command line}
    ccstr HeapDumpPath                             = c:\Users\adnan\AppData\Roaming\Antigravity\User\workspaceStorage\890d0cec61c49a827beda7992749389d\redhat.java         {manageable} {command line}
   size_t InitialHeapSize                          = 104857600                                 {product} {command line}
   size_t MaxHeapSize                              = 2147483648                                {product} {command line}
   size_t MaxNewSize                               = 715653120                                 {product} {ergonomic}
   size_t MinHeapDeltaBytes                        = 524288                                    {product} {ergonomic}
   size_t MinHeapSize                              = 104857600                                 {product} {command line}
   size_t NewSize                                  = 34603008                                  {product} {ergonomic}
    uintx NonNMethodCodeHeapSize                   = 5832780                                {pd product} {ergonomic}
    uintx NonProfiledCodeHeapSize                  = 122912730                              {pd product} {ergonomic}
   size_t OldSize                                  = 70254592                                  {product} {ergonomic}
    uintx ProfiledCodeHeapSize                     = 122912730                              {pd product} {ergonomic}
    uintx ReservedCodeCacheSize                    = 251658240                              {pd product} {ergonomic}
     bool SegmentedCodeCache                       = true                                      {product} {ergonomic}
   size_t SoftMaxHeapSize                          = 2147483648                             {manageable} {ergonomic}
     bool UseCompressedOops                        = true                           {product lp64_product} {ergonomic}
     bool UseLargePagesIndividualAllocation        = false                                  {pd product} {ergonomic}
     bool UseParallelGC                            = true                                      {product} {command line}

Logging:
Log output configuration:
 #0: stdout all=off uptime,level,tags foldmultilines=false
 #1: stderr all=off uptime,level,tags foldmultilines=false

Release file:
JAVA_VERSION="21.0.9" 
MODULES="java.base java.compiler java.datatransfer java.xml java.prefs java.desktop java.instrument java.logging java.management java.security.sasl java.naming java.rmi java.management.rmi java.net.http java.scripting java.security.jgss java.transaction.xa java.sql java.sql.rowset java.xml.crypto java.se java.smartcardio jdk.accessibility jdk.internal.jvmstat jdk.attach jdk.charsets jdk.internal.opt jdk.zipfs jdk.compiler jdk.crypto.ec jdk.crypto.cryptoki jdk.crypto.mscapi jdk.dynalink jdk.internal.ed jdk.editpad jdk.hotspot.agent jdk.httpserver jdk.internal.le jdk.internal.vm.ci jdk.internal.vm.compiler jdk.internal.vm.compiler.management jdk.jartool jdk.javadoc jdk.jcmd jdk.management jdk.management.agent jdk.jconsole jdk.jdeps jdk.jdwp.agent jdk.jdi jdk.jfr jdk.jshell jdk.jsobject jdk.jstatd jdk.localedata jdk.management.jfr jdk.naming.dns jdk.naming.rmi jdk.net jdk.nio.mapmode jdk.random jdk.sctp jdk.security.auth jdk.security.jgss jdk.unsupported jdk.unsupported.desktop jdk.xml.dom" 

Environment Variables:
JAVA_HOME=C:\Program Files\Java\jdk-25.0.2
PATH=C:\Program Files\Common Files\Oracle\Java\javapath;C:\Program Files (x86)\Common Files\Oracle\Java\java8path;C:\Program Files (x86)\Common Files\Oracle\Java\javapath;C:\Windows\system32;C:\Windows;C:\Windows\System32\Wbem;C:\Windows\System32\WindowsPowerShell\v1.0\;C:\Windows\System32\OpenSSH\;C:\Program Files\Java\jdk-25.0.2\bin;C:\Program Files\Git\cmd;C:\Program Files\MySQL\MySQL Shell 8.0\bin\;C:\Users\adnan\AppData\Local\Microsoft\WindowsApps;C:\Users\adnan\AppData\Local\Programs\Antigravity\bin
USERNAME=adnan
OS=Windows_NT
PROCESSOR_IDENTIFIER=Intel64 Family 6 Model 142 Stepping 9, GenuineIntel
TMP=C:\Users\adnan\AppData\Local\Temp
TEMP=C:\Users\adnan\AppData\Local\Temp




Periodic native trim disabled

---------------  S Y S T E M  ---------------

OS:
 Windows 10 , 64 bit Build 19041 (10.0.19041.5915)
OS uptime: 0 days 1:33 hours

CPU: total 4 (initial active 4) (2 cores per cpu, 2 threads per core) family 6 model 142 stepping 9 microcode 0xb4, cx8, cmov, fxsr, ht, mmx, 3dnowpref, sse, sse2, sse3, ssse3, sse4.1, sse4.2, popcnt, lzcnt, tsc, tscinvbit, avx, avx2, aes, erms, clmul, bmi1, bmi2, adx, fma, vzeroupper, clflush, clflushopt, rdtscp, f16c
Processor Information for processor 0
  Max Mhz: 2304, Current Mhz: 1402, Mhz Limit: 2304
Processor Information for processor 1
  Max Mhz: 2304, Current Mhz: 2304, Mhz Limit: 2304
Processor Information for processor 2
  Max Mhz: 2304, Current Mhz: 2304, Mhz Limit: 2304
Processor Information for processor 3
  Max Mhz: 2304, Current Mhz: 1402, Mhz Limit: 2304

Memory: 4k page, system-wide physical 3975M (105M free)
TotalPageFile size 16263M (AvailPageFile size 2M)
current process WorkingSet (physical memory assigned to process): 80M, peak: 327M
current process commit charge ("private bytes"): 533M, peak: 812M

vm_info: OpenJDK 64-Bit Server VM (21.0.9+10-LTS) for windows-amd64 JRE (21.0.9+10-LTS), built on 2025-10-21T00:00:00Z by "admin" with unknown MS VC++:1942

END.
