#
# There is insufficient memory for the Java Runtime Environment to continue.
# Native memory allocation (mmap) failed to map 199229440 bytes. Error detail: G1 virtual space
# Possible reasons:
#   The system is out of physical RAM or swap space
#   This process is running with CompressedOops enabled, and the Java Heap may be blocking the growth of the native heap
# Possible solutions:
#   Reduce memory load on the system
#   Increase physical memory or swap space
#   Check if swap backing store is full
#   Decrease Java heap size (-Xmx/-Xms)
#   Decrease number of Java threads
#   Decrease Java thread stack sizes (-Xss)
#   Set larger code cache with -XX:ReservedCodeCacheSize=
#   JVM is running with Unscaled Compressed Oops mode in which the Java heap is
#     placed in the first 4GB address space. The Java Heap base address is the
#     maximum limit for the native heap growth. Please use -XX:HeapBaseMinAddress
#     to set the Java Heap base and to place the Java Heap above 4GB virtual address.
# This output file may be truncated or incomplete.
#
#  Out of Memory Error (os_windows.cpp:3554), pid=11836, tid=7040
#
# JRE version: Java(TM) SE Runtime Environment (25.0.2+10) (build 25.0.2+10-LTS-69)
# Java VM: Java HotSpot(TM) 64-Bit Server VM (25.0.2+10-LTS-69, mixed mode, emulated-client, sharing, tiered, compressed oops, compressed class ptrs, g1 gc, windows-amd64)
# No core dump will be written. Minidumps are not enabled by default on client versions of Windows
#

---------------  S U M M A R Y ------------

Command Line: -XX:TieredStopAtLevel=1 com.codeforce.CodeForceApplication

Host: Intel(R) Core(TM) i3-7020U CPU @ 2.30GHz, 4 cores, 3G,  Windows 10 , 64 bit Build 19041 (10.0.19041.5915)
Time: Tue Mar 24 15:35:54 2026 India Standard Time elapsed time: 3818.636747 seconds (0d 1h 3m 38s)

---------------  T H R E A D  ---------------

Current thread (0x000002420bff72e0):  VMThread "VM Thread"          [id=7040, stack(0x0000004e11600000,0x0000004e11700000) (1024K)]

Stack: [0x0000004e11600000,0x0000004e11700000]
Native frames: (J=compiled Java code, j=interpreted, Vv=VM code, C=native code)
V  [jvm.dll+0x7a70f9]  (no source info available)
V  [jvm.dll+0x772d6d]  (no source info available)
V  [jvm.dll+0x965d53]  (no source info available)
V  [jvm.dll+0x968351]  (no source info available)
V  [jvm.dll+0x968a63]  (no source info available)
V  [jvm.dll+0x2fc846]  (no source info available)
V  [jvm.dll+0x7a3325]  (no source info available)
V  [jvm.dll+0x796737]  (no source info available)
V  [jvm.dll+0x3f4988]  (no source info available)
V  [jvm.dll+0x3fc8d6]  (no source info available)
V  [jvm.dll+0x3e8f7e]  (no source info available)
V  [jvm.dll+0x3e9238]  (no source info available)
V  [jvm.dll+0x3c0145]  (no source info available)
V  [jvm.dll+0x3c01da]  (no source info available)
V  [jvm.dll+0x40d5f6]  (no source info available)
V  [jvm.dll+0x40bf1b]  (no source info available)
V  [jvm.dll+0x3bf887]  (no source info available)
V  [jvm.dll+0x40b2ff]  (no source info available)
V  [jvm.dll+0x96ecc1]  (no source info available)
V  [jvm.dll+0x96ffdd]  (no source info available)
V  [jvm.dll+0x970559]  (no source info available)
V  [jvm.dll+0x970803]  (no source info available)
V  [jvm.dll+0x906fcd]  (no source info available)
V  [jvm.dll+0x7a56d5]  (no source info available)
C  [ucrtbase.dll+0x21bb2]  (no source info available)
C  [KERNEL32.DLL+0x17374]  (no source info available)
C  [ntdll.dll+0x4cc91]  (no source info available)

VM_Operation (0x0000004e126fe230): G1CollectForAllocation, mode: safepoint, requested by thread 0x0000024227248850


---------------  P R O C E S S  ---------------

Threads class SMR info:
_java_thread_list=0x0000024221413660, length=19, elements={
0x000002420c0073d0, 0x000002420c0083b0, 0x000002420c00a9f0, 0x000002420c00b5b0,
0x000002420c00c170, 0x000002420c00d4d0, 0x000002420bf6e670, 0x000002421aeed5e0,
0x000002421af71ce0, 0x00000242205f6c50, 0x00000242219db930, 0x0000024227249020,
0x0000024221be2510, 0x0000024221bdf630, 0x000002421fb58ad0, 0x0000024227248080,
0x00000242272497f0, 0x00000242272478b0, 0x0000024227248850
}

Java Threads: ( => current thread )
  0x000002420c0073d0 JavaThread "Reference Handler"          daemon [_thread_blocked, id=17908, stack(0x0000004e11700000,0x0000004e11800000) (1024K)]
  0x000002420c0083b0 JavaThread "Finalizer"                  daemon [_thread_blocked, id=18000, stack(0x0000004e11800000,0x0000004e11900000) (1024K)]
  0x000002420c00a9f0 JavaThread "Signal Dispatcher"          daemon [_thread_blocked, id=6432, stack(0x0000004e11900000,0x0000004e11a00000) (1024K)]
  0x000002420c00b5b0 JavaThread "Attach Listener"            daemon [_thread_blocked, id=17024, stack(0x0000004e11a00000,0x0000004e11b00000) (1024K)]
  0x000002420c00c170 JavaThread "Service Thread"             daemon [_thread_blocked, id=17180, stack(0x0000004e11b00000,0x0000004e11c00000) (1024K)]
  0x000002420c00d4d0 JavaThread "Monitor Deflation Thread"   daemon [_thread_blocked, id=16644, stack(0x0000004e11c00000,0x0000004e11d00000) (1024K)]
  0x000002420bf6e670 JavaThread "C1 CompilerThread0"         daemon [_thread_blocked, id=7504, stack(0x0000004e11d00000,0x0000004e11e00000) (1024K)]
  0x000002421aeed5e0 JavaThread "Notification Thread"        daemon [_thread_blocked, id=15824, stack(0x0000004e11e00000,0x0000004e11f00000) (1024K)]
  0x000002421af71ce0 JavaThread "Common-Cleaner"             daemon [_thread_blocked, id=13916, stack(0x0000004e11f00000,0x0000004e12000000) (1024K)]
  0x00000242205f6c50 JavaThread "mysql-cj-abandoned-connection-cleanup" daemon [_thread_blocked, id=7840, stack(0x0000004e12a00000,0x0000004e12b00000) (1024K)]
  0x00000242219db930 JavaThread "DestroyJavaVM"                     [_thread_blocked, id=1896, stack(0x0000004e10f00000,0x0000004e11000000) (1024K)]
  0x0000024227249020 JavaThread "Thread-5"                          [_thread_blocked, id=14016, stack(0x0000004e10d00000,0x0000004e10e00000) (1024K)]
  0x0000024221be2510 JavaThread "Thread-9"                          [_thread_blocked, id=8984, stack(0x0000004e12800000,0x0000004e12900000) (1024K)]
  0x0000024221bdf630 JavaThread "File Watcher"               daemon [_thread_blocked, id=11044, stack(0x0000004e10e00000,0x0000004e10f00000) (1024K)]
  0x000002421fb58ad0 JavaThread "File Watcher"               daemon [_thread_blocked, id=8304, stack(0x0000004e12100000,0x0000004e12200000) (1024K)]
  0x0000024227248080 JavaThread "File Watcher"               daemon [_thread_blocked, id=10616, stack(0x0000004e12200000,0x0000004e12300000) (1024K)]
  0x00000242272497f0 JavaThread "File Watcher"               daemon [_thread_blocked, id=8680, stack(0x0000004e12700000,0x0000004e12800000) (1024K)]
  0x00000242272478b0 JavaThread "restartedMain"                     [_thread_blocked, id=20272, stack(0x0000004e12000000,0x0000004e12100000) (1024K)]
  0x0000024227248850 JavaThread "restartedMain"                     [_thread_blocked, id=1940, stack(0x0000004e12600000,0x0000004e12700000) (1024K)]
Total: 19

Other Threads:
=>0x000002420bff72e0 VMThread "VM Thread"                           [id=7040, stack(0x0000004e11600000,0x0000004e11700000) (1024K)]
  0x000002420bfdd700 WatcherThread "VM Periodic Task Thread"        [id=6992, stack(0x0000004e11500000,0x0000004e11600000) (1024K)]
  0x000002420bf98de0 WorkerThread "GC Thread#0"                     [id=17520, stack(0x0000004e11000000,0x0000004e11100000) (1024K)]
  0x000002421fb95ea0 WorkerThread "GC Thread#1"                     [id=4484, stack(0x0000004e12300000,0x0000004e12400000) (1024K)]
  0x000002421fb94d60 WorkerThread "GC Thread#2"                     [id=18776, stack(0x0000004e12400000,0x0000004e12500000) (1024K)]
  0x000002421fb962f0 WorkerThread "GC Thread#3"                     [id=14544, stack(0x0000004e12500000,0x0000004e12600000) (1024K)]
  0x000002420bfa5910 ConcurrentGCThread "G1 Main Marker"            [id=18620, stack(0x0000004e11100000,0x0000004e11200000) (1024K)]
  0x000002420bfa64b0 WorkerThread "G1 Conc#0"                       [id=5756, stack(0x0000004e11200000,0x0000004e11300000) (1024K)]
  0x000002420bfd0430 ConcurrentGCThread "G1 Refine#0"               [id=7000, stack(0x0000004e11300000,0x0000004e11400000) (1024K)]
  0x000002420bfd1040 ConcurrentGCThread "G1 Service"                [id=18164, stack(0x0000004e11400000,0x0000004e11500000) (1024K)]
Total: 10

Threads with active compile tasks:
Total: 0

VM state: at safepoint (normal execution)

VM Mutex/Monitor currently owned by a thread:  ([mutex/lock_event])
[0x00007ff8a04895e8] Threads_lock - owner thread: 0x000002420bff72e0
[0x00007ff8a0489768] Heap_lock - owner thread: 0x0000024227248850

Heap address: 0x00000000c1e00000, size: 994 MB, Compressed Oops mode: 32-bit

CDS archive(s) mapped at: [0x0000000015000000-0x0000000015dd0000-0x0000000015dd0000), size 14483456, SharedBaseAddress: 0x0000000015000000, ArchiveRelocationMode: 1.
Compressed class space mapped at: 0x0000000016000000-0x0000000056000000, reserved size: 1073741824
UseCompressedClassPointers 1, UseCompactObjectHeaders 0
Narrow klass pointer bits 32, Max shift 3
Narrow klass base: 0x0000000015000000, Narrow klass shift: 0
Encoding Range: [0x0000000015000000 - 0x0000000115000000), (4294967296 bytes)
Klass Range:    [0x0000000015010000 - 0x0000000056000000), (1090453504 bytes)
Klass ID Range:  [65536 - 1090519033) (1090453497)
Protection zone: [0x0000000015000000 - 0x0000000015010000), (65536 bytes)

GC Precious Log:
 CardTable entry size: 512
 Card Set container configuration: InlinePtr #cards 5 size 8 Array Of Cards #cards 10 size 36 Howl #buckets 4 coarsen threshold 1843 Howl Bitmap #cards 512 size 80 coarsen threshold 460 Card regions per heap region 1 cards per card region 2048
 CPUs: 4 total, 4 available
 Memory: 3975M
 Large Page Support: Disabled
 NUMA Support: Disabled
 Compressed Oops: Enabled (32-bit)
 Heap Region Size: 1M
 Heap Min Capacity: 8M
 Heap Initial Capacity: 64M
 Heap Max Capacity: 994M
 Pre-touch: Disabled
 Parallel Workers: 4
 Concurrent Workers: 1
 Concurrent Refinement Workers: 4
 Periodic GC: Disabled

Heap:
 garbage-first heap   total reserved 1017856K, committed 239616K, used 48607K [0x00000000c1e00000, 0x0000000100000000)
  region size 1024K, 1 young (1024K), 1 survivors (1024K)

Heap Regions: E=young(eden), S=young(survivor), O=old, HS=humongous(starts), HC=humongous(continues), CS=collection set, F=free, TAMS=top-at-mark-start, PB=parsable bottom
|   0|0x00000000c1e00000, 0x00000000c1f00000, 0x00000000c1f00000|100%|HS|  |TAMS 0x00000000c1e00000| PB 0x00000000c1e00000| Complete |  0
|   1|0x00000000c1f00000, 0x00000000c2000000, 0x00000000c2000000|100%|HS|  |TAMS 0x00000000c1f00000| PB 0x00000000c1f00000| Complete |  0
|   2|0x00000000c2000000, 0x00000000c2100000, 0x00000000c2100000|100%| O|  |TAMS 0x00000000c2000000| PB 0x00000000c2000000| Untracked |  0
|   3|0x00000000c2100000, 0x00000000c2200000, 0x00000000c2200000|100%| O|  |TAMS 0x00000000c2100000| PB 0x00000000c2100000| Untracked |  0
|   4|0x00000000c2200000, 0x00000000c22fffd8, 0x00000000c2300000| 99%| O|  |TAMS 0x00000000c2200000| PB 0x00000000c2200000| Untracked |  0
|   5|0x00000000c2300000, 0x00000000c23fffe8, 0x00000000c2400000| 99%| O|  |TAMS 0x00000000c2300000| PB 0x00000000c2300000| Untracked |  0
|   6|0x00000000c2400000, 0x00000000c24ffff0, 0x00000000c2500000| 99%| O|  |TAMS 0x00000000c2400000| PB 0x00000000c2400000| Untracked |  0
|   7|0x00000000c2500000, 0x00000000c25ffff0, 0x00000000c2600000| 99%| O|  |TAMS 0x00000000c2500000| PB 0x00000000c2500000| Untracked |  0
|   8|0x00000000c2600000, 0x00000000c26ffff8, 0x00000000c2700000| 99%| O|  |TAMS 0x00000000c2600000| PB 0x00000000c2600000| Untracked |  0
|   9|0x00000000c2700000, 0x00000000c27fffe8, 0x00000000c2800000| 99%| O|  |TAMS 0x00000000c2700000| PB 0x00000000c2700000| Untracked |  0
|  10|0x00000000c2800000, 0x00000000c2900000, 0x00000000c2900000|100%| O|  |TAMS 0x00000000c2800000| PB 0x00000000c2800000| Untracked |  0
|  11|0x00000000c2900000, 0x00000000c29ffff0, 0x00000000c2a00000| 99%| O|  |TAMS 0x00000000c2900000| PB 0x00000000c2900000| Untracked |  0
|  12|0x00000000c2a00000, 0x00000000c2afffd0, 0x00000000c2b00000| 99%| O|  |TAMS 0x00000000c2a00000| PB 0x00000000c2a00000| Untracked |  0
|  13|0x00000000c2b00000, 0x00000000c2bffff0, 0x00000000c2c00000| 99%| O|  |TAMS 0x00000000c2b00000| PB 0x00000000c2b00000| Untracked |  0
|  14|0x00000000c2c00000, 0x00000000c2cfba60, 0x00000000c2d00000| 98%| O|  |TAMS 0x00000000c2c00000| PB 0x00000000c2c00000| Untracked |  0
|  15|0x00000000c2d00000, 0x00000000c2dfffb0, 0x00000000c2e00000| 99%| O|  |TAMS 0x00000000c2d00000| PB 0x00000000c2d00000| Untracked |  0
|  16|0x00000000c2e00000, 0x00000000c2effff8, 0x00000000c2f00000| 99%| O|  |TAMS 0x00000000c2e00000| PB 0x00000000c2e00000| Untracked |  0
|  17|0x00000000c2f00000, 0x00000000c2ffffd8, 0x00000000c3000000| 99%| O|  |TAMS 0x00000000c2f00000| PB 0x00000000c2f00000| Untracked |  0
|  18|0x00000000c3000000, 0x00000000c3100000, 0x00000000c3100000|100%| O|  |TAMS 0x00000000c3000000| PB 0x00000000c3000000| Untracked |  0
|  19|0x00000000c3100000, 0x00000000c31ffb60, 0x00000000c3200000| 99%| O|  |TAMS 0x00000000c3100000| PB 0x00000000c3100000| Untracked |  0
|  20|0x00000000c3200000, 0x00000000c3300000, 0x00000000c3300000|100%| O|  |TAMS 0x00000000c3200000| PB 0x00000000c3200000| Untracked |  0
|  21|0x00000000c3300000, 0x00000000c33fffe8, 0x00000000c3400000| 99%| O|  |TAMS 0x00000000c3300000| PB 0x00000000c3300000| Untracked |  0
|  22|0x00000000c3400000, 0x00000000c34ffff8, 0x00000000c3500000| 99%| O|  |TAMS 0x00000000c3400000| PB 0x00000000c3400000| Untracked |  0
|  23|0x00000000c3500000, 0x00000000c3600000, 0x00000000c3600000|100%| O|  |TAMS 0x00000000c3500000| PB 0x00000000c3500000| Untracked |  0
|  24|0x00000000c3600000, 0x00000000c3700000, 0x00000000c3700000|100%| O|  |TAMS 0x00000000c3600000| PB 0x00000000c3600000| Untracked |  0
|  25|0x00000000c3700000, 0x00000000c3800000, 0x00000000c3800000|100%| O|  |TAMS 0x00000000c3700000| PB 0x00000000c3700000| Untracked |  0
|  26|0x00000000c3800000, 0x00000000c38ffe00, 0x00000000c3900000| 99%| O|  |TAMS 0x00000000c3800000| PB 0x00000000c3800000| Untracked |  0
|  27|0x00000000c3900000, 0x00000000c39ffff8, 0x00000000c3a00000| 99%| O|  |TAMS 0x00000000c3900000| PB 0x00000000c3900000| Untracked |  0
|  28|0x00000000c3a00000, 0x00000000c3affff8, 0x00000000c3b00000| 99%| O|  |TAMS 0x00000000c3a00000| PB 0x00000000c3a00000| Untracked |  0
|  29|0x00000000c3b00000, 0x00000000c3bffff8, 0x00000000c3c00000| 99%| O|  |TAMS 0x00000000c3b00000| PB 0x00000000c3b00000| Untracked |  0
|  30|0x00000000c3c00000, 0x00000000c3cfffb8, 0x00000000c3d00000| 99%| O|  |TAMS 0x00000000c3c00000| PB 0x00000000c3c00000| Untracked |  0
|  31|0x00000000c3d00000, 0x00000000c3dfffd8, 0x00000000c3e00000| 99%| O|  |TAMS 0x00000000c3d00000| PB 0x00000000c3d00000| Untracked |  0
|  32|0x00000000c3e00000, 0x00000000c3efffe0, 0x00000000c3f00000| 99%| O|  |TAMS 0x00000000c3e00000| PB 0x00000000c3e00000| Untracked |  0
|  33|0x00000000c3f00000, 0x00000000c3f44c88, 0x00000000c4000000| 26%| O|  |TAMS 0x00000000c3f00000| PB 0x00000000c3f00000| Untracked |  0
|  34|0x00000000c4000000, 0x00000000c4100000, 0x00000000c4100000|100%| O|  |TAMS 0x00000000c4000000| PB 0x00000000c4000000| Untracked |  0
|  35|0x00000000c4100000, 0x00000000c4200000, 0x00000000c4200000|100%| O|  |TAMS 0x00000000c4100000| PB 0x00000000c4100000| Untracked |  0
|  36|0x00000000c4200000, 0x00000000c4300000, 0x00000000c4300000|100%| O|  |TAMS 0x00000000c4200000| PB 0x00000000c4200000| Untracked |  0
|  37|0x00000000c4300000, 0x00000000c4400000, 0x00000000c4400000|100%| O|  |TAMS 0x00000000c4300000| PB 0x00000000c4300000| Untracked |  0
|  38|0x00000000c4400000, 0x00000000c44fffc0, 0x00000000c4500000| 99%| O|  |TAMS 0x00000000c4400000| PB 0x00000000c4400000| Untracked |  0
|  39|0x00000000c4500000, 0x00000000c4600000, 0x00000000c4600000|100%| O|  |TAMS 0x00000000c4500000| PB 0x00000000c4500000| Untracked |  0
|  40|0x00000000c4600000, 0x00000000c4700000, 0x00000000c4700000|100%| O|  |TAMS 0x00000000c4600000| PB 0x00000000c4600000| Untracked |  0
|  41|0x00000000c4700000, 0x00000000c4800000, 0x00000000c4800000|100%| O|  |TAMS 0x00000000c4700000| PB 0x00000000c4700000| Untracked |  0
|  42|0x00000000c4800000, 0x00000000c4900000, 0x00000000c4900000|100%| O|  |TAMS 0x00000000c4800000| PB 0x00000000c4800000| Untracked |  0
|  43|0x00000000c4900000, 0x00000000c4999f20, 0x00000000c4a00000| 60%| O|  |TAMS 0x00000000c4900000| PB 0x00000000c4900000| Untracked |  0
|  44|0x00000000c4a00000, 0x00000000c4a00000, 0x00000000c4b00000|  0%| F|  |TAMS 0x00000000c4a00000| PB 0x00000000c4a00000| Untracked |  0
|  45|0x00000000c4b00000, 0x00000000c4b00000, 0x00000000c4c00000|  0%| F|  |TAMS 0x00000000c4b00000| PB 0x00000000c4b00000| Untracked |  0
|  46|0x00000000c4c00000, 0x00000000c4d00000, 0x00000000c4d00000|100%| O|Cm|TAMS 0x00000000c4c00000| PB 0x00000000c4c00000| Complete |  0
|  47|0x00000000c4d00000, 0x00000000c4e00000, 0x00000000c4e00000|100%| O|  |TAMS 0x00000000c4d00000| PB 0x00000000c4d00000| Untracked |  0
|  48|0x00000000c4e00000, 0x00000000c4e00000, 0x00000000c4f00000|  0%| F|  |TAMS 0x00000000c4e00000| PB 0x00000000c4e00000| Untracked |  0
|  49|0x00000000c4f00000, 0x00000000c4f00000, 0x00000000c5000000|  0%| F|  |TAMS 0x00000000c4f00000| PB 0x00000000c4f00000| Untracked |  0
|  50|0x00000000c5000000, 0x00000000c5000000, 0x00000000c5100000|  0%| F|  |TAMS 0x00000000c5000000| PB 0x00000000c5000000| Untracked |  0
|  51|0x00000000c5100000, 0x00000000c5100000, 0x00000000c5200000|  0%| F|  |TAMS 0x00000000c5100000| PB 0x00000000c5100000| Untracked |  0
|  52|0x00000000c5200000, 0x00000000c5200000, 0x00000000c5300000|  0%| F|  |TAMS 0x00000000c5200000| PB 0x00000000c5200000| Untracked |  0
|  53|0x00000000c5300000, 0x00000000c5300000, 0x00000000c5400000|  0%| F|  |TAMS 0x00000000c5300000| PB 0x00000000c5300000| Untracked |  0
|  54|0x00000000c5400000, 0x00000000c5500000, 0x00000000c5500000|100%| O|  |TAMS 0x00000000c5400000| PB 0x00000000c5400000| Untracked |  0
|  55|0x00000000c5500000, 0x00000000c5500000, 0x00000000c5600000|  0%| F|  |TAMS 0x00000000c5500000| PB 0x00000000c5500000| Untracked |  0
|  56|0x00000000c5600000, 0x00000000c5600000, 0x00000000c5700000|  0%| F|  |TAMS 0x00000000c5600000| PB 0x00000000c5600000| Untracked |  0
|  57|0x00000000c5700000, 0x00000000c5700000, 0x00000000c5800000|  0%| F|  |TAMS 0x00000000c5700000| PB 0x00000000c5700000| Untracked |  0
|  58|0x00000000c5800000, 0x00000000c5800000, 0x00000000c5900000|  0%| F|  |TAMS 0x00000000c5800000| PB 0x00000000c5800000| Untracked |  0
|  59|0x00000000c5900000, 0x00000000c5900000, 0x00000000c5a00000|  0%| F|  |TAMS 0x00000000c5900000| PB 0x00000000c5900000| Untracked |  0
|  60|0x00000000c5a00000, 0x00000000c5a00000, 0x00000000c5b00000|  0%| F|  |TAMS 0x00000000c5a00000| PB 0x00000000c5a00000| Untracked |  0
|  61|0x00000000c5b00000, 0x00000000c5b00000, 0x00000000c5c00000|  0%| F|  |TAMS 0x00000000c5b00000| PB 0x00000000c5b00000| Untracked |  0
|  62|0x00000000c5c00000, 0x00000000c5c00000, 0x00000000c5d00000|  0%| F|  |TAMS 0x00000000c5c00000| PB 0x00000000c5c00000| Untracked |  0
|  63|0x00000000c5d00000, 0x00000000c5d00000, 0x00000000c5e00000|  0%| F|  |TAMS 0x00000000c5d00000| PB 0x00000000c5d00000| Untracked |  0
|  64|0x00000000c5e00000, 0x00000000c5e00000, 0x00000000c5f00000|  0%| F|  |TAMS 0x00000000c5e00000| PB 0x00000000c5e00000| Untracked |  0
|  65|0x00000000c5f00000, 0x00000000c5f00000, 0x00000000c6000000|  0%| F|  |TAMS 0x00000000c5f00000| PB 0x00000000c5f00000| Untracked |  0
|  66|0x00000000c6000000, 0x00000000c6000000, 0x00000000c6100000|  0%| F|  |TAMS 0x00000000c6000000| PB 0x00000000c6000000| Untracked |  0
|  67|0x00000000c6100000, 0x00000000c6100000, 0x00000000c6200000|  0%| F|  |TAMS 0x00000000c6100000| PB 0x00000000c6100000| Untracked |  0
|  68|0x00000000c6200000, 0x00000000c6200000, 0x00000000c6300000|  0%| F|  |TAMS 0x00000000c6200000| PB 0x00000000c6200000| Untracked |  0
|  69|0x00000000c6300000, 0x00000000c6300000, 0x00000000c6400000|  0%| F|  |TAMS 0x00000000c6300000| PB 0x00000000c6300000| Untracked |  0
|  70|0x00000000c6400000, 0x00000000c6400000, 0x00000000c6500000|  0%| F|  |TAMS 0x00000000c6400000| PB 0x00000000c6400000| Untracked |  0
|  71|0x00000000c6500000, 0x00000000c6500000, 0x00000000c6600000|  0%| F|  |TAMS 0x00000000c6500000| PB 0x00000000c6500000| Untracked |  0
|  72|0x00000000c6600000, 0x00000000c6600000, 0x00000000c6700000|  0%| F|  |TAMS 0x00000000c6600000| PB 0x00000000c6600000| Untracked |  0
|  73|0x00000000c6700000, 0x00000000c6700000, 0x00000000c6800000|  0%| F|  |TAMS 0x00000000c6700000| PB 0x00000000c6700000| Untracked |  0
|  74|0x00000000c6800000, 0x00000000c6800000, 0x00000000c6900000|  0%| F|  |TAMS 0x00000000c6800000| PB 0x00000000c6800000| Untracked |  0
|  75|0x00000000c6900000, 0x00000000c6900000, 0x00000000c6a00000|  0%| F|  |TAMS 0x00000000c6900000| PB 0x00000000c6900000| Untracked |  0
|  76|0x00000000c6a00000, 0x00000000c6a00000, 0x00000000c6b00000|  0%| F|  |TAMS 0x00000000c6a00000| PB 0x00000000c6a00000| Untracked |  0
|  77|0x00000000c6b00000, 0x00000000c6b00000, 0x00000000c6c00000|  0%| F|  |TAMS 0x00000000c6b00000| PB 0x00000000c6b00000| Untracked |  0
|  78|0x00000000c6c00000, 0x00000000c6c00000, 0x00000000c6d00000|  0%| F|  |TAMS 0x00000000c6c00000| PB 0x00000000c6c00000| Untracked |  0
|  79|0x00000000c6d00000, 0x00000000c6d00000, 0x00000000c6e00000|  0%| F|  |TAMS 0x00000000c6d00000| PB 0x00000000c6d00000| Untracked |  0
|  80|0x00000000c6e00000, 0x00000000c6e00000, 0x00000000c6f00000|  0%| F|  |TAMS 0x00000000c6e00000| PB 0x00000000c6e00000| Untracked |  0
|  81|0x00000000c6f00000, 0x00000000c6f00000, 0x00000000c7000000|  0%| F|  |TAMS 0x00000000c6f00000| PB 0x00000000c6f00000| Untracked |  0
|  82|0x00000000c7000000, 0x00000000c7000000, 0x00000000c7100000|  0%| F|  |TAMS 0x00000000c7000000| PB 0x00000000c7000000| Untracked |  0
|  83|0x00000000c7100000, 0x00000000c7100000, 0x00000000c7200000|  0%| F|  |TAMS 0x00000000c7100000| PB 0x00000000c7100000| Untracked |  0
|  84|0x00000000c7200000, 0x00000000c7200000, 0x00000000c7300000|  0%| F|  |TAMS 0x00000000c7200000| PB 0x00000000c7200000| Untracked |  0
|  85|0x00000000c7300000, 0x00000000c7300000, 0x00000000c7400000|  0%| F|  |TAMS 0x00000000c7300000| PB 0x00000000c7300000| Untracked |  0
|  86|0x00000000c7400000, 0x00000000c7400000, 0x00000000c7500000|  0%| F|  |TAMS 0x00000000c7400000| PB 0x00000000c7400000| Untracked |  0
|  87|0x00000000c7500000, 0x00000000c7500000, 0x00000000c7600000|  0%| F|  |TAMS 0x00000000c7500000| PB 0x00000000c7500000| Untracked |  0
|  88|0x00000000c7600000, 0x00000000c7600000, 0x00000000c7700000|  0%| F|  |TAMS 0x00000000c7600000| PB 0x00000000c7600000| Untracked |  0
|  89|0x00000000c7700000, 0x00000000c7700000, 0x00000000c7800000|  0%| F|  |TAMS 0x00000000c7700000| PB 0x00000000c7700000| Untracked |  0
|  90|0x00000000c7800000, 0x00000000c7800000, 0x00000000c7900000|  0%| F|  |TAMS 0x00000000c7800000| PB 0x00000000c7800000| Untracked |  0
|  91|0x00000000c7900000, 0x00000000c7900000, 0x00000000c7a00000|  0%| F|  |TAMS 0x00000000c7900000| PB 0x00000000c7900000| Untracked |  0
|  92|0x00000000c7a00000, 0x00000000c7a00000, 0x00000000c7b00000|  0%| F|  |TAMS 0x00000000c7a00000| PB 0x00000000c7a00000| Untracked |  0
|  93|0x00000000c7b00000, 0x00000000c7b00000, 0x00000000c7c00000|  0%| F|  |TAMS 0x00000000c7b00000| PB 0x00000000c7b00000| Untracked |  0
|  94|0x00000000c7c00000, 0x00000000c7c00000, 0x00000000c7d00000|  0%| F|  |TAMS 0x00000000c7c00000| PB 0x00000000c7c00000| Untracked |  0
|  95|0x00000000c7d00000, 0x00000000c7d00000, 0x00000000c7e00000|  0%| F|  |TAMS 0x00000000c7d00000| PB 0x00000000c7d00000| Untracked |  0
|  96|0x00000000c7e00000, 0x00000000c7e00000, 0x00000000c7f00000|  0%| F|  |TAMS 0x00000000c7e00000| PB 0x00000000c7e00000| Untracked |  0
|  97|0x00000000c7f00000, 0x00000000c7f00000, 0x00000000c8000000|  0%| F|  |TAMS 0x00000000c7f00000| PB 0x00000000c7f00000| Untracked |  0
|  98|0x00000000c8000000, 0x00000000c8000000, 0x00000000c8100000|  0%| F|  |TAMS 0x00000000c8000000| PB 0x00000000c8000000| Untracked |  0
|  99|0x00000000c8100000, 0x00000000c8100000, 0x00000000c8200000|  0%| F|  |TAMS 0x00000000c8100000| PB 0x00000000c8100000| Untracked |  0
| 100|0x00000000c8200000, 0x00000000c8200000, 0x00000000c8300000|  0%| F|  |TAMS 0x00000000c8200000| PB 0x00000000c8200000| Untracked |  0
| 101|0x00000000c8300000, 0x00000000c8300000, 0x00000000c8400000|  0%| F|  |TAMS 0x00000000c8300000| PB 0x00000000c8300000| Untracked |  0
| 102|0x00000000c8400000, 0x00000000c8400000, 0x00000000c8500000|  0%| F|  |TAMS 0x00000000c8400000| PB 0x00000000c8400000| Untracked |  0
| 103|0x00000000c8500000, 0x00000000c8500000, 0x00000000c8600000|  0%| F|  |TAMS 0x00000000c8500000| PB 0x00000000c8500000| Untracked |  0
| 104|0x00000000c8600000, 0x00000000c8600000, 0x00000000c8700000|  0%| F|  |TAMS 0x00000000c8600000| PB 0x00000000c8600000| Untracked |  0
| 105|0x00000000c8700000, 0x00000000c8700000, 0x00000000c8800000|  0%| F|  |TAMS 0x00000000c8700000| PB 0x00000000c8700000| Untracked |  0
| 106|0x00000000c8800000, 0x00000000c8800000, 0x00000000c8900000|  0%| F|  |TAMS 0x00000000c8800000| PB 0x00000000c8800000| Untracked |  0
| 107|0x00000000c8900000, 0x00000000c8900000, 0x00000000c8a00000|  0%| F|  |TAMS 0x00000000c8900000| PB 0x00000000c8900000| Untracked |  0
| 108|0x00000000c8a00000, 0x00000000c8a00000, 0x00000000c8b00000|  0%| F|  |TAMS 0x00000000c8a00000| PB 0x00000000c8a00000| Untracked |  0
| 109|0x00000000c8b00000, 0x00000000c8b00000, 0x00000000c8c00000|  0%| F|  |TAMS 0x00000000c8b00000| PB 0x00000000c8b00000| Untracked |  0
| 110|0x00000000c8c00000, 0x00000000c8c00000, 0x00000000c8d00000|  0%| F|  |TAMS 0x00000000c8c00000| PB 0x00000000c8c00000| Untracked |  0
| 111|0x00000000c8d00000, 0x00000000c8d00000, 0x00000000c8e00000|  0%| F|  |TAMS 0x00000000c8d00000| PB 0x00000000c8d00000| Untracked |  0
| 112|0x00000000c8e00000, 0x00000000c8e00000, 0x00000000c8f00000|  0%| F|  |TAMS 0x00000000c8e00000| PB 0x00000000c8e00000| Untracked |  0
| 113|0x00000000c8f00000, 0x00000000c8f00000, 0x00000000c9000000|  0%| F|  |TAMS 0x00000000c8f00000| PB 0x00000000c8f00000| Untracked |  0
| 114|0x00000000c9000000, 0x00000000c9000000, 0x00000000c9100000|  0%| F|  |TAMS 0x00000000c9000000| PB 0x00000000c9000000| Untracked |  0
| 115|0x00000000c9100000, 0x00000000c9100000, 0x00000000c9200000|  0%| F|  |TAMS 0x00000000c9100000| PB 0x00000000c9100000| Untracked |  0
| 116|0x00000000c9200000, 0x00000000c9200000, 0x00000000c9300000|  0%| F|  |TAMS 0x00000000c9200000| PB 0x00000000c9200000| Untracked |  0
| 117|0x00000000c9300000, 0x00000000c9300000, 0x00000000c9400000|  0%| F|  |TAMS 0x00000000c9300000| PB 0x00000000c9300000| Untracked |  0
| 118|0x00000000c9400000, 0x00000000c9400000, 0x00000000c9500000|  0%| F|  |TAMS 0x00000000c9400000| PB 0x00000000c9400000| Untracked |  0
| 119|0x00000000c9500000, 0x00000000c9500000, 0x00000000c9600000|  0%| F|  |TAMS 0x00000000c9500000| PB 0x00000000c9500000| Untracked |  0
| 120|0x00000000c9600000, 0x00000000c9600000, 0x00000000c9700000|  0%| F|  |TAMS 0x00000000c9600000| PB 0x00000000c9600000| Untracked |  0
| 121|0x00000000c9700000, 0x00000000c9700000, 0x00000000c9800000|  0%| F|  |TAMS 0x00000000c9700000| PB 0x00000000c9700000| Untracked |  0
| 122|0x00000000c9800000, 0x00000000c9800000, 0x00000000c9900000|  0%| F|  |TAMS 0x00000000c9800000| PB 0x00000000c9800000| Untracked |  0
| 123|0x00000000c9900000, 0x00000000c9900000, 0x00000000c9a00000|  0%| F|  |TAMS 0x00000000c9900000| PB 0x00000000c9900000| Untracked |  0
| 124|0x00000000c9a00000, 0x00000000c9a00000, 0x00000000c9b00000|  0%| F|  |TAMS 0x00000000c9a00000| PB 0x00000000c9a00000| Untracked |  0
| 125|0x00000000c9b00000, 0x00000000c9b00000, 0x00000000c9c00000|  0%| F|  |TAMS 0x00000000c9b00000| PB 0x00000000c9b00000| Untracked |  0
| 126|0x00000000c9c00000, 0x00000000c9c00000, 0x00000000c9d00000|  0%| F|  |TAMS 0x00000000c9c00000| PB 0x00000000c9c00000| Untracked |  0
| 127|0x00000000c9d00000, 0x00000000c9d00000, 0x00000000c9e00000|  0%| F|  |TAMS 0x00000000c9d00000| PB 0x00000000c9d00000| Untracked |  0
| 128|0x00000000c9e00000, 0x00000000c9e00000, 0x00000000c9f00000|  0%| F|  |TAMS 0x00000000c9e00000| PB 0x00000000c9e00000| Untracked |  0
| 129|0x00000000c9f00000, 0x00000000c9f00000, 0x00000000ca000000|  0%| F|  |TAMS 0x00000000c9f00000| PB 0x00000000c9f00000| Untracked |  0
| 130|0x00000000ca000000, 0x00000000ca000000, 0x00000000ca100000|  0%| F|  |TAMS 0x00000000ca000000| PB 0x00000000ca000000| Untracked |  0
| 131|0x00000000ca100000, 0x00000000ca100000, 0x00000000ca200000|  0%| F|  |TAMS 0x00000000ca100000| PB 0x00000000ca100000| Untracked |  0
| 132|0x00000000ca200000, 0x00000000ca200000, 0x00000000ca300000|  0%| F|  |TAMS 0x00000000ca200000| PB 0x00000000ca200000| Untracked |  0
| 133|0x00000000ca300000, 0x00000000ca300000, 0x00000000ca400000|  0%| F|  |TAMS 0x00000000ca300000| PB 0x00000000ca300000| Untracked |  0
| 134|0x00000000ca400000, 0x00000000ca400000, 0x00000000ca500000|  0%| F|  |TAMS 0x00000000ca400000| PB 0x00000000ca400000| Untracked |  0
| 135|0x00000000ca500000, 0x00000000ca500000, 0x00000000ca600000|  0%| F|  |TAMS 0x00000000ca500000| PB 0x00000000ca500000| Untracked |  0
| 136|0x00000000ca600000, 0x00000000ca600000, 0x00000000ca700000|  0%| F|  |TAMS 0x00000000ca600000| PB 0x00000000ca600000| Untracked |  0
| 137|0x00000000ca700000, 0x00000000ca700000, 0x00000000ca800000|  0%| F|  |TAMS 0x00000000ca700000| PB 0x00000000ca700000| Untracked |  0
| 138|0x00000000ca800000, 0x00000000ca800000, 0x00000000ca900000|  0%| F|  |TAMS 0x00000000ca800000| PB 0x00000000ca800000| Untracked |  0
| 139|0x00000000ca900000, 0x00000000ca900000, 0x00000000caa00000|  0%| F|  |TAMS 0x00000000ca900000| PB 0x00000000ca900000| Untracked |  0
| 140|0x00000000caa00000, 0x00000000caa00000, 0x00000000cab00000|  0%| F|  |TAMS 0x00000000caa00000| PB 0x00000000caa00000| Untracked |  0
| 141|0x00000000cab00000, 0x00000000cab9e290, 0x00000000cac00000| 61%| S|CS|TAMS 0x00000000cab00000| PB 0x00000000cab00000| Complete |  0
| 142|0x00000000cac00000, 0x00000000cac00000, 0x00000000cad00000|  0%| F|  |TAMS 0x00000000cac00000| PB 0x00000000cac00000| Untracked |  0
| 143|0x00000000cad00000, 0x00000000cad00000, 0x00000000cae00000|  0%| F|  |TAMS 0x00000000cad00000| PB 0x00000000cad00000| Untracked |  0
| 144|0x00000000cae00000, 0x00000000cae00000, 0x00000000caf00000|  0%| F|  |TAMS 0x00000000cae00000| PB 0x00000000cae00000| Untracked |  0
| 145|0x00000000caf00000, 0x00000000caf00000, 0x00000000cb000000|  0%| F|  |TAMS 0x00000000caf00000| PB 0x00000000caf00000| Untracked |  0
| 146|0x00000000cb000000, 0x00000000cb000000, 0x00000000cb100000|  0%| F|  |TAMS 0x00000000cb000000| PB 0x00000000cb000000| Untracked |  0
| 147|0x00000000cb100000, 0x00000000cb100000, 0x00000000cb200000|  0%| F|  |TAMS 0x00000000cb100000| PB 0x00000000cb100000| Untracked |  0
| 148|0x00000000cb200000, 0x00000000cb200000, 0x00000000cb300000|  0%| F|  |TAMS 0x00000000cb200000| PB 0x00000000cb200000| Untracked |  0
| 149|0x00000000cb300000, 0x00000000cb300000, 0x00000000cb400000|  0%| F|  |TAMS 0x00000000cb300000| PB 0x00000000cb300000| Untracked |  0
| 150|0x00000000cb400000, 0x00000000cb400000, 0x00000000cb500000|  0%| F|  |TAMS 0x00000000cb400000| PB 0x00000000cb400000| Untracked |  0
| 151|0x00000000cb500000, 0x00000000cb500000, 0x00000000cb600000|  0%| F|  |TAMS 0x00000000cb500000| PB 0x00000000cb500000| Untracked |  0
| 152|0x00000000cb600000, 0x00000000cb600000, 0x00000000cb700000|  0%| F|  |TAMS 0x00000000cb600000| PB 0x00000000cb600000| Untracked |  0
| 153|0x00000000cb700000, 0x00000000cb700000, 0x00000000cb800000|  0%| F|  |TAMS 0x00000000cb700000| PB 0x00000000cb700000| Untracked |  0
| 154|0x00000000cb800000, 0x00000000cb800000, 0x00000000cb900000|  0%| F|  |TAMS 0x00000000cb800000| PB 0x00000000cb800000| Untracked |  0
| 155|0x00000000cb900000, 0x00000000cb900000, 0x00000000cba00000|  0%| F|  |TAMS 0x00000000cb900000| PB 0x00000000cb900000| Untracked |  0
| 156|0x00000000cba00000, 0x00000000cba00000, 0x00000000cbb00000|  0%| F|  |TAMS 0x00000000cba00000| PB 0x00000000cba00000| Untracked |  0
| 157|0x00000000cbb00000, 0x00000000cbb00000, 0x00000000cbc00000|  0%| F|  |TAMS 0x00000000cbb00000| PB 0x00000000cbb00000| Untracked |  0
| 158|0x00000000cbc00000, 0x00000000cbc00000, 0x00000000cbd00000|  0%| F|  |TAMS 0x00000000cbc00000| PB 0x00000000cbc00000| Untracked |  0
| 159|0x00000000cbd00000, 0x00000000cbd00000, 0x00000000cbe00000|  0%| F|  |TAMS 0x00000000cbd00000| PB 0x00000000cbd00000| Untracked |  0
| 160|0x00000000cbe00000, 0x00000000cbe00000, 0x00000000cbf00000|  0%| F|  |TAMS 0x00000000cbe00000| PB 0x00000000cbe00000| Untracked |  0
| 161|0x00000000cbf00000, 0x00000000cbf00000, 0x00000000cc000000|  0%| F|  |TAMS 0x00000000cbf00000| PB 0x00000000cbf00000| Untracked |  0
| 162|0x00000000cc000000, 0x00000000cc000000, 0x00000000cc100000|  0%| F|  |TAMS 0x00000000cc000000| PB 0x00000000cc000000| Untracked |  0
| 163|0x00000000cc100000, 0x00000000cc100000, 0x00000000cc200000|  0%| F|  |TAMS 0x00000000cc100000| PB 0x00000000cc100000| Untracked |  0
| 164|0x00000000cc200000, 0x00000000cc200000, 0x00000000cc300000|  0%| F|  |TAMS 0x00000000cc200000| PB 0x00000000cc200000| Untracked |  0
| 165|0x00000000cc300000, 0x00000000cc300000, 0x00000000cc400000|  0%| F|  |TAMS 0x00000000cc300000| PB 0x00000000cc300000| Untracked |  0
| 166|0x00000000cc400000, 0x00000000cc400000, 0x00000000cc500000|  0%| F|  |TAMS 0x00000000cc400000| PB 0x00000000cc400000| Untracked |  0
| 167|0x00000000cc500000, 0x00000000cc500000, 0x00000000cc600000|  0%| F|  |TAMS 0x00000000cc500000| PB 0x00000000cc500000| Untracked |  0
| 168|0x00000000cc600000, 0x00000000cc600000, 0x00000000cc700000|  0%| F|  |TAMS 0x00000000cc600000| PB 0x00000000cc600000| Untracked |  0
| 169|0x00000000cc700000, 0x00000000cc700000, 0x00000000cc800000|  0%| F|  |TAMS 0x00000000cc700000| PB 0x00000000cc700000| Untracked |  0
| 170|0x00000000cc800000, 0x00000000cc800000, 0x00000000cc900000|  0%| F|  |TAMS 0x00000000cc800000| PB 0x00000000cc800000| Untracked |  0
| 171|0x00000000cc900000, 0x00000000cc900000, 0x00000000cca00000|  0%| F|  |TAMS 0x00000000cc900000| PB 0x00000000cc900000| Untracked |  0
| 172|0x00000000cca00000, 0x00000000cca00000, 0x00000000ccb00000|  0%| F|  |TAMS 0x00000000cca00000| PB 0x00000000cca00000| Untracked |  0
| 173|0x00000000ccb00000, 0x00000000ccb00000, 0x00000000ccc00000|  0%| F|  |TAMS 0x00000000ccb00000| PB 0x00000000ccb00000| Untracked |  0
| 174|0x00000000ccc00000, 0x00000000ccc00000, 0x00000000ccd00000|  0%| F|  |TAMS 0x00000000ccc00000| PB 0x00000000ccc00000| Untracked |  0
| 175|0x00000000ccd00000, 0x00000000ccd00000, 0x00000000cce00000|  0%| F|  |TAMS 0x00000000ccd00000| PB 0x00000000ccd00000| Untracked |  0
| 176|0x00000000cce00000, 0x00000000cce00000, 0x00000000ccf00000|  0%| F|  |TAMS 0x00000000cce00000| PB 0x00000000cce00000| Untracked |  0
| 177|0x00000000ccf00000, 0x00000000ccf00000, 0x00000000cd000000|  0%| F|  |TAMS 0x00000000ccf00000| PB 0x00000000ccf00000| Untracked |  0
| 178|0x00000000cd000000, 0x00000000cd000000, 0x00000000cd100000|  0%| F|  |TAMS 0x00000000cd000000| PB 0x00000000cd000000| Untracked |  0
| 179|0x00000000cd100000, 0x00000000cd100000, 0x00000000cd200000|  0%| F|  |TAMS 0x00000000cd100000| PB 0x00000000cd100000| Untracked |  0
| 180|0x00000000cd200000, 0x00000000cd200000, 0x00000000cd300000|  0%| F|  |TAMS 0x00000000cd200000| PB 0x00000000cd200000| Untracked |  0
| 181|0x00000000cd300000, 0x00000000cd300000, 0x00000000cd400000|  0%| F|  |TAMS 0x00000000cd300000| PB 0x00000000cd300000| Untracked |  0
| 182|0x00000000cd400000, 0x00000000cd400000, 0x00000000cd500000|  0%| F|  |TAMS 0x00000000cd400000| PB 0x00000000cd400000| Untracked |  0
| 183|0x00000000cd500000, 0x00000000cd500000, 0x00000000cd600000|  0%| F|  |TAMS 0x00000000cd500000| PB 0x00000000cd500000| Untracked |  0
| 184|0x00000000cd600000, 0x00000000cd600000, 0x00000000cd700000|  0%| F|  |TAMS 0x00000000cd600000| PB 0x00000000cd600000| Untracked |  0
| 185|0x00000000cd700000, 0x00000000cd700000, 0x00000000cd800000|  0%| F|  |TAMS 0x00000000cd700000| PB 0x00000000cd700000| Untracked |  0
| 186|0x00000000cd800000, 0x00000000cd800000, 0x00000000cd900000|  0%| F|  |TAMS 0x00000000cd800000| PB 0x00000000cd800000| Untracked |  0
| 187|0x00000000cd900000, 0x00000000cd900000, 0x00000000cda00000|  0%| F|  |TAMS 0x00000000cd900000| PB 0x00000000cd900000| Untracked |  0
| 188|0x00000000cda00000, 0x00000000cda00000, 0x00000000cdb00000|  0%| F|  |TAMS 0x00000000cda00000| PB 0x00000000cda00000| Untracked |  0
| 189|0x00000000cdb00000, 0x00000000cdb00000, 0x00000000cdc00000|  0%| F|  |TAMS 0x00000000cdb00000| PB 0x00000000cdb00000| Untracked |  0
| 190|0x00000000cdc00000, 0x00000000cdc00000, 0x00000000cdd00000|  0%| F|  |TAMS 0x00000000cdc00000| PB 0x00000000cdc00000| Untracked |  0
| 191|0x00000000cdd00000, 0x00000000cdd00000, 0x00000000cde00000|  0%| F|  |TAMS 0x00000000cdd00000| PB 0x00000000cdd00000| Untracked |  0
| 192|0x00000000cde00000, 0x00000000cde00000, 0x00000000cdf00000|  0%| F|  |TAMS 0x00000000cde00000| PB 0x00000000cde00000| Untracked |  0
| 193|0x00000000cdf00000, 0x00000000cdf00000, 0x00000000ce000000|  0%| F|  |TAMS 0x00000000cdf00000| PB 0x00000000cdf00000| Untracked |  0
| 194|0x00000000ce000000, 0x00000000ce000000, 0x00000000ce100000|  0%| F|  |TAMS 0x00000000ce000000| PB 0x00000000ce000000| Untracked |  0
| 195|0x00000000ce100000, 0x00000000ce100000, 0x00000000ce200000|  0%| F|  |TAMS 0x00000000ce100000| PB 0x00000000ce100000| Untracked |  0
| 196|0x00000000ce200000, 0x00000000ce200000, 0x00000000ce300000|  0%| F|  |TAMS 0x00000000ce200000| PB 0x00000000ce200000| Untracked |  0
| 197|0x00000000ce300000, 0x00000000ce300000, 0x00000000ce400000|  0%| F|  |TAMS 0x00000000ce300000| PB 0x00000000ce300000| Untracked |  0
| 198|0x00000000ce400000, 0x00000000ce400000, 0x00000000ce500000|  0%| F|  |TAMS 0x00000000ce400000| PB 0x00000000ce400000| Untracked |  0
| 199|0x00000000ce500000, 0x00000000ce500000, 0x00000000ce600000|  0%| F|  |TAMS 0x00000000ce500000| PB 0x00000000ce500000| Untracked |  0
| 200|0x00000000ce600000, 0x00000000ce600000, 0x00000000ce700000|  0%| F|  |TAMS 0x00000000ce600000| PB 0x00000000ce600000| Untracked |  0
| 201|0x00000000ce700000, 0x00000000ce700000, 0x00000000ce800000|  0%| F|  |TAMS 0x00000000ce700000| PB 0x00000000ce700000| Untracked |  0
| 202|0x00000000ce800000, 0x00000000ce800000, 0x00000000ce900000|  0%| F|  |TAMS 0x00000000ce800000| PB 0x00000000ce800000| Untracked |  0
| 203|0x00000000ce900000, 0x00000000ce900000, 0x00000000cea00000|  0%| F|  |TAMS 0x00000000ce900000| PB 0x00000000ce900000| Untracked |  0
| 204|0x00000000cea00000, 0x00000000cea00000, 0x00000000ceb00000|  0%| F|  |TAMS 0x00000000cea00000| PB 0x00000000cea00000| Untracked |  0
| 205|0x00000000ceb00000, 0x00000000ceb00000, 0x00000000cec00000|  0%| F|  |TAMS 0x00000000ceb00000| PB 0x00000000ceb00000| Untracked |  0
| 206|0x00000000cec00000, 0x00000000cec00000, 0x00000000ced00000|  0%| F|  |TAMS 0x00000000cec00000| PB 0x00000000cec00000| Untracked |  0
| 207|0x00000000ced00000, 0x00000000ced00000, 0x00000000cee00000|  0%| F|  |TAMS 0x00000000ced00000| PB 0x00000000ced00000| Untracked |  0
| 208|0x00000000cee00000, 0x00000000cee00000, 0x00000000cef00000|  0%| F|  |TAMS 0x00000000cee00000| PB 0x00000000cee00000| Untracked |  0
| 209|0x00000000cef00000, 0x00000000cef00000, 0x00000000cf000000|  0%| F|  |TAMS 0x00000000cef00000| PB 0x00000000cef00000| Untracked |  0
| 210|0x00000000cf000000, 0x00000000cf000000, 0x00000000cf100000|  0%| F|  |TAMS 0x00000000cf000000| PB 0x00000000cf000000| Untracked |  0
| 211|0x00000000cf100000, 0x00000000cf100000, 0x00000000cf200000|  0%| F|  |TAMS 0x00000000cf100000| PB 0x00000000cf100000| Untracked |  0
| 212|0x00000000cf200000, 0x00000000cf200000, 0x00000000cf300000|  0%| F|  |TAMS 0x00000000cf200000| PB 0x00000000cf200000| Untracked |  0
| 213|0x00000000cf300000, 0x00000000cf300000, 0x00000000cf400000|  0%| F|  |TAMS 0x00000000cf300000| PB 0x00000000cf300000| Untracked |  0
| 214|0x00000000cf400000, 0x00000000cf400000, 0x00000000cf500000|  0%| F|  |TAMS 0x00000000cf400000| PB 0x00000000cf400000| Untracked |  0
| 215|0x00000000cf500000, 0x00000000cf500000, 0x00000000cf600000|  0%| F|  |TAMS 0x00000000cf500000| PB 0x00000000cf500000| Untracked |  0
| 216|0x00000000cf600000, 0x00000000cf600000, 0x00000000cf700000|  0%| F|  |TAMS 0x00000000cf600000| PB 0x00000000cf600000| Untracked |  0
| 217|0x00000000cf700000, 0x00000000cf700000, 0x00000000cf800000|  0%| F|  |TAMS 0x00000000cf700000| PB 0x00000000cf700000| Untracked |  0
| 218|0x00000000cf800000, 0x00000000cf800000, 0x00000000cf900000|  0%| F|  |TAMS 0x00000000cf800000| PB 0x00000000cf800000| Untracked |  0
| 219|0x00000000cf900000, 0x00000000cf900000, 0x00000000cfa00000|  0%| F|  |TAMS 0x00000000cf900000| PB 0x00000000cf900000| Untracked |  0
| 220|0x00000000cfa00000, 0x00000000cfa00000, 0x00000000cfb00000|  0%| F|  |TAMS 0x00000000cfa00000| PB 0x00000000cfa00000| Untracked |  0
| 221|0x00000000cfb00000, 0x00000000cfb00000, 0x00000000cfc00000|  0%| F|  |TAMS 0x00000000cfb00000| PB 0x00000000cfb00000| Untracked |  0
| 222|0x00000000cfc00000, 0x00000000cfc00000, 0x00000000cfd00000|  0%| F|  |TAMS 0x00000000cfc00000| PB 0x00000000cfc00000| Untracked |  0
| 223|0x00000000cfd00000, 0x00000000cfd00000, 0x00000000cfe00000|  0%| F|  |TAMS 0x00000000cfd00000| PB 0x00000000cfd00000| Untracked |  0
| 224|0x00000000cfe00000, 0x00000000cfe00000, 0x00000000cff00000|  0%| F|  |TAMS 0x00000000cfe00000| PB 0x00000000cfe00000| Untracked |  0
| 225|0x00000000cff00000, 0x00000000cff00000, 0x00000000d0000000|  0%| F|  |TAMS 0x00000000cff00000| PB 0x00000000cff00000| Untracked |  0
| 226|0x00000000d0000000, 0x00000000d0000000, 0x00000000d0100000|  0%| F|  |TAMS 0x00000000d0000000| PB 0x00000000d0000000| Untracked |  0
| 227|0x00000000d0100000, 0x00000000d0100000, 0x00000000d0200000|  0%| F|  |TAMS 0x00000000d0100000| PB 0x00000000d0100000| Untracked |  0
| 228|0x00000000d0200000, 0x00000000d0200000, 0x00000000d0300000|  0%| F|  |TAMS 0x00000000d0200000| PB 0x00000000d0200000| Untracked |  0
| 229|0x00000000d0300000, 0x00000000d0300000, 0x00000000d0400000|  0%| F|  |TAMS 0x00000000d0300000| PB 0x00000000d0300000| Untracked |  0
| 230|0x00000000d0400000, 0x00000000d0400000, 0x00000000d0500000|  0%| F|  |TAMS 0x00000000d0400000| PB 0x00000000d0400000| Untracked |  0
| 231|0x00000000d0500000, 0x00000000d0500000, 0x00000000d0600000|  0%| F|  |TAMS 0x00000000d0500000| PB 0x00000000d0500000| Untracked |  0
| 232|0x00000000d0600000, 0x00000000d0600000, 0x00000000d0700000|  0%| F|  |TAMS 0x00000000d0600000| PB 0x00000000d0600000| Untracked |  0
| 992|0x00000000ffe00000, 0x00000000fff00000, 0x00000000fff00000|100%| O|  |TAMS 0x00000000ffe00000| PB 0x00000000ffe00000| Untracked |  0

Card table byte_map: [0x00000242177f0000,0x00000242179f0000] _byte_map_base: 0x00000242171e1000

Marking Bits: (CMBitMap*) 0x000002420bf99570
 Bits: [0x00000242179f0000, 0x0000024218978000)

Polling page: 0x000002420b730000

Metaspace:
Metaspace        used 85712K, committed 86400K, reserved 1179648K
 class space     used 12412K, committed 12736K, reserved 1048576K

Usage:
  Non-class:     71.58 MB used.
      Class:     12.12 MB used.
       Both:     83.70 MB used.

Virtual space:
  Non-class space:      128.00 MB reserved,      71.94 MB ( 56%) committed,  2 nodes.
      Class space:        1.00 GB reserved,      12.44 MB (  1%) committed,  1 nodes.
             Both:        1.12 GB reserved,      84.38 MB (  7%) committed. 

Chunk freelists:
   Non-Class:  8.09 MB
       Class:  3.59 MB
        Both:  11.68 MB

MaxMetaspaceSize: unlimited
CompressedClassSpaceSize: 1.00 GB
Initial GC threshold: 21.00 MB
Current GC threshold: 140.75 MB
CDS: on
 - commit_granule_bytes: 65536.
 - commit_granule_words: 8192.
 - virtual_space_node_default_size: 8388608.
 - enlarge_chunks_in_place: 1.
UseCompressedClassPointers 1, UseCompactObjectHeaders 0
Narrow klass pointer bits 32, Max shift 3
Narrow klass base: 0x0000000015000000, Narrow klass shift: 0
Encoding Range: [0x0000000015000000 - 0x0000000115000000), (4294967296 bytes)
Klass Range:    [0x0000000015010000 - 0x0000000056000000), (1090453504 bytes)
Klass ID Range:  [65536 - 1090519033) (1090453497)
Protection zone: [0x0000000015000000 - 0x0000000015010000), (65536 bytes)


Internal statistics:

num_allocs_failed_limit: 9.
num_arena_births: 1334.
num_arena_deaths: 622.
num_vsnodes_births: 3.
num_vsnodes_deaths: 0.
num_space_committed: 1353.
num_space_uncommitted: 2.
num_chunks_returned_to_freelist: 670.
num_chunks_taken_from_freelist: 4649.
num_chunk_merges: 176.
num_chunk_splits: 3244.
num_chunks_enlarged: 2662.
num_inconsistent_stats: 0.

CodeCache: size=49152Kb used=12372Kb max_used=15065Kb free=36779Kb
 bounds [0x00000242147f0000, 0x00000242156e0000, 0x00000242177f0000]
 total_blobs=9762, nmethods=8975, adapters=709, full_count=0
Compilation: enabled, stopped_count=0, restarted_count=0

Compilation events (20 events):
Event: 3818.409 Thread 0x000002420bf6e670 15024       1       ch.qos.logback.classic.PatternLayout::doLayout (9 bytes)
Event: 3818.410 Thread 0x000002420bf6e670 nmethod 15024 0x0000024214cbf308 code [0x0000024214cbf400, 0x0000024214cbf558]
Event: 3818.412 Thread 0x000002420bf6e670 15026   !   1       org.springframework.boot.autoconfigure.condition.OnBeanCondition$Spec::deducedBeanTypeForBeanMethod (37 bytes)
Event: 3818.418 Thread 0x000002420bf6e670 nmethod 15026 0x000002421558a888 code [0x000002421558a980, 0x000002421558acb8]
Event: 3818.418 Thread 0x000002420bf6e670 15027       1       org.springframework.boot.autoconfigure.condition.OnBeanCondition$Spec::getReturnType (39 bytes)
Event: 3818.420 Thread 0x000002420bf6e670 nmethod 15027 0x000002421562f588 code [0x000002421562f680, 0x000002421562f970]
Event: 3818.420 Thread 0x000002420bf6e670 15028       1       org.springframework.boot.autoconfigure.condition.OnBeanCondition$Spec::isParameterizedContainer (44 bytes)
Event: 3818.420 Thread 0x000002420bf6e670 nmethod 15028 0x0000024214eb7c08 code [0x0000024214eb7d00, 0x0000024214eb7f10]
Event: 3818.471 Thread 0x000002420bf6e670 15029       1       java.lang.invoke.LambdaForm$MH/0x0000000016384000::invoke (39 bytes)
Event: 3818.492 Thread 0x000002420bf6e670 nmethod 15029 0x0000024214f4f508 code [0x0000024214f4f600, 0x0000024214f4f920]
Event: 3818.492 Thread 0x000002420bf6e670 15030       1       org.springframework.boot.autoconfigure.condition.OnBeanCondition$$Lambda/0x00000000162ba7a8::test (24 bytes)
Event: 3818.493 Thread 0x000002420bf6e670 nmethod 15030 0x0000024215117b08 code [0x0000024215117c00, 0x0000024215117e90]
Event: 3818.493 Thread 0x000002420bf6e670 15031       1       org.springframework.boot.autoconfigure.condition.OnBeanCondition::lambda$getMatchingBeans$0 (25 bytes)
Event: 3818.493 Thread 0x000002420bf6e670 nmethod 15031 0x0000024214cc3f88 code [0x0000024214cc4080, 0x0000024214cc4250]
Event: 3818.493 Thread 0x000002420bf6e670 15032       1       org.springframework.boot.autoconfigure.condition.OnBeanCondition::isCandidate (39 bytes)
Event: 3818.494 Thread 0x000002420bf6e670 nmethod 15032 0x0000024215141288 code [0x0000024215141380, 0x0000024215141610]
Event: 3818.494 Thread 0x000002420bf6e670 15033       1       org.springframework.boot.autoconfigure.condition.OnBeanCondition::isAutowireCandidate (24 bytes)
Event: 3818.500 Thread 0x000002420bf6e670 nmethod 15033 0x0000024214de4a08 code [0x0000024214de4b00, 0x0000024214de4ff8]
Event: 3818.500 Thread 0x000002420bf6e670 15034       1       org.springframework.boot.autoconfigure.condition.OnBeanCondition::isDefaultCandidate (19 bytes)
Event: 3818.501 Thread 0x000002420bf6e670 nmethod 15034 0x0000024214ccb508 code [0x0000024214ccb600, 0x0000024214ccb778]

GC Heap Usage History (20 events):
Event: 3395.041 {heap After GC invocations=62 (full 3):
 garbage-first heap   total reserved 1017856K, committed 160768K, used 44634K [0x00000000c1e00000, 0x0000000100000000)
  region size 1024K, 1 young (1024K), 1 survivors (1024K)
}
Event: 3444.044 {heap Before GC invocations=63 (full 3):
 garbage-first heap   total reserved 1017856K, committed 153600K, used 50778K [0x00000000c1e00000, 0x0000000100000000)
  region size 1024K, 7 young (7168K), 1 survivors (1024K)
}
Event: 3444.248 {heap After GC invocations=64 (full 3):
 garbage-first heap   total reserved 1017856K, committed 153600K, used 44671K [0x00000000c1e00000, 0x0000000100000000)
  region size 1024K, 1 young (1024K), 1 survivors (1024K)
}
Event: 3488.983 {heap Before GC invocations=64 (full 3):
 garbage-first heap   total reserved 1017856K, committed 153600K, used 50815K [0x00000000c1e00000, 0x0000000100000000)
  region size 1024K, 7 young (7168K), 1 survivors (1024K)
}
Event: 3489.929 {heap After GC invocations=65 (full 3):
 garbage-first heap   total reserved 1017856K, committed 153600K, used 43825K [0x00000000c1e00000, 0x0000000100000000)
  region size 1024K, 1 young (1024K), 1 survivors (1024K)
}
Event: 3537.839 {heap Before GC invocations=65 (full 3):
 garbage-first heap   total reserved 1017856K, committed 153600K, used 49969K [0x00000000c1e00000, 0x0000000100000000)
  region size 1024K, 7 young (7168K), 1 survivors (1024K)
}
Event: 3538.008 {heap After GC invocations=66 (full 3):
 garbage-first heap   total reserved 1017856K, committed 153600K, used 43175K [0x00000000c1e00000, 0x0000000100000000)
  region size 1024K, 1 young (1024K), 1 survivors (1024K)
}
Event: 3793.861 {heap Before GC invocations=66 (full 3):
 garbage-first heap   total reserved 1017856K, committed 153600K, used 93351K [0x00000000c1e00000, 0x0000000100000000)
  region size 1024K, 51 young (52224K), 1 survivors (1024K)
}
Event: 3796.940 {heap After GC invocations=67 (full 3):
 garbage-first heap   total reserved 1017856K, committed 153600K, used 46199K [0x00000000c1e00000, 0x0000000100000000)
  region size 1024K, 3 young (3072K), 3 survivors (3072K)
}
Event: 3799.704 {heap Before GC invocations=67 (full 3):
 garbage-first heap   total reserved 1017856K, committed 153600K, used 50295K [0x00000000c1e00000, 0x0000000100000000)
  region size 1024K, 7 young (7168K), 3 survivors (3072K)
}
Event: 3799.834 {heap After GC invocations=68 (full 3):
 garbage-first heap   total reserved 1017856K, committed 153600K, used 46552K [0x00000000c1e00000, 0x0000000100000000)
  region size 1024K, 1 young (1024K), 1 survivors (1024K)
}
Event: 3803.256 {heap Before GC invocations=68 (full 3):
 garbage-first heap   total reserved 1017856K, committed 153600K, used 52696K [0x00000000c1e00000, 0x0000000100000000)
  region size 1024K, 7 young (7168K), 1 survivors (1024K)
}
Event: 3803.791 {heap After GC invocations=69 (full 3):
 garbage-first heap   total reserved 1017856K, committed 153600K, used 47042K [0x00000000c1e00000, 0x0000000100000000)
  region size 1024K, 1 young (1024K), 1 survivors (1024K)
}
Event: 3804.508 {heap Before GC invocations=69 (full 3):
 garbage-first heap   total reserved 1017856K, committed 153600K, used 53186K [0x00000000c1e00000, 0x0000000100000000)
  region size 1024K, 7 young (7168K), 1 survivors (1024K)
}
Event: 3804.547 {heap After GC invocations=70 (full 3):
 garbage-first heap   total reserved 1017856K, committed 153600K, used 47663K [0x00000000c1e00000, 0x0000000100000000)
  region size 1024K, 1 young (1024K), 1 survivors (1024K)
}
Event: 3817.525 {heap Before GC invocations=71 (full 3):
 garbage-first heap   total reserved 1017856K, committed 153600K, used 53807K [0x00000000c1e00000, 0x0000000100000000)
  region size 1024K, 7 young (7168K), 1 survivors (1024K)
}
Event: 3817.613 {heap After GC invocations=72 (full 3):
 garbage-first heap   total reserved 1017856K, committed 153600K, used 48333K [0x00000000c1e00000, 0x0000000100000000)
  region size 1024K, 1 young (1024K), 1 survivors (1024K)
}
Event: 3818.198 {heap Before GC invocations=72 (full 3):
 garbage-first heap   total reserved 1017856K, committed 153600K, used 54477K [0x00000000c1e00000, 0x0000000100000000)
  region size 1024K, 7 young (7168K), 1 survivors (1024K)
}
Event: 3818.216 {heap After GC invocations=73 (full 3):
 garbage-first heap   total reserved 1017856K, committed 153600K, used 49064K [0x00000000c1e00000, 0x0000000100000000)
  region size 1024K, 1 young (1024K), 1 survivors (1024K)
}
Event: 3818.514 {heap Before GC invocations=73 (full 3):
 garbage-first heap   total reserved 1017856K, committed 153600K, used 55208K [0x00000000c1e00000, 0x0000000100000000)
  region size 1024K, 7 young (7168K), 1 survivors (1024K)
}

Metaspace Usage History (20 events):
Event: 3395.041 {metaspace After GC invocations=62 (full 3):
 Metaspace       used 85485K, committed 86464K, reserved 1179648K
  class space    used 12382K, committed 12736K, reserved 1048576K
}
Event: 3444.044 {metaspace Before GC invocations=63 (full 3):
 Metaspace       used 85485K, committed 86464K, reserved 1179648K
  class space    used 12382K, committed 12736K, reserved 1048576K
}
Event: 3444.248 {metaspace After GC invocations=64 (full 3):
 Metaspace       used 85485K, committed 86464K, reserved 1179648K
  class space    used 12382K, committed 12736K, reserved 1048576K
}
Event: 3488.984 {metaspace Before GC invocations=64 (full 3):
 Metaspace       used 85485K, committed 86464K, reserved 1179648K
  class space    used 12382K, committed 12736K, reserved 1048576K
}
Event: 3489.929 {metaspace After GC invocations=65 (full 3):
 Metaspace       used 85485K, committed 86464K, reserved 1179648K
  class space    used 12382K, committed 12736K, reserved 1048576K
}
Event: 3537.840 {metaspace Before GC invocations=65 (full 3):
 Metaspace       used 85485K, committed 86464K, reserved 1179648K
  class space    used 12382K, committed 12736K, reserved 1048576K
}
Event: 3538.008 {metaspace After GC invocations=66 (full 3):
 Metaspace       used 85485K, committed 86464K, reserved 1179648K
  class space    used 12382K, committed 12736K, reserved 1048576K
}
Event: 3793.861 {metaspace Before GC invocations=66 (full 3):
 Metaspace       used 85527K, committed 86464K, reserved 1179648K
  class space    used 12395K, committed 12736K, reserved 1048576K
}
Event: 3796.942 {metaspace After GC invocations=67 (full 3):
 Metaspace       used 85527K, committed 86464K, reserved 1179648K
  class space    used 12395K, committed 12736K, reserved 1048576K
}
Event: 3799.704 {metaspace Before GC invocations=67 (full 3):
 Metaspace       used 85684K, committed 86464K, reserved 1179648K
  class space    used 12413K, committed 12736K, reserved 1048576K
}
Event: 3799.834 {metaspace After GC invocations=68 (full 3):
 Metaspace       used 85684K, committed 86464K, reserved 1179648K
  class space    used 12413K, committed 12736K, reserved 1048576K
}
Event: 3803.256 {metaspace Before GC invocations=68 (full 3):
 Metaspace       used 85684K, committed 86464K, reserved 1179648K
  class space    used 12413K, committed 12736K, reserved 1048576K
}
Event: 3803.791 {metaspace After GC invocations=69 (full 3):
 Metaspace       used 85684K, committed 86464K, reserved 1179648K
  class space    used 12413K, committed 12736K, reserved 1048576K
}
Event: 3804.508 {metaspace Before GC invocations=69 (full 3):
 Metaspace       used 85684K, committed 86464K, reserved 1179648K
  class space    used 12413K, committed 12736K, reserved 1048576K
}
Event: 3804.547 {metaspace After GC invocations=70 (full 3):
 Metaspace       used 85684K, committed 86464K, reserved 1179648K
  class space    used 12413K, committed 12736K, reserved 1048576K
}
Event: 3817.525 {metaspace Before GC invocations=71 (full 3):
 Metaspace       used 85444K, committed 86272K, reserved 1179648K
  class space    used 12390K, committed 12736K, reserved 1048576K
}
Event: 3817.613 {metaspace After GC invocations=72 (full 3):
 Metaspace       used 85444K, committed 86272K, reserved 1179648K
  class space    used 12390K, committed 12736K, reserved 1048576K
}
Event: 3818.198 {metaspace Before GC invocations=72 (full 3):
 Metaspace       used 85675K, committed 86336K, reserved 1179648K
  class space    used 12408K, committed 12736K, reserved 1048576K
}
Event: 3818.216 {metaspace After GC invocations=73 (full 3):
 Metaspace       used 85675K, committed 86336K, reserved 1179648K
  class space    used 12408K, committed 12736K, reserved 1048576K
}
Event: 3818.514 {metaspace Before GC invocations=73 (full 3):
 Metaspace       used 85712K, committed 86400K, reserved 1179648K
  class space    used 12412K, committed 12736K, reserved 1048576K
}

Dll operation events (10 events):
Event: 0.023 Loaded shared library C:\Program Files\Java\jdk-25.0.2\bin\java.dll
Event: 0.243 Loaded shared library C:\Program Files\Java\jdk-25.0.2\bin\net.dll
Event: 0.248 Loaded shared library C:\Program Files\Java\jdk-25.0.2\bin\nio.dll
Event: 0.258 Loaded shared library C:\Program Files\Java\jdk-25.0.2\bin\zip.dll
Event: 0.526 Loaded shared library C:\Program Files\Java\jdk-25.0.2\bin\jimage.dll
Event: 1.193 Loaded shared library C:\Program Files\Java\jdk-25.0.2\bin\management.dll
Event: 1.204 Loaded shared library C:\Program Files\Java\jdk-25.0.2\bin\management_ext.dll
Event: 4.186 Loaded shared library C:\Program Files\Java\jdk-25.0.2\bin\sunmscapi.dll
Event: 9.318 Loaded shared library C:\Program Files\Java\jdk-25.0.2\bin\verify.dll
Event: 10.076 Loaded shared library C:\Program Files\Java\jdk-25.0.2\bin\extnet.dll

Deoptimization events (4 events):
Event: 5.556 Thread 0x000002421fb47e20 DEOPT PACKING pc=0x0000024214b014ac sp=0x0000004e122fc8a0
Event: 5.557 Thread 0x000002421fb47e20 DEOPT UNPACKING pc=0x0000024214841702 sp=0x0000004e122fbd98 mode 0
Event: 8.076 Thread 0x00000242205e5aa0 DEOPT PACKING pc=0x0000024214bac6d6 sp=0x0000004e126ff130
Event: 8.076 Thread 0x00000242205e5aa0 DEOPT UNPACKING pc=0x0000024214841702 sp=0x0000004e126fe5c8 mode 3

Classes loaded (20 events):
Event: 917.653 Loading class java/io/ObjectInputFilter$Config$BuiltinFilterFactory
Event: 917.658 Loading class java/io/ObjectInputFilter$Config$BuiltinFilterFactory done
Event: 917.659 Loading class jdk/internal/access/JavaObjectInputFilterAccess
Event: 917.661 Loading class jdk/internal/access/JavaObjectInputFilterAccess done
Event: 917.691 Loading class jdk/internal/event/DeserializationEvent
Event: 917.706 Loading class jdk/internal/event/DeserializationEvent done
Event: 917.711 Loading class java/io/ObjectInputStream$FieldValues
Event: 917.718 Loading class java/io/ObjectInputStream$GetField
Event: 917.718 Loading class java/io/ObjectInputStream$GetField done
Event: 917.718 Loading class java/io/ObjectInputStream$FieldValues done
Event: 928.978 Loading class sun/net/ConnectionResetException
Event: 929.103 Loading class sun/net/ConnectionResetException done
Event: 931.004 Loading class java/lang/Class$Holder
Event: 931.010 Loading class java/lang/Class$Holder done
Event: 931.010 Loading class java/security/AllPermissionCollection
Event: 931.019 Loading class java/security/AllPermissionCollection done
Event: 931.019 Loading class java/security/UnresolvedPermission
Event: 931.024 Loading class java/security/UnresolvedPermission done
Event: 938.332 Loading class java/util/function/IntSupplier
Event: 938.335 Loading class java/util/function/IntSupplier done

Classes unloaded (20 events):
Event: 3806.662 Thread 0x000002420bff72e0 Unloading class 0x0000000016c41000 'java/lang/invoke/LambdaForm$MH+0x0000000016c41000'
Event: 3806.662 Thread 0x000002420bff72e0 Unloading class 0x0000000016c40c00 'java/lang/invoke/LambdaForm$MH+0x0000000016c40c00'
Event: 3806.662 Thread 0x000002420bff72e0 Unloading class 0x0000000016c40000 'java/lang/invoke/LambdaForm$MH+0x0000000016c40000'
Event: 3806.662 Thread 0x000002420bff72e0 Unloading class 0x0000000016c3f400 'java/lang/invoke/LambdaForm$MH+0x0000000016c3f400'
Event: 3806.663 Thread 0x000002420bff72e0 Unloading class 0x0000000016c31c00 'java/lang/invoke/LambdaForm$MH+0x0000000016c31c00'
Event: 3806.663 Thread 0x000002420bff72e0 Unloading class 0x0000000016c31000 'java/lang/invoke/LambdaForm$MH+0x0000000016c31000'
Event: 3806.663 Thread 0x000002420bff72e0 Unloading class 0x0000000016c30400 'java/lang/invoke/LambdaForm$MH+0x0000000016c30400'
Event: 3806.663 Thread 0x000002420bff72e0 Unloading class 0x0000000016c30000 'java/lang/invoke/LambdaForm$MH+0x0000000016c30000'
Event: 3806.663 Thread 0x000002420bff72e0 Unloading class 0x0000000016c2ec00 'java/lang/invoke/LambdaForm$MH+0x0000000016c2ec00'
Event: 3806.663 Thread 0x000002420bff72e0 Unloading class 0x0000000016c2e400 'java/lang/invoke/LambdaForm$MH+0x0000000016c2e400'
Event: 3806.663 Thread 0x000002420bff72e0 Unloading class 0x0000000016a3b400 'java/lang/invoke/LambdaForm$MH+0x0000000016a3b400'
Event: 3806.664 Thread 0x000002420bff72e0 Unloading class 0x000000001641d800 'java/lang/invoke/LambdaForm$MH+0x000000001641d800'
Event: 3806.664 Thread 0x000002420bff72e0 Unloading class 0x00000000163a1800 'java/lang/invoke/LambdaForm$MH+0x00000000163a1800'
Event: 3806.664 Thread 0x000002420bff72e0 Unloading class 0x000000001608cc00 'java/lang/invoke/LambdaForm$MH+0x000000001608cc00'
Event: 3806.664 Thread 0x000002420bff72e0 Unloading class 0x0000000016358000 'java/lang/invoke/LambdaForm$MH+0x0000000016358000'
Event: 3806.664 Thread 0x000002420bff72e0 Unloading class 0x0000000016438000 'java/lang/invoke/LambdaForm$MH+0x0000000016438000'
Event: 3806.665 Thread 0x000002420bff72e0 Unloading class 0x0000000016490000 'java/lang/invoke/LambdaForm$MH+0x0000000016490000'
Event: 3806.665 Thread 0x000002420bff72e0 Unloading class 0x00000000163dc000 'java/lang/invoke/LambdaForm$MH+0x00000000163dc000'
Event: 3806.665 Thread 0x000002420bff72e0 Unloading class 0x00000000163d0400 'java/lang/invoke/LambdaForm$MH+0x00000000163d0400'
Event: 3806.665 Thread 0x000002420bff72e0 Unloading class 0x00000000163a2c00 'java/lang/invoke/LambdaForm$MH+0x00000000163a2c00'

Classes redefined (0 events):
No events

Internal exceptions (20 events):
Event: 1043.480 Thread 0x000002421fb563c0 Exception <a 'java/io/IOException'{0x00000000c6f33bd0}> (0x00000000c6f33bd0) 
thrown [s\open\src\hotspot\share\prims\jni.cpp, line 516]
Event: 1043.481 Thread 0x000002421fb563c0 Exception <a 'java/io/IOException'{0x00000000c6f345f0}> (0x00000000c6f345f0) 
thrown [s\open\src\hotspot\share\prims\jni.cpp, line 516]
Event: 1045.258 Thread 0x000002421fb563c0 Exception <a 'java/io/FileNotFoundException'{0x00000000caec7c80}> (0x00000000caec7c80) 
thrown [s\open\src\hotspot\share\prims\jni.cpp, line 516]
Event: 1045.261 Thread 0x000002421fb53cb0 Exception <a 'java/io/FileNotFoundException'{0x00000000caee9a10}> (0x00000000caee9a10) 
thrown [s\open\src\hotspot\share\prims\jni.cpp, line 516]
Event: 1050.898 Thread 0x000002421fb563c0 Exception <a 'java/io/IOException'{0x00000000c944e660}> (0x00000000c944e660) 
thrown [s\open\src\hotspot\share\prims\jni.cpp, line 516]
Event: 1050.909 Thread 0x000002421fb563c0 Exception <a 'java/io/IOException'{0x00000000c9457d48}> (0x00000000c9457d48) 
thrown [s\open\src\hotspot\share\prims\jni.cpp, line 516]
Event: 1050.924 Thread 0x000002421fb53cb0 Exception <a 'java/io/IOException'{0x00000000c94bb368}> (0x00000000c94bb368) 
thrown [s\open\src\hotspot\share\prims\jni.cpp, line 516]
Event: 1050.928 Thread 0x000002421fb53cb0 Exception <a 'java/io/IOException'{0x00000000c94c4a50}> (0x00000000c94c4a50) 
thrown [s\open\src\hotspot\share\prims\jni.cpp, line 516]
Event: 1052.963 Thread 0x000002421fb563c0 Exception <a 'java/net/BindException'{0x00000000ca9f96d0}: Address already in use: bind> (0x00000000ca9f96d0) 
thrown [s\open\src\hotspot\share\prims\jni.cpp, line 534]
Event: 1052.986 Thread 0x000002421fb563c0 Exception <a 'java/net/BindException'{0x00000000ca877c18}: Address already in use: bind> (0x00000000ca877c18) 
thrown [s\open\src\hotspot\share\prims\jni.cpp, line 534]
Event: 1052.998 Thread 0x00000242272470e0 Exception <a 'java/lang/InterruptedException'{0x00000000ca8e8930}: sleep interrupted> (0x00000000ca8e8930) 
thrown [s\open\src\hotspot\share\prims\jvm.cpp, line 2904]
Event: 1052.999 Thread 0x000002421fb53cb0 Exception <a 'java/net/BindException'{0x00000000ca8fdf00}: Address already in use: bind> (0x00000000ca8fdf00) 
thrown [s\open\src\hotspot\share\prims\jni.cpp, line 534]
Event: 1053.022 Thread 0x000002421fb53cb0 Exception <a 'java/net/BindException'{0x00000000ca62ee98}: Address already in use: bind> (0x00000000ca62ee98) 
thrown [s\open\src\hotspot\share\prims\jni.cpp, line 534]
Event: 1053.027 Thread 0x0000024227249fc0 Exception <a 'java/lang/InterruptedException'{0x00000000ca74a678}: sleep interrupted> (0x00000000ca74a678) 
thrown [s\open\src\hotspot\share\prims\jvm.cpp, line 2904]
Event: 1053.073 Thread 0x0000024221be4450 Exception <a 'java/lang/InterruptedException'{0x00000000ca6ed798}: sleep interrupted> (0x00000000ca6ed798) 
thrown [s\open\src\hotspot\share\prims\jvm.cpp, line 2904]
Event: 1053.098 Thread 0x000002421fb53cb0 Exception <a 'java/lang/NoClassDefFoundError'{0x00000000ca6a35f8}: liquibase/exception/ChangeLogParseException> (0x00000000ca6a35f8) 
thrown [s\open\src\hotspot\share\classfile\systemDictionary.cpp, line 316]
Event: 1054.627 Thread 0x0000024221be05d0 Exception <a 'java/lang/InterruptedException'{0x00000000ca52ce18}: sleep interrupted> (0x00000000ca52ce18) 
thrown [s\open\src\hotspot\share\prims\jvm.cpp, line 2904]
Event: 1054.645 Thread 0x000002421fb563c0 Exception <a 'java/lang/NoClassDefFoundError'{0x00000000ca7dbe38}: liquibase/exception/ChangeLogParseException> (0x00000000ca7dbe38) 
thrown [s\open\src\hotspot\share\classfile\systemDictionary.cpp, line 316]
Event: 3756.229 Thread 0x0000024227248850 Exception <a 'sun/nio/fs/WindowsException'{0x00000000c9385c58}> (0x00000000c9385c58) 
thrown [s\open\src\hotspot\share\prims\jni.cpp, line 516]
Event: 3756.251 Thread 0x00000242272478b0 Exception <a 'sun/nio/fs/WindowsException'{0x00000000c93af670}> (0x00000000c93af670) 
thrown [s\open\src\hotspot\share\prims\jni.cpp, line 516]

VM Operations (20 events):
Event: 3796.947 Executing safepoint VM operation: G1CollectForAllocation (G1 Evacuation Pause) done
Event: 3796.949 Executing non-safepoint VM operation: HandshakeAllThreads (HandshakeForDeflation)
Event: 3797.038 Executing non-safepoint VM operation: HandshakeAllThreads (HandshakeForDeflation) done
Event: 3797.038 Executing non-safepoint VM operation: RendezvousGCThreads
Event: 3797.038 Executing non-safepoint VM operation: RendezvousGCThreads done
Event: 3799.679 Executing safepoint VM operation: G1CollectForAllocation (G1 Evacuation Pause)
Event: 3799.835 Executing safepoint VM operation: G1CollectForAllocation (G1 Evacuation Pause) done
Event: 3803.022 Executing safepoint VM operation: G1CollectForAllocation (G1 Evacuation Pause)
Event: 3803.791 Executing safepoint VM operation: G1CollectForAllocation (G1 Evacuation Pause) done
Event: 3804.507 Executing safepoint VM operation: G1CollectForAllocation (G1 Evacuation Pause)
Event: 3804.547 Executing safepoint VM operation: G1CollectForAllocation (G1 Evacuation Pause) done
Event: 3806.628 Executing safepoint VM operation: G1PauseRemark
Event: 3817.490 Executing safepoint VM operation: G1PauseRemark done
Event: 3817.512 Executing safepoint VM operation: G1CollectForAllocation (G1 Evacuation Pause)
Event: 3817.613 Executing safepoint VM operation: G1CollectForAllocation (G1 Evacuation Pause) done
Event: 3817.757 Executing safepoint VM operation: G1PauseCleanup
Event: 3817.796 Executing safepoint VM operation: G1PauseCleanup done
Event: 3818.198 Executing safepoint VM operation: G1CollectForAllocation (G1 Evacuation Pause)
Event: 3818.216 Executing safepoint VM operation: G1CollectForAllocation (G1 Evacuation Pause) done
Event: 3818.514 Executing safepoint VM operation: G1CollectForAllocation (G1 Evacuation Pause)

Memory protections (0 events):
No events

Nmethod flushes (20 events):
Event: 1870.884 Thread 0x000002420bff72e0 flushing  nmethod 0x0000024215501988
Event: 1870.884 Thread 0x000002420bff72e0 flushing  nmethod 0x000002421551ad88
Event: 1870.884 Thread 0x000002420bff72e0 flushing  nmethod 0x000002421551b688
Event: 1870.884 Thread 0x000002420bff72e0 flushing  nmethod 0x000002421551b988
Event: 1870.884 Thread 0x000002420bff72e0 flushing  nmethod 0x000002421551bc88
Event: 1870.884 Thread 0x000002420bff72e0 flushing  nmethod 0x000002421551bf88
Event: 1870.884 Thread 0x000002420bff72e0 flushing  nmethod 0x000002421551c388
Event: 1870.884 Thread 0x000002420bff72e0 flushing  nmethod 0x0000024215523988
Event: 1870.884 Thread 0x000002420bff72e0 flushing  nmethod 0x0000024215527f08
Event: 1870.884 Thread 0x000002420bff72e0 flushing  nmethod 0x0000024215528208
Event: 1870.884 Thread 0x000002420bff72e0 flushing  nmethod 0x0000024215528808
Event: 1870.884 Thread 0x000002420bff72e0 flushing  nmethod 0x0000024215529108
Event: 1870.884 Thread 0x000002420bff72e0 flushing  nmethod 0x0000024215529a08
Event: 1870.884 Thread 0x000002420bff72e0 flushing  nmethod 0x000002421553ae88
Event: 1870.884 Thread 0x000002420bff72e0 flushing  nmethod 0x000002421553c708
Event: 1870.884 Thread 0x000002420bff72e0 flushing  nmethod 0x000002421553d508
Event: 1870.884 Thread 0x000002420bff72e0 flushing  nmethod 0x000002421553d808
Event: 1870.884 Thread 0x000002420bff72e0 flushing  nmethod 0x000002421556bf08
Event: 1870.884 Thread 0x000002420bff72e0 flushing  nmethod 0x000002421556d508
Event: 1870.884 Thread 0x000002420bff72e0 flushing  nmethod 0x000002421556db08

Events (20 events):
Event: 1053.031 Thread 0x00000242219d5b70 Thread exited: 0x00000242219d5b70
Event: 1053.031 Thread 0x00000242219d6b10 Thread exited: 0x00000242219d6b10
Event: 1053.038 Thread 0x00000242272497f0 Thread exited: 0x00000242272497f0
Event: 1053.073 Thread 0x0000024221be4450 Thread exited: 0x0000024221be4450
Event: 1054.614 Thread 0x0000024221be34b0 Thread exited: 0x0000024221be34b0
Event: 1054.614 Thread 0x0000024221be3c80 Thread exited: 0x0000024221be3c80
Event: 1054.627 Thread 0x0000024221be05d0 Thread exited: 0x0000024221be05d0
Event: 1054.641 Thread 0x00000242271d3c30 Thread exited: 0x00000242271d3c30
Event: 1054.646 Thread 0x0000024221be2ce0 Thread exited: 0x0000024221be2ce0
Event: 1054.646 Thread 0x0000024221bddec0 Thread exited: 0x0000024221bddec0
Event: 1054.790 Thread 0x000002421fb53cb0 Thread exited: 0x000002421fb53cb0
Event: 1054.791 Thread 0x0000024221be2510 Thread added: 0x0000024227248080
Event: 1054.791 Thread 0x000002421fb563c0 Thread exited: 0x000002421fb563c0
Event: 1054.791 Thread 0x0000024227249020 Thread added: 0x00000242272497f0
Event: 3749.854 Thread 0x0000024227249020 Thread added: 0x00000242272478b0
Event: 3749.865 Thread 0x0000024221be2510 Thread added: 0x0000024227248850
Event: 3786.502 Thread 0x00000242272478b0 Thread added: 0x0000024221be2ce0
Event: 3786.520 Thread 0x0000024227248850 Thread added: 0x0000024221be0da0
Event: 3791.856 Thread 0x0000024221be0da0 Thread exited: 0x0000024221be0da0
Event: 3791.856 Thread 0x0000024221be2ce0 Thread exited: 0x0000024221be2ce0


Dynamic libraries:
0x00007ff62b200000 - 0x00007ff62b210000 	C:\Program Files\Java\jdk-25.0.2\bin\java.exe
0x00007ff911270000 - 0x00007ff911468000 	C:\Windows\SYSTEM32\ntdll.dll
0x00007ff9101b0000 - 0x00007ff910272000 	C:\Windows\System32\KERNEL32.DLL
0x00007ff90e900000 - 0x00007ff90ebf6000 	C:\Windows\System32\KERNELBASE.dll
0x00007ff90f0e0000 - 0x00007ff90f1e0000 	C:\Windows\System32\ucrtbase.dll
0x00007ff8e8b20000 - 0x00007ff8e8b37000 	C:\Program Files\Java\jdk-25.0.2\bin\jli.dll
0x00007ff90f8c0000 - 0x00007ff90fa61000 	C:\Windows\System32\USER32.dll
0x00007ff90ec30000 - 0x00007ff90ec52000 	C:\Windows\System32\win32u.dll
0x00007ff8e40f0000 - 0x00007ff8e410e000 	C:\Program Files\Java\jdk-25.0.2\bin\VCRUNTIME140.dll
0x00007ff90fcb0000 - 0x00007ff90fcdb000 	C:\Windows\System32\GDI32.dll
0x00007ff90ed80000 - 0x00007ff90ee99000 	C:\Windows\System32\gdi32full.dll
0x00007ff90ece0000 - 0x00007ff90ed7d000 	C:\Windows\System32\msvcp_win.dll
0x00007ff8fa7c0000 - 0x00007ff8faa5b000 	C:\Windows\WinSxS\amd64_microsoft.windows.common-controls_6595b64144ccf1df_6.0.19041.6456_none_60b8a6cb71f64256\COMCTL32.dll
0x00007ff910110000 - 0x00007ff9101ae000 	C:\Windows\System32\msvcrt.dll
0x00007ff90fa70000 - 0x00007ff90fa9f000 	C:\Windows\System32\IMM32.DLL
0x00007ff8f0820000 - 0x00007ff8f082c000 	C:\Program Files\Java\jdk-25.0.2\bin\vcruntime140_1.dll
0x00007ff8d1c10000 - 0x00007ff8d1c9d000 	C:\Program Files\Java\jdk-25.0.2\bin\msvcp140.dll
0x00007ff89f710000 - 0x00007ff8a056f000 	C:\Program Files\Java\jdk-25.0.2\bin\server\jvm.dll
0x00007ff90fb50000 - 0x00007ff90fc01000 	C:\Windows\System32\ADVAPI32.dll
0x00007ff90fc10000 - 0x00007ff90fcaf000 	C:\Windows\System32\sechost.dll
0x00007ff90ff70000 - 0x00007ff910090000 	C:\Windows\System32\RPCRT4.dll
0x00007ff90ec00000 - 0x00007ff90ec27000 	C:\Windows\System32\bcrypt.dll
0x00007ff90ff00000 - 0x00007ff90ff6b000 	C:\Windows\System32\WS2_32.dll
0x00007ff90de40000 - 0x00007ff90de8b000 	C:\Windows\SYSTEM32\POWRPROF.dll
0x00007ff8fab20000 - 0x00007ff8fab47000 	C:\Windows\SYSTEM32\WINMM.dll
0x00007ff909fe0000 - 0x00007ff909fea000 	C:\Windows\SYSTEM32\VERSION.dll
0x00007ff90dd00000 - 0x00007ff90dd12000 	C:\Windows\SYSTEM32\UMPDC.dll
0x00007ff90d140000 - 0x00007ff90d152000 	C:\Windows\SYSTEM32\kernel.appcore.dll
0x00007ff8f0550000 - 0x00007ff8f055a000 	C:\Program Files\Java\jdk-25.0.2\bin\jimage.dll
0x00007ff90cdf0000 - 0x00007ff90cff1000 	C:\Windows\SYSTEM32\DBGHELP.DLL
0x00007ff906da0000 - 0x00007ff906dd4000 	C:\Windows\SYSTEM32\dbgcore.DLL
0x00007ff90eea0000 - 0x00007ff90ef22000 	C:\Windows\System32\bcryptPrimitives.dll
0x00007ff8e0fa0000 - 0x00007ff8e0fbf000 	C:\Program Files\Java\jdk-25.0.2\bin\java.dll
0x00007ff911100000 - 0x00007ff91122b000 	C:\Windows\System32\ole32.dll
0x00007ff90f3a0000 - 0x00007ff90f6f4000 	C:\Windows\System32\combase.dll
0x00007ff910520000 - 0x00007ff910c90000 	C:\Windows\System32\SHELL32.dll
0x00007ff90c640000 - 0x00007ff90cde5000 	C:\Windows\SYSTEM32\windows.storage.dll
0x00007ff90e330000 - 0x00007ff90e35b000 	C:\Windows\SYSTEM32\Wldp.dll
0x00007ff90f790000 - 0x00007ff90f85d000 	C:\Windows\System32\OLEAUT32.dll
0x00007ff90f290000 - 0x00007ff90f33d000 	C:\Windows\System32\SHCORE.dll
0x00007ff910300000 - 0x00007ff91035b000 	C:\Windows\System32\shlwapi.dll
0x00007ff90e830000 - 0x00007ff90e854000 	C:\Windows\SYSTEM32\profapi.dll
0x00007ff8e0f30000 - 0x00007ff8e0f42000 	C:\Program Files\Java\jdk-25.0.2\bin\net.dll
0x00007ff90e090000 - 0x00007ff90e0fa000 	C:\Windows\system32\mswsock.dll
0x00007ff8e0de0000 - 0x00007ff8e0df6000 	C:\Program Files\Java\jdk-25.0.2\bin\nio.dll
0x00007ff8e0460000 - 0x00007ff8e0477000 	C:\Program Files\Java\jdk-25.0.2\bin\zip.dll
0x00007ff8f8c60000 - 0x00007ff8f8c6a000 	C:\Program Files\Java\jdk-25.0.2\bin\management.dll
0x00007ff8ed2a0000 - 0x00007ff8ed2ac000 	C:\Program Files\Java\jdk-25.0.2\bin\management_ext.dll
0x00007ff90fef0000 - 0x00007ff90fef8000 	C:\Windows\System32\PSAPI.DLL
0x00007ff8eda60000 - 0x00007ff8eda6e000 	C:\Program Files\Java\jdk-25.0.2\bin\sunmscapi.dll
0x00007ff90ef80000 - 0x00007ff90f0dd000 	C:\Windows\System32\CRYPT32.dll
0x00007ff90e3a0000 - 0x00007ff90e3c7000 	C:\Windows\SYSTEM32\ncrypt.dll
0x00007ff90e360000 - 0x00007ff90e39b000 	C:\Windows\SYSTEM32\NTASN1.dll
0x00007ff90e280000 - 0x00007ff90e298000 	C:\Windows\SYSTEM32\CRYPTSP.dll
0x00007ff90d940000 - 0x00007ff90d978000 	C:\Windows\system32\rsaenh.dll
0x00007ff90e7f0000 - 0x00007ff90e81e000 	C:\Windows\SYSTEM32\USERENV.dll
0x00007ff90e2a0000 - 0x00007ff90e2ac000 	C:\Windows\SYSTEM32\CRYPTBASE.dll
0x00007ff90dd20000 - 0x00007ff90dd5b000 	C:\Windows\SYSTEM32\IPHLPAPI.DLL
0x00007ff910360000 - 0x00007ff910368000 	C:\Windows\System32\NSI.dll
0x00007ff8f03e0000 - 0x00007ff8f03f0000 	C:\Program Files\Java\jdk-25.0.2\bin\verify.dll
0x00007ff90dd70000 - 0x00007ff90de3a000 	C:\Windows\SYSTEM32\DNSAPI.dll
0x00007ff9036e0000 - 0x00007ff9036ea000 	C:\Windows\System32\rasadhlp.dll
0x00007ff9048a0000 - 0x00007ff904920000 	C:\Windows\System32\fwpuclnt.dll
0x00007ff8f0110000 - 0x00007ff8f0119000 	C:\Program Files\Java\jdk-25.0.2\bin\extnet.dll
0x00007ff8f24f0000 - 0x00007ff8f24f7000 	C:\Windows\system32\wshunix.dll

JVMTI agents: none

dbghelp: loaded successfully - version: 4.0.5 - missing functions: none
symbol engine: initialized successfully - sym options: 0x614 - pdb path: .;C:\Program Files\Java\jdk-25.0.2\bin;C:\Windows\SYSTEM32;C:\Windows\WinSxS\amd64_microsoft.windows.common-controls_6595b64144ccf1df_6.0.19041.6456_none_60b8a6cb71f64256;C:\Program Files\Java\jdk-25.0.2\bin\server

VM Arguments:
jvm_args: -XX:TieredStopAtLevel=1 
java_command: com.codeforce.CodeForceApplication
java_class_path (initial): C:\Users\adnan\git\Code_Force-2\target\classes;C:\Users\adnan\.m2\repository\ch\qos\logback\logback-classic\1.5.16\logback-classic-1.5.16.jar;C:\Users\adnan\.m2\repository\ch\qos\logback\logback-core\1.5.16\logback-core-1.5.16.jar;C:\Users\adnan\.m2\repository\org\apache\logging\log4j\log4j-to-slf4j\2.24.3\log4j-to-slf4j-2.24.3.jar;C:\Users\adnan\.m2\repository\org\apache\logging\log4j\log4j-api\2.24.3\log4j-api-2.24.3.jar;C:\Users\adnan\.m2\repository\org\slf4j\jul-to-slf4j\2.0.16\jul-to-slf4j-2.0.16.jar;C:\Users\adnan\.m2\repository\jakarta\annotation\jakarta.annotation-api\2.1.1\jakarta.annotation-api-2.1.1.jar;C:\Users\adnan\.m2\repository\org\yaml\snakeyaml\2.3\snakeyaml-2.3.jar;C:\Users\adnan\.m2\repository\com\fasterxml\jackson\core\jackson-databind\2.18.2\jackson-databind-2.18.2.jar;C:\Users\adnan\.m2\repository\com\fasterxml\jackson\core\jackson-annotations\2.18.2\jackson-annotations-2.18.2.jar;C:\Users\adnan\.m2\repository\com\fasterxml\jackson\core\jackson-core\2.18.2\jackson-core-2.18.2.jar;C:\Users\adnan\.m2\repository\com\fasterxml\jackson\datatype\jackson-datatype-jdk8\2.18.2\jackson-datatype-jdk8-2.18.2.jar;C:\Users\adnan\.m2\repository\com\fasterxml\jackson\datatype\jackson-datatype-jsr310\2.18.2\jackson-datatype-jsr310-2.18.2.jar;C:\Users\adnan\.m2\repository\com\fasterxml\jackson\module\jackson-module-parameter-names\2.18.2\jackson-module-parameter-names-2.18.2.jar;C:\Users\adnan\.m2\repository\org\apache\tomcat\embed\tomcat-embed-websocket\10.1.36\tomcat-embed-websocket-10.1.36.jar;C:\Users\adnan\.m2\repository\org\springframework\spring-web\6.2.3\spring-web-6.2.3.jar;C:\Users\adnan\.m2\repository\org\springframework\spring-beans\6.2.3\spring-beans-6.2.3.jar;C:\Users\adnan\.m2\repository\io\micrometer\micrometer-observation\1.14.4\micrometer-observation-1.14.4.jar;C:\Users\adnan\.m2\repository\io\micrometer\micrometer-commons\1.14.4\micrometer-commons-1.14.4.jar;C:\Users\adnan\.m2\repository\org\springframework\spring-webmvc\6.2.3\spring-webmvc-6.2.3.jar;C:\Users\adnan\.m2\repository\org\springframework\spring-aop\6.2.3\spring-aop-6.2.3.jar;C:\Users\adnan\.m2\repository\org\springframework\spring-context\6.2.3\spring-context-6.2.3.jar;C:\Users\adnan\.m2\repository\org\springframework\spring-expression\6.2.3\spring-expression-6.2.3.jar;C:\Users\adnan\.m2\repository\com\zaxxer\HikariCP\5.1.0\HikariCP-5.1.0.jar;C:\Users\adnan\.m2\repository\org\springframework\spring-jdbc\6.2.3\spring-jdbc-6.2.3.jar;C:\Users\adnan\.m2\repository\org\hibernate\orm\hibernate-core\6.6.8.Final\hibernate-core-6.6.8.Final.jar;C:\Users\adnan\.m2\repository\jakarta\persistence\jakarta.persistence-api\3.1.0\jakarta.persistence-api-3.1.0.jar;C:\Users\adnan\.m2\repository\jakarta\transaction\jakarta.transaction-api\2.0.1\jakarta.transaction-api-2.0.1.jar;C:\Users\adnan\.m2\repository\org\jboss\logging\jboss-logging\3.6.1.Final\jboss-logging-3.6.1.Final.jar;C:\Users\adnan\.m2\repository\org\hibernate\common\hibernate-commons-annotations\7.0.3.Final\hibernate-commons-annotations-7.0.3.Final.jar;C:\Users\adnan\.m2\repository\io\smallrye\jandex\3.2.0\jandex-3.2.0.jar;C:\Users\adnan\.m2\repository\com\fasterxml\classmate\1.7.0\classmate-1.7.0.jar;C:\Users\adnan\.m2\repository\net\bytebuddy\byte-buddy\1.15.11\byte-buddy-1.15.11.jar;C:\Users\adnan\.m2\repository\org\glassfish\jaxb\jaxb-runtime\4.0.5\jaxb-runtime-4.0.5.jar;C:\Users\adnan\.m2\repository\org\glassfish\jaxb\jaxb-core\4.0.5\jaxb-core-4.0.5.jar;C:\Users\adnan\.m2\repository\org\eclipse\angus\angus-activation\2.0.2\angus-activation-2.0.2.jar;C:\Users\adnan\.m2\repository\org\glassfish\jaxb\txw2\4.0.5\txw2-4.0.5.jar;C:\Users\adnan\.m2\repository\com\sun\istack\istack-commons-runtime\4.1.2\istack-commons-runtime-4.1.2.jar;C:\Users\adnan\.m2\repository\jakarta\inject\jakarta.inject-api\2.0.1\jakarta.inject-api-2.0.1.jar;C:\Users\adnan\.m2\repository\org\antlr\antlr4-runtime\4.13.0\antlr4-runtime-4.13.0.jar;C:\Users\adnan\.m2\repository\org\springframework\data\spring-data-jpa\3.4.3\spring-data-jpa-3.4.3.jar;C:\Users\adnan\.m2\repository\org\springframework\data\spring-data-commons\3.4.3\spring-data-commons-3.4.3.jar;C:\Users\adnan\.m2\repository\org\springframework\spring-orm\6.2.3\spring-orm-6.2.3.jar;C:\Users\adnan\.m2\repository\org\springframework\spring-tx\6.2.3\spring-tx-6.2.3.jar;C:\Users\adnan\.m2\repository\org\slf4j\slf4j-api\2.0.16\slf4j-api-2.0.16.jar;C:\Users\adnan\.m2\repository\org\springframework\spring-aspects\6.2.3\spring-aspects-6.2.3.jar;C:\Users\adnan\.m2\repository\org\aspectj\aspectjweaver\1.9.22.1\aspectjweaver-1.9.22.1.jar;C:\Users\adnan\.m2\repository\org\apache\tomcat\embed\tomcat-embed-el\10.1.36\tomcat-embed-el-10.1.36.jar;C:\Users\adnan\.m2\repository\org\hibernate\validator\hibernate-validator\8.0.2.Final\hibernate-validator-8.0.2.Final.jar;C:\Users\adnan\.m2\repository\jakarta\validation\jakarta.validation-api\3.0.2\jakarta.validation-api-3.0.2.jar;C:\Users\adnan\.m2\repository\com\mysql\mysql-connector-j\9.1.0\mysql-connector-j-9.1.0.jar;C:\Users\adnan\.m2\repository\org\apache\tomcat\embed\tomcat-embed-jasper\10.1.36\tomcat-embed-jasper-10.1.36.jar;C:\Users\adnan\.m2\repository\org\apache\tomcat\embed\tomcat-embed-core\10.1.36\tomcat-embed-core-10.1.36.jar;C:\Users\adnan\.m2\repository\org\apache\tomcat\tomcat-annotations-api\10.1.36\tomcat-annotations-api-10.1.36.jar;C:\Users\adnan\.m2\repository\org\eclipse\jdt\ecj\3.33.0\ecj-3.33.0.jar;C:\Users\adnan\.m2\repository\jakarta\servlet\jsp\jstl\jakarta.servlet.jsp.jstl-api\3.0.2\jakarta.servlet.jsp.jstl-api-3.0.2.jar;C:\Users\adnan\.m2\repository\jakarta\servlet\jakarta.servlet-api\6.0.0\jakarta.servlet-api-6.0.0.jar;C:\Users\adnan\.m2\repository\jakarta\el\jakarta.el-api\5.0.0\jakarta.el-api-5.0.0.jar;C:\Users\adnan\.m2\repository\org\glassfish\web\jakarta.servlet.jsp.jstl\3.0.1\jakarta.servlet.jsp.jstl-3.0.1.jar;C:\Users\adnan\.m2\repository\org\springframework\boot\spring-boot-devtools\3.4.3\spring-boot-devtools-3.4.3.jar;C:\Users\adnan\.m2\repository\org\springframework\boot\spring-boot\3.4.3\spring-boot-3.4.3.jar;C:\Users\adnan\.m2\repository\org\springframework\boot\spring-boot-autoconfigure\3.4.3\spring-boot-autoconfigure-3.4.3.jar;C:\Users\adnan\.m2\repository\jakarta\xml\bind\jakarta.xml.bind-api\4.0.2\jakarta.xml.bind-api-4.0.2.jar;C:\Users\adnan\.m2\repository\jakarta\activation\jakarta.activation-api\2.1.3\jakarta.activation-api-2.1.3.jar;C:\Users\adnan\.m2\repository\org\springframework\spring-core\6.2.3\spring-core-6.2.3.jar;C:\Users\adnan\.m2\repository\org\springframework\spring-jcl\6.2.3\spring-jcl-6.2.3.jar
Launcher Type: SUN_STANDARD

[Global flags]
     intx CICompilerCount                          = 3                                         {product} {ergonomic}
     uint ConcGCThreads                            = 1                                         {product} {ergonomic}
     uint G1ConcRefinementThreads                  = 4                                         {product} {ergonomic}
   size_t G1HeapRegionSize                         = 1048576                                   {product} {ergonomic}
   size_t InitialHeapSize                          = 67108864                                  {product} {ergonomic}
   size_t MarkStackSize                            = 4194304                                   {product} {ergonomic}
   size_t MarkStackSizeMax                         = 536870912                                 {product} {ergonomic}
   size_t MaxHeapSize                              = 1042284544                                {product} {ergonomic}
   size_t MaxNewSize                               = 624951296                                 {product} {ergonomic}
   size_t MinHeapDeltaBytes                        = 1048576                                   {product} {ergonomic}
   size_t MinHeapSize                              = 8388608                                   {product} {ergonomic}
    uintx NonNMethodCodeHeapSize                   = 4096                                   {pd product} {ergonomic}
    uintx NonProfiledCodeHeapSize                  = 0                                      {pd product} {ergonomic}
     bool ProfileInterpreter                       = false                                  {pd product} {command line}
    uintx ProfiledCodeHeapSize                     = 0                                      {pd product} {ergonomic}
   size_t SoftMaxHeapSize                          = 1042284544                             {manageable} {ergonomic}
     intx TieredStopAtLevel                        = 1                                         {product} {command line}
     bool UseCompressedOops                        = true                           {product lp64_product} {ergonomic}
     bool UseG1GC                                  = true                                      {product} {ergonomic}
     bool UseLargePagesIndividualAllocation        = false                                  {pd product} {ergonomic}

Logging:
Log output configuration:
 #0: stdout all=warning uptime,level,tags foldmultilines=false
 #1: stderr all=off uptime,level,tags foldmultilines=false

Release file:
IMPLEMENTOR="Oracle Corporation" 
JAVA_RUNTIME_VERSION="25.0.2+10-LTS-69" 
JAVA_VERSION="25.0.2" 
JAVA_VERSION_DATE="2026-01-20" 
LIBC="default" 
MODULES="java.base java.compiler java.datatransfer java.xml java.prefs java.desktop java.instrument java.logging java.management java.security.sasl java.naming java.rmi java.management.rmi java.net.http java.scripting java.security.jgss java.transaction.xa java.sql java.sql.rowset java.xml.crypto java.se java.smartcardio jdk.accessibility jdk.internal.jvmstat jdk.attach jdk.charsets jdk.internal.opt jdk.zipfs jdk.compiler jdk.crypto.cryptoki jdk.crypto.ec jdk.crypto.mscapi jdk.dynalink jdk.internal.ed jdk.editpad jdk.internal.vm.ci jdk.graal.compiler jdk.graal.compiler.management jdk.hotspot.agent jdk.httpserver jdk.incubator.vector jdk.internal.le jdk.internal.md jdk.jartool jdk.javadoc jdk.jcmd jdk.management jdk.management.agent jdk.jconsole jdk.jdeps jdk.jdwp.agent jdk.jdi jdk.jfr jdk.jlink jdk.jpackage jdk.jshell jdk.jsobject jdk.jstatd jdk.localedata jdk.management.jfr jdk.naming.dns jdk.naming.rmi jdk.net jdk.nio.mapmode jdk.sctp jdk.security.auth jdk.security.jgss jdk.unsupported jdk.unsupported.desktop jdk.xml.dom" 
OS_ARCH="x86_64" 
OS_NAME="Windows" 
SOURCE=".:git:b75efb40c93a open:git:405a5699ebd0" 

Environment Variables:
JAVA_HOME=C:\Program Files\Java\jdk-25.0.2
PATH=C:\Program Files\Common Files\Oracle\Java\javapath;C:\Program Files (x86)\Common Files\Oracle\Java\java8path;C:\Program Files (x86)\Common Files\Oracle\Java\javapath;C:\Windows\system32;C:\Windows;C:\Windows\System32\Wbem;C:\Windows\System32\WindowsPowerShell\v1.0\;C:\Windows\System32\OpenSSH\;C:\Program Files\Java\jdk-25.0.2\bin;C:\Program Files\Git\cmd;C:\Program Files\MySQL\MySQL Shell 8.0\bin\;C:\Users\adnan\AppData\Local\Microsoft\WindowsApps;C:\Users\adnan\AppData\Local\Programs\Antigravity\bin
USERNAME=adnan
OS=Windows_NT
PROCESSOR_IDENTIFIER=Intel64 Family 6 Model 142 Stepping 9, GenuineIntel
TMP=C:\Users\adnan\AppData\Local\Temp
TEMP=C:\Users\adnan\AppData\Local\Temp




Compilation memory statistics disabled.

Periodic native trim disabled

---------------  S Y S T E M  ---------------

OS:
 Windows 10 , 64 bit Build 19041 (10.0.19041.5915)
OS uptime: 11 days 22:38 hours

CPU: total 4 (initial active 4) (2 cores per cpu, 2 threads per core) family 6 model 142 stepping 9 microcode 0xb4, cx8, cmov, fxsr, ht, mmx, 3dnowpref, sse, sse2, sse3, ssse3, sse4.1, sse4.2, popcnt, lzcnt, tsc, tscinvbit, avx, avx2, aes, erms, clmul, bmi1, bmi2, adx, fma, vzeroupper, clflush, clflushopt, rdtscp, f16c
Processor Information for the first 4 processors :
  Max Mhz: 2304, Current Mhz: 2304, Mhz Limit: 2304

Memory: 4k page, system-wide physical 3975M (20M free)
TotalPageFile size 16262M (AvailPageFile size 19M)
current process WorkingSet (physical memory assigned to process): 197M, peak: 364M
current process commit charge ("private bytes"): 447M, peak: 637M

vm_info: Java HotSpot(TM) 64-Bit Server VM (25.0.2+10-LTS-69) for windows-amd64 JRE (25.0.2+10-LTS-69), built on 2025-12-18T11:36:35Z with MS VC++ 17.13 (VS2022)

END.
