#
# There is insufficient memory for the Java Runtime Environment to continue.
# Native memory allocation (malloc) failed to allocate 5873112 bytes. Error detail: Chunk::new
# Possible reasons:
#   The system is out of physical RAM or swap space
#   This process is running with CompressedOops enabled, and the Java Heap may be blocking the growth of the native heap
# Possible solutions:
#   Reduce memory load on the system
#   Increase physical memory or swap space
#   Check if swap backing store is full
#   Decrease Java heap size (-Xmx/-Xms)
#   Decrease number of Java threads
#   Decrease Java thread stack sizes (-Xss)
#   Set larger code cache with -XX:ReservedCodeCacheSize=
#   JVM is running with Unscaled Compressed Oops mode in which the Java heap is
#     placed in the first 4GB address space. The Java Heap base address is the
#     maximum limit for the native heap growth. Please use -XX:HeapBaseMinAddress
#     to set the Java Heap base and to place the Java Heap above 4GB virtual address.
# This output file may be truncated or incomplete.
#
#  Out of Memory Error (arena.cpp:186), pid=11820, tid=6156
#
# JRE version: Java(TM) SE Runtime Environment (25.0.2+10) (build 25.0.2+10-LTS-69)
# Java VM: Java HotSpot(TM) 64-Bit Server VM (25.0.2+10-LTS-69, mixed mode, sharing, tiered, compressed oops, compressed class ptrs, g1 gc, windows-amd64)
# No core dump will be written. Minidumps are not enabled by default on client versions of Windows
#

---------------  S U M M A R Y ------------

Command Line: --enable-native-access=ALL-UNNAMED -Dclassworlds.conf=C:\Users\adnan\.m2\wrapper\dists\apache-maven-3.9.14\ed7edd442f634ac1c1ef5ba2b61b6d690b5221091f1a8e1123f5fadcc967520d\bin\m2.conf -Dmaven.home=C:\Users\adnan\.m2\wrapper\dists\apache-maven-3.9.14\ed7edd442f634ac1c1ef5ba2b61b6d690b5221091f1a8e1123f5fadcc967520d -Dlibrary.jansi.path=C:\Users\adnan\.m2\wrapper\dists\apache-maven-3.9.14\ed7edd442f634ac1c1ef5ba2b61b6d690b5221091f1a8e1123f5fadcc967520d\lib\jansi-native -Dmaven.multiModuleProjectDirectory=C:\Users\adnan\git\Code_Force-2 org.codehaus.plexus.classworlds.launcher.Launcher spring-boot:run

Host: Intel(R) Core(TM) i3-7020U CPU @ 2.30GHz, 4 cores, 3G,  Windows 10 , 64 bit Build 19041 (10.0.19041.5915)
Time: Tue Mar 24 13:45:48 2026 India Standard Time elapsed time: 27.618971 seconds (0d 0h 0m 27s)

---------------  T H R E A D  ---------------

Current thread (0x00000218f4c2b1d0):  JavaThread "C2 CompilerThread0" daemon [_thread_in_native, id=6156, stack(0x000000bdf0200000,0x000000bdf0300000) (1024K)]


Current CompileTask:
C2:27619 8707 % !   4       java.util.jar.Attributes::read @ 12 (494 bytes)

Stack: [0x000000bdf0200000,0x000000bdf0300000]
Native frames: (J=compiled Java code, j=interpreted, Vv=VM code, C=native code)
V  [jvm.dll+0x7a70f9]  (no source info available)
V  [jvm.dll+0x772d6d]  (no source info available)
V  [jvm.dll+0x965d53]  (no source info available)
V  [jvm.dll+0x968351]  (no source info available)
V  [jvm.dll+0x968a63]  (no source info available)
V  [jvm.dll+0x2fc846]  (no source info available)
V  [jvm.dll+0x111b16]  (no source info available)
V  [jvm.dll+0x111e3e]  (no source info available)
V  [jvm.dll+0x1a0872]  (no source info available)
V  [jvm.dll+0x3b54c2]  (no source info available)
V  [jvm.dll+0x7aca8f]  (no source info available)
V  [jvm.dll+0x2c0b97]  (no source info available)
V  [jvm.dll+0x2bfb5f]  (no source info available)
V  [jvm.dll+0x2379a0]  (no source info available)
V  [jvm.dll+0x2cfc86]  (no source info available)
V  [jvm.dll+0x2cdf05]  (no source info available)
V  [jvm.dll+0x48e9d1]  (no source info available)
V  [jvm.dll+0x906fcd]  (no source info available)
V  [jvm.dll+0x7a56d5]  (no source info available)
C  [ucrtbase.dll+0x21bb2]  (no source info available)
C  [KERNEL32.DLL+0x17374]  (no source info available)
C  [ntdll.dll+0x4cc91]  (no source info available)

Lock stack of current Java thread (top to bottom):


---------------  P R O C E S S  ---------------

Threads class SMR info:
_java_thread_list=0x00000218f9f0b890, length=12, elements={
0x00000218d78ee8c0, 0x00000218f4c1ff70, 0x00000218f4c20f50, 0x00000218f4c24560,
0x00000218f4c25120, 0x00000218f4c25f60, 0x00000218f4c29b40, 0x00000218f4c2b1d0,
0x00000218f4c32da0, 0x00000218f902c910, 0x00000218f9039960, 0x00000218f9f6ca10
}

Java Threads: ( => current thread )
  0x00000218d78ee8c0 JavaThread "main"                              [_thread_in_native, id=16412, stack(0x000000bdef400000,0x000000bdef500000) (1024K)]
  0x00000218f4c1ff70 JavaThread "Reference Handler"          daemon [_thread_blocked, id=14680, stack(0x000000bdefc00000,0x000000bdefd00000) (1024K)]
  0x00000218f4c20f50 JavaThread "Finalizer"                  daemon [_thread_blocked, id=11132, stack(0x000000bdefd00000,0x000000bdefe00000) (1024K)]
  0x00000218f4c24560 JavaThread "Signal Dispatcher"          daemon [_thread_blocked, id=8292, stack(0x000000bdefe00000,0x000000bdeff00000) (1024K)]
  0x00000218f4c25120 JavaThread "Attach Listener"            daemon [_thread_blocked, id=8384, stack(0x000000bdeff00000,0x000000bdf0000000) (1024K)]
  0x00000218f4c25f60 JavaThread "Service Thread"             daemon [_thread_blocked, id=8204, stack(0x000000bdf0000000,0x000000bdf0100000) (1024K)]
  0x00000218f4c29b40 JavaThread "Monitor Deflation Thread"   daemon [_thread_blocked, id=9072, stack(0x000000bdf0100000,0x000000bdf0200000) (1024K)]
=>0x00000218f4c2b1d0 JavaThread "C2 CompilerThread0"         daemon [_thread_in_native, id=6156, stack(0x000000bdf0200000,0x000000bdf0300000) (1024K)]
  0x00000218f4c32da0 JavaThread "C1 CompilerThread0"         daemon [_thread_blocked, id=400, stack(0x000000bdf0300000,0x000000bdf0400000) (1024K)]
  0x00000218f902c910 JavaThread "Notification Thread"        daemon [_thread_blocked, id=1760, stack(0x000000bdf0400000,0x000000bdf0500000) (1024K)]
  0x00000218f9039960 JavaThread "Common-Cleaner"             daemon [_thread_blocked, id=18796, stack(0x000000bdf0500000,0x000000bdf0600000) (1024K)]
  0x00000218f9f6ca10 JavaThread "Thread-1"                   daemon [_thread_blocked, id=4596, stack(0x000000bdf0900000,0x000000bdf0a00000) (1024K)]
Total: 12

Other Threads:
  0x00000218d9c9e950 VMThread "VM Thread"                           [id=1364, stack(0x000000bdefb00000,0x000000bdefc00000) (1024K)]
  0x00000218f4c0ad10 WatcherThread "VM Periodic Task Thread"        [id=1224, stack(0x000000bdefa00000,0x000000bdefb00000) (1024K)]
  0x00000218d9c0fe20 WorkerThread "GC Thread#0"                     [id=9708, stack(0x000000bdef500000,0x000000bdef600000) (1024K)]
  0x00000218f9bf5460 WorkerThread "GC Thread#1"                     [id=4632, stack(0x000000bdf0600000,0x000000bdf0700000) (1024K)]
  0x00000218f9bc2a10 WorkerThread "GC Thread#2"                     [id=10888, stack(0x000000bdf0700000,0x000000bdf0800000) (1024K)]
  0x00000218f9bc3e50 WorkerThread "GC Thread#3"                     [id=3864, stack(0x000000bdf0800000,0x000000bdf0900000) (1024K)]
  0x00000218d9c1cad0 ConcurrentGCThread "G1 Main Marker"            [id=896, stack(0x000000bdef600000,0x000000bdef700000) (1024K)]
  0x00000218d9c1de10 WorkerThread "G1 Conc#0"                       [id=20348, stack(0x000000bdef700000,0x000000bdef800000) (1024K)]
  0x00000218d9c46b20 ConcurrentGCThread "G1 Refine#0"               [id=10268, stack(0x000000bdef800000,0x000000bdef900000) (1024K)]
  0x00000218d9c47730 ConcurrentGCThread "G1 Service"                [id=2128, stack(0x000000bdef900000,0x000000bdefa00000) (1024K)]
Total: 10

Threads with active compile tasks:
C2 CompilerThread0  27886 8707 % !   4       java.util.jar.Attributes::read @ 12 (494 bytes)
Total: 1

VM state: not at safepoint (normal execution)

VM Mutex/Monitor currently owned by a thread: None

Heap address: 0x00000000c1e00000, size: 994 MB, Compressed Oops mode: 32-bit

CDS archive(s) mapped at: [0x0000000037000000-0x0000000037dd0000-0x0000000037dd0000), size 14483456, SharedBaseAddress: 0x0000000037000000, ArchiveRelocationMode: 1.
Compressed class space mapped at: 0x0000000038000000-0x0000000078000000, reserved size: 1073741824
UseCompressedClassPointers 1, UseCompactObjectHeaders 0
Narrow klass pointer bits 32, Max shift 3
Narrow klass base: 0x0000000037000000, Narrow klass shift: 0
Encoding Range: [0x0000000037000000 - 0x0000000137000000), (4294967296 bytes)
Klass Range:    [0x0000000037010000 - 0x0000000078000000), (1090453504 bytes)
Klass ID Range:  [65536 - 1090519033) (1090453497)
Protection zone: [0x0000000037000000 - 0x0000000037010000), (65536 bytes)

GC Precious Log:
 CardTable entry size: 512
 Card Set container configuration: InlinePtr #cards 5 size 8 Array Of Cards #cards 10 size 36 Howl #buckets 4 coarsen threshold 1843 Howl Bitmap #cards 512 size 80 coarsen threshold 460 Card regions per heap region 1 cards per card region 2048
 CPUs: 4 total, 4 available
 Memory: 3975M
 Large Page Support: Disabled
 NUMA Support: Disabled
 Compressed Oops: Enabled (32-bit)
 Heap Region Size: 1M
 Heap Min Capacity: 8M
 Heap Initial Capacity: 64M
 Heap Max Capacity: 994M
 Pre-touch: Disabled
 Parallel Workers: 4
 Concurrent Workers: 1
 Concurrent Refinement Workers: 4
 Periodic GC: Disabled

Heap:
 garbage-first heap   total reserved 1017856K, committed 109568K, used 72792K [0x00000000c1e00000, 0x0000000100000000)
  region size 1024K, 37 young (37888K), 4 survivors (4096K)

Heap Regions: E=young(eden), S=young(survivor), O=old, HS=humongous(starts), HC=humongous(continues), CS=collection set, F=free, TAMS=top-at-mark-start, PB=parsable bottom
|   0|0x00000000c1e00000, 0x00000000c1f00000, 0x00000000c1f00000|100%| O|  |TAMS 0x00000000c1e00000| PB 0x00000000c1e00000| Untracked |  0
|   1|0x00000000c1f00000, 0x00000000c2000000, 0x00000000c2000000|100%| O|  |TAMS 0x00000000c1f00000| PB 0x00000000c1f00000| Untracked |  0
|   2|0x00000000c2000000, 0x00000000c2100000, 0x00000000c2100000|100%| O|  |TAMS 0x00000000c2000000| PB 0x00000000c2000000| Untracked |  0
|   3|0x00000000c2100000, 0x00000000c2200000, 0x00000000c2200000|100%| O|Cm|TAMS 0x00000000c2100000| PB 0x00000000c2100000| Complete |  0
|   4|0x00000000c2200000, 0x00000000c2300000, 0x00000000c2300000|100%| O|  |TAMS 0x00000000c2200000| PB 0x00000000c2200000| Untracked |  0
|   5|0x00000000c2300000, 0x00000000c2400000, 0x00000000c2400000|100%| O|  |TAMS 0x00000000c2300000| PB 0x00000000c2300000| Untracked |  0
|   6|0x00000000c2400000, 0x00000000c2500000, 0x00000000c2500000|100%| O|  |TAMS 0x00000000c2400000| PB 0x00000000c2400000| Untracked |  0
|   7|0x00000000c2500000, 0x00000000c2600000, 0x00000000c2600000|100%| O|  |TAMS 0x00000000c2500000| PB 0x00000000c2500000| Untracked |  0
|   8|0x00000000c2600000, 0x00000000c2700000, 0x00000000c2700000|100%| O|  |TAMS 0x00000000c2600000| PB 0x00000000c2600000| Untracked |  0
|   9|0x00000000c2700000, 0x00000000c2800000, 0x00000000c2800000|100%| O|  |TAMS 0x00000000c2700000| PB 0x00000000c2700000| Untracked |  0
|  10|0x00000000c2800000, 0x00000000c2900000, 0x00000000c2900000|100%| O|  |TAMS 0x00000000c2800000| PB 0x00000000c2800000| Untracked |  0
|  11|0x00000000c2900000, 0x00000000c2a00000, 0x00000000c2a00000|100%| O|  |TAMS 0x00000000c2900000| PB 0x00000000c2900000| Untracked |  0
|  12|0x00000000c2a00000, 0x00000000c2a00000, 0x00000000c2b00000|  0%| F|  |TAMS 0x00000000c2a00000| PB 0x00000000c2a00000| Untracked |  0
|  13|0x00000000c2b00000, 0x00000000c2b00000, 0x00000000c2c00000|  0%| F|  |TAMS 0x00000000c2b00000| PB 0x00000000c2b00000| Untracked |  0
|  14|0x00000000c2c00000, 0x00000000c2c00000, 0x00000000c2d00000|  0%| F|  |TAMS 0x00000000c2c00000| PB 0x00000000c2c00000| Untracked |  0
|  15|0x00000000c2d00000, 0x00000000c2e00000, 0x00000000c2e00000|100%|HS|  |TAMS 0x00000000c2d00000| PB 0x00000000c2d00000| Complete |  0
|  16|0x00000000c2e00000, 0x00000000c2f00000, 0x00000000c2f00000|100%|HC|  |TAMS 0x00000000c2e00000| PB 0x00000000c2e00000| Complete |  0
|  17|0x00000000c2f00000, 0x00000000c3000000, 0x00000000c3000000|100%|HC|  |TAMS 0x00000000c2f00000| PB 0x00000000c2f00000| Complete |  0
|  18|0x00000000c3000000, 0x00000000c3100000, 0x00000000c3100000|100%|HS|  |TAMS 0x00000000c3000000| PB 0x00000000c3000000| Complete |  0
|  19|0x00000000c3100000, 0x00000000c3200000, 0x00000000c3200000|100%| O|  |TAMS 0x00000000c3100000| PB 0x00000000c3100000| Untracked |  0
|  20|0x00000000c3200000, 0x00000000c3300000, 0x00000000c3300000|100%| O|  |TAMS 0x00000000c3200000| PB 0x00000000c3200000| Untracked |  0
|  21|0x00000000c3300000, 0x00000000c3400000, 0x00000000c3400000|100%| O|  |TAMS 0x00000000c3300000| PB 0x00000000c3300000| Untracked |  0
|  22|0x00000000c3400000, 0x00000000c3400000, 0x00000000c3500000|  0%| F|  |TAMS 0x00000000c3400000| PB 0x00000000c3400000| Untracked |  0
|  23|0x00000000c3500000, 0x00000000c3500000, 0x00000000c3600000|  0%| F|  |TAMS 0x00000000c3500000| PB 0x00000000c3500000| Untracked |  0
|  24|0x00000000c3600000, 0x00000000c3600000, 0x00000000c3700000|  0%| F|  |TAMS 0x00000000c3600000| PB 0x00000000c3600000| Untracked |  0
|  25|0x00000000c3700000, 0x00000000c3700000, 0x00000000c3800000|  0%| F|  |TAMS 0x00000000c3700000| PB 0x00000000c3700000| Untracked |  0
|  26|0x00000000c3800000, 0x00000000c3800000, 0x00000000c3900000|  0%| F|  |TAMS 0x00000000c3800000| PB 0x00000000c3800000| Untracked |  0
|  27|0x00000000c3900000, 0x00000000c3900000, 0x00000000c3a00000|  0%| F|  |TAMS 0x00000000c3900000| PB 0x00000000c3900000| Untracked |  0
|  28|0x00000000c3a00000, 0x00000000c3a00000, 0x00000000c3b00000|  0%| F|  |TAMS 0x00000000c3a00000| PB 0x00000000c3a00000| Untracked |  0
|  29|0x00000000c3b00000, 0x00000000c3c00000, 0x00000000c3c00000|100%| O|  |TAMS 0x00000000c3b00000| PB 0x00000000c3b00000| Untracked |  0
|  30|0x00000000c3c00000, 0x00000000c3d00000, 0x00000000c3d00000|100%| O|  |TAMS 0x00000000c3c00000| PB 0x00000000c3c00000| Untracked |  0
|  31|0x00000000c3d00000, 0x00000000c3e00000, 0x00000000c3e00000|100%| O|  |TAMS 0x00000000c3d00000| PB 0x00000000c3d00000| Untracked |  0
|  32|0x00000000c3e00000, 0x00000000c3f00000, 0x00000000c3f00000|100%| O|  |TAMS 0x00000000c3e00000| PB 0x00000000c3e00000| Untracked |  0
|  33|0x00000000c3f00000, 0x00000000c4000000, 0x00000000c4000000|100%| O|  |TAMS 0x00000000c3f00000| PB 0x00000000c3f00000| Untracked |  0
|  34|0x00000000c4000000, 0x00000000c4100000, 0x00000000c4100000|100%| O|  |TAMS 0x00000000c4000000| PB 0x00000000c4000000| Untracked |  0
|  35|0x00000000c4100000, 0x00000000c4180000, 0x00000000c4200000| 50%| O|  |TAMS 0x00000000c4100000| PB 0x00000000c4100000| Untracked |  0
|  36|0x00000000c4200000, 0x00000000c4200000, 0x00000000c4300000|  0%| F|  |TAMS 0x00000000c4200000| PB 0x00000000c4200000| Untracked |  0
|  37|0x00000000c4300000, 0x00000000c4300000, 0x00000000c4400000|  0%| F|  |TAMS 0x00000000c4300000| PB 0x00000000c4300000| Untracked |  0
|  38|0x00000000c4400000, 0x00000000c4400000, 0x00000000c4500000|  0%| F|  |TAMS 0x00000000c4400000| PB 0x00000000c4400000| Untracked |  0
|  39|0x00000000c4500000, 0x00000000c4500000, 0x00000000c4600000|  0%| F|  |TAMS 0x00000000c4500000| PB 0x00000000c4500000| Untracked |  0
|  40|0x00000000c4600000, 0x00000000c4600000, 0x00000000c4700000|  0%| F|  |TAMS 0x00000000c4600000| PB 0x00000000c4600000| Untracked |  0
|  41|0x00000000c4700000, 0x00000000c4796000, 0x00000000c4800000| 58%| S|CS|TAMS 0x00000000c4700000| PB 0x00000000c4700000| Complete |  0
|  42|0x00000000c4800000, 0x00000000c4900000, 0x00000000c4900000|100%| S|CS|TAMS 0x00000000c4800000| PB 0x00000000c4800000| Complete |  0
|  43|0x00000000c4900000, 0x00000000c4a00000, 0x00000000c4a00000|100%| S|CS|TAMS 0x00000000c4900000| PB 0x00000000c4900000| Complete |  0
|  44|0x00000000c4a00000, 0x00000000c4b00000, 0x00000000c4b00000|100%| S|CS|TAMS 0x00000000c4a00000| PB 0x00000000c4a00000| Complete |  0
|  45|0x00000000c4b00000, 0x00000000c4c00000, 0x00000000c4c00000|100%| O|  |TAMS 0x00000000c4b00000| PB 0x00000000c4b00000| Untracked |  0
|  46|0x00000000c4c00000, 0x00000000c4d00000, 0x00000000c4d00000|100%| O|  |TAMS 0x00000000c4c00000| PB 0x00000000c4c00000| Untracked |  0
|  47|0x00000000c4d00000, 0x00000000c4d00000, 0x00000000c4e00000|  0%| F|  |TAMS 0x00000000c4d00000| PB 0x00000000c4d00000| Untracked |  0
|  48|0x00000000c4e00000, 0x00000000c4e00000, 0x00000000c4f00000|  0%| F|  |TAMS 0x00000000c4e00000| PB 0x00000000c4e00000| Untracked |  0
|  49|0x00000000c4f00000, 0x00000000c4f00000, 0x00000000c5000000|  0%| F|  |TAMS 0x00000000c4f00000| PB 0x00000000c4f00000| Untracked |  0
|  50|0x00000000c5000000, 0x00000000c5000000, 0x00000000c5100000|  0%| F|  |TAMS 0x00000000c5000000| PB 0x00000000c5000000| Untracked |  0
|  51|0x00000000c5100000, 0x00000000c5100000, 0x00000000c5200000|  0%| F|  |TAMS 0x00000000c5100000| PB 0x00000000c5100000| Untracked |  0
|  52|0x00000000c5200000, 0x00000000c5200000, 0x00000000c5300000|  0%| F|  |TAMS 0x00000000c5200000| PB 0x00000000c5200000| Untracked |  0
|  53|0x00000000c5300000, 0x00000000c5300000, 0x00000000c5400000|  0%| F|  |TAMS 0x00000000c5300000| PB 0x00000000c5300000| Untracked |  0
|  54|0x00000000c5400000, 0x00000000c5400000, 0x00000000c5500000|  0%| F|  |TAMS 0x00000000c5400000| PB 0x00000000c5400000| Untracked |  0
|  55|0x00000000c5500000, 0x00000000c5500000, 0x00000000c5600000|  0%| F|  |TAMS 0x00000000c5500000| PB 0x00000000c5500000| Untracked |  0
|  56|0x00000000c5600000, 0x00000000c5600000, 0x00000000c5700000|  0%| F|  |TAMS 0x00000000c5600000| PB 0x00000000c5600000| Untracked |  0
|  57|0x00000000c5700000, 0x00000000c5700000, 0x00000000c5800000|  0%| F|  |TAMS 0x00000000c5700000| PB 0x00000000c5700000| Untracked |  0
|  58|0x00000000c5800000, 0x00000000c5800000, 0x00000000c5900000|  0%| F|  |TAMS 0x00000000c5800000| PB 0x00000000c5800000| Untracked |  0
|  59|0x00000000c5900000, 0x00000000c5900000, 0x00000000c5a00000|  0%| F|  |TAMS 0x00000000c5900000| PB 0x00000000c5900000| Untracked |  0
|  60|0x00000000c5a00000, 0x00000000c5a00000, 0x00000000c5b00000|  0%| F|  |TAMS 0x00000000c5a00000| PB 0x00000000c5a00000| Untracked |  0
|  61|0x00000000c5b00000, 0x00000000c5b00000, 0x00000000c5c00000|  0%| F|  |TAMS 0x00000000c5b00000| PB 0x00000000c5b00000| Untracked |  0
|  62|0x00000000c5c00000, 0x00000000c5c00000, 0x00000000c5d00000|  0%| F|  |TAMS 0x00000000c5c00000| PB 0x00000000c5c00000| Untracked |  0
|  63|0x00000000c5d00000, 0x00000000c5d00000, 0x00000000c5e00000|  0%| F|  |TAMS 0x00000000c5d00000| PB 0x00000000c5d00000| Untracked |  0
|  64|0x00000000c5e00000, 0x00000000c5e00000, 0x00000000c5f00000|  0%| F|  |TAMS 0x00000000c5e00000| PB 0x00000000c5e00000| Untracked |  0
|  65|0x00000000c5f00000, 0x00000000c5f00000, 0x00000000c6000000|  0%| F|  |TAMS 0x00000000c5f00000| PB 0x00000000c5f00000| Untracked |  0
|  66|0x00000000c6000000, 0x00000000c6100000, 0x00000000c6100000|100%| E|  |TAMS 0x00000000c6000000| PB 0x00000000c6000000| Complete |  0
|  67|0x00000000c6100000, 0x00000000c6200000, 0x00000000c6200000|100%| E|CS|TAMS 0x00000000c6100000| PB 0x00000000c6100000| Complete |  0
|  68|0x00000000c6200000, 0x00000000c6300000, 0x00000000c6300000|100%| E|CS|TAMS 0x00000000c6200000| PB 0x00000000c6200000| Complete |  0
|  69|0x00000000c6300000, 0x00000000c6400000, 0x00000000c6400000|100%| E|CS|TAMS 0x00000000c6300000| PB 0x00000000c6300000| Complete |  0
|  70|0x00000000c6400000, 0x00000000c6500000, 0x00000000c6500000|100%| E|CS|TAMS 0x00000000c6400000| PB 0x00000000c6400000| Complete |  0
|  71|0x00000000c6500000, 0x00000000c6600000, 0x00000000c6600000|100%| E|CS|TAMS 0x00000000c6500000| PB 0x00000000c6500000| Complete |  0
|  72|0x00000000c6600000, 0x00000000c6700000, 0x00000000c6700000|100%| E|CS|TAMS 0x00000000c6600000| PB 0x00000000c6600000| Complete |  0
|  73|0x00000000c6700000, 0x00000000c6800000, 0x00000000c6800000|100%| E|CS|TAMS 0x00000000c6700000| PB 0x00000000c6700000| Complete |  0
|  74|0x00000000c6800000, 0x00000000c6900000, 0x00000000c6900000|100%| E|CS|TAMS 0x00000000c6800000| PB 0x00000000c6800000| Complete |  0
|  75|0x00000000c6900000, 0x00000000c6a00000, 0x00000000c6a00000|100%| E|CS|TAMS 0x00000000c6900000| PB 0x00000000c6900000| Complete |  0
|  76|0x00000000c6a00000, 0x00000000c6b00000, 0x00000000c6b00000|100%| E|CS|TAMS 0x00000000c6a00000| PB 0x00000000c6a00000| Complete |  0
|  77|0x00000000c6b00000, 0x00000000c6c00000, 0x00000000c6c00000|100%| E|CS|TAMS 0x00000000c6b00000| PB 0x00000000c6b00000| Complete |  0
|  78|0x00000000c6c00000, 0x00000000c6d00000, 0x00000000c6d00000|100%| E|CS|TAMS 0x00000000c6c00000| PB 0x00000000c6c00000| Complete |  0
|  79|0x00000000c6d00000, 0x00000000c6e00000, 0x00000000c6e00000|100%| E|CS|TAMS 0x00000000c6d00000| PB 0x00000000c6d00000| Complete |  0
|  80|0x00000000c6e00000, 0x00000000c6f00000, 0x00000000c6f00000|100%| E|CS|TAMS 0x00000000c6e00000| PB 0x00000000c6e00000| Complete |  0
|  81|0x00000000c6f00000, 0x00000000c7000000, 0x00000000c7000000|100%| E|CS|TAMS 0x00000000c6f00000| PB 0x00000000c6f00000| Complete |  0
|  82|0x00000000c7000000, 0x00000000c7100000, 0x00000000c7100000|100%| E|CS|TAMS 0x00000000c7000000| PB 0x00000000c7000000| Complete |  0
|  83|0x00000000c7100000, 0x00000000c7200000, 0x00000000c7200000|100%| E|CS|TAMS 0x00000000c7100000| PB 0x00000000c7100000| Complete |  0
|  84|0x00000000c7200000, 0x00000000c7300000, 0x00000000c7300000|100%| E|CS|TAMS 0x00000000c7200000| PB 0x00000000c7200000| Complete |  0
|  85|0x00000000c7300000, 0x00000000c7400000, 0x00000000c7400000|100%| E|CS|TAMS 0x00000000c7300000| PB 0x00000000c7300000| Complete |  0
|  86|0x00000000c7400000, 0x00000000c7500000, 0x00000000c7500000|100%| E|CS|TAMS 0x00000000c7400000| PB 0x00000000c7400000| Complete |  0
|  87|0x00000000c7500000, 0x00000000c7600000, 0x00000000c7600000|100%| E|CS|TAMS 0x00000000c7500000| PB 0x00000000c7500000| Complete |  0
|  88|0x00000000c7600000, 0x00000000c7700000, 0x00000000c7700000|100%| E|CS|TAMS 0x00000000c7600000| PB 0x00000000c7600000| Complete |  0
|  89|0x00000000c7700000, 0x00000000c7800000, 0x00000000c7800000|100%| E|CS|TAMS 0x00000000c7700000| PB 0x00000000c7700000| Complete |  0
|  90|0x00000000c7800000, 0x00000000c7900000, 0x00000000c7900000|100%| E|CS|TAMS 0x00000000c7800000| PB 0x00000000c7800000| Complete |  0
|  91|0x00000000c7900000, 0x00000000c7a00000, 0x00000000c7a00000|100%| E|CS|TAMS 0x00000000c7900000| PB 0x00000000c7900000| Complete |  0
|  92|0x00000000c7a00000, 0x00000000c7b00000, 0x00000000c7b00000|100%| E|CS|TAMS 0x00000000c7a00000| PB 0x00000000c7a00000| Complete |  0
|  93|0x00000000c7b00000, 0x00000000c7c00000, 0x00000000c7c00000|100%| E|CS|TAMS 0x00000000c7b00000| PB 0x00000000c7b00000| Complete |  0
|  94|0x00000000c7c00000, 0x00000000c7d00000, 0x00000000c7d00000|100%| E|CS|TAMS 0x00000000c7c00000| PB 0x00000000c7c00000| Complete |  0
|  95|0x00000000c7d00000, 0x00000000c7e00000, 0x00000000c7e00000|100%| E|CS|TAMS 0x00000000c7d00000| PB 0x00000000c7d00000| Complete |  0
|  96|0x00000000c7e00000, 0x00000000c7f00000, 0x00000000c7f00000|100%| E|CS|TAMS 0x00000000c7e00000| PB 0x00000000c7e00000| Complete |  0
|  97|0x00000000c7f00000, 0x00000000c8000000, 0x00000000c8000000|100%| E|CS|TAMS 0x00000000c7f00000| PB 0x00000000c7f00000| Complete |  0
| 985|0x00000000ff700000, 0x00000000ff800000, 0x00000000ff800000|100%| O|  |TAMS 0x00000000ff700000| PB 0x00000000ff700000| Untracked |  0
| 986|0x00000000ff800000, 0x00000000ff900000, 0x00000000ff900000|100%| O|  |TAMS 0x00000000ff800000| PB 0x00000000ff800000| Untracked |  0
| 987|0x00000000ff900000, 0x00000000ffa00000, 0x00000000ffa00000|100%| O|  |TAMS 0x00000000ff900000| PB 0x00000000ff900000| Untracked |  0
| 988|0x00000000ffa00000, 0x00000000ffb00000, 0x00000000ffb00000|100%| O|  |TAMS 0x00000000ffa00000| PB 0x00000000ffa00000| Untracked |  0
| 989|0x00000000ffb00000, 0x00000000ffc00000, 0x00000000ffc00000|100%| O|  |TAMS 0x00000000ffb00000| PB 0x00000000ffb00000| Untracked |  0
| 990|0x00000000ffc00000, 0x00000000ffd00000, 0x00000000ffd00000|100%| O|  |TAMS 0x00000000ffc00000| PB 0x00000000ffc00000| Untracked |  0
| 991|0x00000000ffd00000, 0x00000000ffe00000, 0x00000000ffe00000|100%| O|  |TAMS 0x00000000ffd00000| PB 0x00000000ffd00000| Untracked |  0
| 992|0x00000000ffe00000, 0x00000000fff00000, 0x00000000fff00000|100%| O|  |TAMS 0x00000000ffe00000| PB 0x00000000ffe00000| Untracked |  0
| 993|0x00000000fff00000, 0x0000000100000000, 0x0000000100000000|100%| E|CS|TAMS 0x00000000fff00000| PB 0x00000000fff00000| Complete |  0

Card table byte_map: [0x00000218f1670000,0x00000218f1870000] _byte_map_base: 0x00000218f1061000

Marking Bits: (CMBitMap*) 0x00000218d9c105b0
 Bits: [0x00000218f1870000, 0x00000218f27f8000)

Polling page: 0x00000218d7ae0000

Metaspace:
Metaspace        used 30889K, committed 31296K, reserved 1114112K
 class space     used 3643K, committed 3840K, reserved 1048576K

Usage:
  Non-class:     26.61 MB used.
      Class:      3.56 MB used.
       Both:     30.17 MB used.

Virtual space:
  Non-class space:       64.00 MB reserved,      26.81 MB ( 42%) committed,  1 nodes.
      Class space:        1.00 GB reserved,       3.75 MB ( <1%) committed,  1 nodes.
             Both:        1.06 GB reserved,      30.56 MB (  3%) committed. 

Chunk freelists:
   Non-Class:  5.11 MB
       Class:  12.23 MB
        Both:  17.34 MB

MaxMetaspaceSize: unlimited
CompressedClassSpaceSize: 1.00 GB
Initial GC threshold: 21.00 MB
Current GC threshold: 47.12 MB
CDS: on
 - commit_granule_bytes: 65536.
 - commit_granule_words: 8192.
 - virtual_space_node_default_size: 8388608.
 - enlarge_chunks_in_place: 1.
UseCompressedClassPointers 1, UseCompactObjectHeaders 0
Narrow klass pointer bits 32, Max shift 3
Narrow klass base: 0x0000000037000000, Narrow klass shift: 0
Encoding Range: [0x0000000037000000 - 0x0000000137000000), (4294967296 bytes)
Klass Range:    [0x0000000037010000 - 0x0000000078000000), (1090453504 bytes)
Klass ID Range:  [65536 - 1090519033) (1090453497)
Protection zone: [0x0000000037000000 - 0x0000000037010000), (65536 bytes)


Internal statistics:

num_allocs_failed_limit: 3.
num_arena_births: 294.
num_arena_deaths: 0.
num_vsnodes_births: 2.
num_vsnodes_deaths: 0.
num_space_committed: 489.
num_space_uncommitted: 0.
num_chunks_returned_to_freelist: 3.
num_chunks_taken_from_freelist: 1458.
num_chunk_merges: 3.
num_chunk_splits: 1019.
num_chunks_enlarged: 801.
num_inconsistent_stats: 0.

CodeHeap 'non-profiled nmethods': size=120064Kb used=3094Kb max_used=3094Kb free=116969Kb
 bounds [0x00000218e9f30000, 0x00000218ea240000, 0x00000218f1470000]
CodeHeap 'profiled nmethods': size=120000Kb used=13817Kb max_used=13817Kb free=106182Kb
 bounds [0x00000218e2470000, 0x00000218e31f0000, 0x00000218e99a0000]
CodeHeap 'non-nmethods': size=5696Kb used=1456Kb max_used=1525Kb free=4239Kb
 bounds [0x00000218e99a0000, 0x00000218e9c10000, 0x00000218e9f30000]
CodeCache: size=245760Kb, used=18367Kb, max_used=18436Kb, free=227390Kb
 total_blobs=8533, nmethods=7956, adapters=479, full_count=0
Compilation: enabled, stopped_count=0, restarted_count=0

Compilation events (20 events):
Event: 27.444 Thread 0x00000218f4c32da0 nmethod 8699 0x00000218e31e0e88 code [0x00000218e31e0f80, 0x00000218e31e6db8]
Event: 27.444 Thread 0x00000218f4c32da0 8700       3       java.nio.file.Path::of (9 bytes)
Event: 27.444 Thread 0x00000218f4c32da0 nmethod 8700 0x00000218e31e6e08 code [0x00000218e31e6f00, 0x00000218e31e72a0]
Event: 27.444 Thread 0x00000218f4c32da0 8701       3       java.nio.file.Paths::get (6 bytes)
Event: 27.445 Thread 0x00000218f4c32da0 nmethod 8701 0x00000218e31e7308 code [0x00000218e31e7400, 0x00000218e31e7800]
Event: 27.446 Thread 0x00000218f4c32da0 8702       3       sun.nio.fs.NativeBuffers::getNativeBufferFromCache (51 bytes)
Event: 27.447 Thread 0x00000218f4c32da0 nmethod 8702 0x00000218e31e7808 code [0x00000218e31e7900, 0x00000218e31e7fc8]
Event: 27.448 Thread 0x00000218f4c32da0 8703       3       sun.nio.fs.NativeBuffers::releaseNativeBuffer (97 bytes)
Event: 27.449 Thread 0x00000218f4c2b1d0 8704       4       jdk.internal.misc.Unsafe::putChar (8 bytes)
Event: 27.449 Thread 0x00000218f4c2b1d0 nmethod 8704 0x00000218ea235688 code [0x00000218ea235780, 0x00000218ea235800]
Event: 27.450 Thread 0x00000218f4c32da0 nmethod 8703 0x00000218e31e8008 code [0x00000218e31e8100, 0x00000218e31e9bf0]
Event: 27.450 Thread 0x00000218f4c32da0 8705   !   3       sun.nio.fs.WindowsPath::initOffsets (153 bytes)
Event: 27.453 Thread 0x00000218f4c32da0 nmethod 8705 0x00000218e31e9c08 code [0x00000218e31e9d00, 0x00000218e31ec448]
Event: 27.453 Thread 0x00000218f4c32da0 8706       3       sun.nio.fs.WindowsPath::createFromNormalizedPath (7 bytes)
Event: 27.454 Thread 0x00000218f4c32da0 nmethod 8706 0x00000218e31ec488 code [0x00000218e31ec580, 0x00000218e31ec6a0]
Event: 27.454 Thread 0x00000218f4c2b1d0 8707 % !   4       java.util.jar.Attributes::read @ 12 (494 bytes)
Event: 27.455 Thread 0x00000218f4c32da0 8708       3       sun.nio.fs.WindowsNativeDispatcher::asNativeBuffer (102 bytes)
Event: 27.457 Thread 0x00000218f4c32da0 nmethod 8708 0x00000218e31ec788 code [0x00000218e31ec880, 0x00000218e31ed608]
Event: 27.602 Thread 0x00000218f4c32da0 8709  s    3       java.io.FileDescriptor::attach (73 bytes)
Event: 27.603 Thread 0x00000218f4c32da0 nmethod 8709 0x00000218e31ed688 code [0x00000218e31ed780, 0x00000218e31ee300]

GC Heap Usage History (20 events):
Event: 6.247 {heap Before GC invocations=2 (full 0):
 garbage-first heap   total reserved 1017856K, committed 67584K, used 39276K [0x00000000c1e00000, 0x0000000100000000)
  region size 1024K, 35 young (35840K), 3 survivors (3072K)
}
Event: 6.270 {heap After GC invocations=3 (full 0):
 garbage-first heap   total reserved 1017856K, committed 67584K, used 10276K [0x00000000c1e00000, 0x0000000100000000)
  region size 1024K, 5 young (5120K), 5 survivors (5120K)
}
Event: 8.740 {heap Before GC invocations=3 (full 0):
 garbage-first heap   total reserved 1017856K, committed 67584K, used 44068K [0x00000000c1e00000, 0x0000000100000000)
  region size 1024K, 38 young (38912K), 5 survivors (5120K)
}
Event: 8.771 {heap After GC invocations=4 (full 0):
 garbage-first heap   total reserved 1017856K, committed 67584K, used 14550K [0x00000000c1e00000, 0x0000000100000000)
  region size 1024K, 4 young (4096K), 4 survivors (4096K)
}
Event: 11.230 {heap Before GC invocations=4 (full 0):
 garbage-first heap   total reserved 1017856K, committed 67584K, used 48342K [0x00000000c1e00000, 0x0000000100000000)
  region size 1024K, 37 young (37888K), 4 survivors (4096K)
}
Event: 11.244 {heap After GC invocations=5 (full 0):
 garbage-first heap   total reserved 1017856K, committed 67584K, used 15199K [0x00000000c1e00000, 0x0000000100000000)
  region size 1024K, 2 young (2048K), 2 survivors (2048K)
}
Event: 12.027 {heap Before GC invocations=5 (full 0):
 garbage-first heap   total reserved 1017856K, committed 67584K, used 32607K [0x00000000c1e00000, 0x0000000100000000)
  region size 1024K, 12 young (12288K), 2 survivors (2048K)
}
Event: 12.037 {heap After GC invocations=6 (full 0):
 garbage-first heap   total reserved 1017856K, committed 67584K, used 24321K [0x00000000c1e00000, 0x0000000100000000)
  region size 1024K, 3 young (3072K), 3 survivors (3072K)
}
Event: 12.041 {heap Before GC invocations=6 (full 0):
 garbage-first heap   total reserved 1017856K, committed 67584K, used 36609K [0x00000000c1e00000, 0x0000000100000000)
  region size 1024K, 4 young (4096K), 3 survivors (3072K)
}
Event: 12.049 {heap After GC invocations=7 (full 0):
 garbage-first heap   total reserved 1017856K, committed 67584K, used 36461K [0x00000000c1e00000, 0x0000000100000000)
  region size 1024K, 3 young (3072K), 3 survivors (3072K)
}
Event: 13.563 {heap Before GC invocations=8 (full 0):
 garbage-first heap   total reserved 1017856K, committed 83968K, used 72301K [0x00000000c1e00000, 0x0000000100000000)
  region size 1024K, 25 young (25600K), 3 survivors (3072K)
}
Event: 13.575 {heap After GC invocations=9 (full 0):
 garbage-first heap   total reserved 1017856K, committed 83968K, used 17043K [0x00000000c1e00000, 0x0000000100000000)
  region size 1024K, 2 young (2048K), 2 survivors (2048K)
}
Event: 16.313 {heap Before GC invocations=9 (full 0):
 garbage-first heap   total reserved 1017856K, committed 83968K, used 71315K [0x00000000c1e00000, 0x0000000100000000)
  region size 1024K, 49 young (50176K), 2 survivors (2048K)
}
Event: 16.352 {heap After GC invocations=10 (full 0):
 garbage-first heap   total reserved 1017856K, committed 91136K, used 39424K [0x00000000c1e00000, 0x0000000100000000)
  region size 1024K, 7 young (7168K), 7 survivors (7168K)
}
Event: 19.238 {heap Before GC invocations=10 (full 0):
 garbage-first heap   total reserved 1017856K, committed 91136K, used 73216K [0x00000000c1e00000, 0x0000000100000000)
  region size 1024K, 41 young (41984K), 7 survivors (7168K)
}
Event: 19.270 {heap After GC invocations=11 (full 0):
 garbage-first heap   total reserved 1017856K, committed 109568K, used 42496K [0x00000000c1e00000, 0x0000000100000000)
  region size 1024K, 3 young (3072K), 3 survivors (3072K)
}
Event: 19.944 {heap Before GC invocations=11 (full 0):
 garbage-first heap   total reserved 1017856K, committed 109568K, used 52736K [0x00000000c1e00000, 0x0000000100000000)
  region size 1024K, 14 young (14336K), 3 survivors (3072K)
}
Event: 19.959 {heap After GC invocations=12 (full 0):
 garbage-first heap   total reserved 1017856K, committed 109568K, used 42837K [0x00000000c1e00000, 0x0000000100000000)
  region size 1024K, 4 young (4096K), 4 survivors (4096K)
}
Event: 22.736 {heap Before GC invocations=13 (full 0):
 garbage-first heap   total reserved 1017856K, committed 109568K, used 88917K [0x00000000c1e00000, 0x0000000100000000)
  region size 1024K, 52 young (53248K), 4 survivors (4096K)
}
Event: 22.750 {heap After GC invocations=14 (full 0):
 garbage-first heap   total reserved 1017856K, committed 109568K, used 40024K [0x00000000c1e00000, 0x0000000100000000)
  region size 1024K, 4 young (4096K), 4 survivors (4096K)
}

Metaspace Usage History (20 events):
Event: 6.247 {metaspace Before GC invocations=2 (full 0):
 Metaspace       used 14735K, committed 14976K, reserved 1114112K
  class space    used 1816K, committed 1920K, reserved 1048576K
}
Event: 6.270 {metaspace After GC invocations=3 (full 0):
 Metaspace       used 14735K, committed 14976K, reserved 1114112K
  class space    used 1816K, committed 1920K, reserved 1048576K
}
Event: 8.740 {metaspace Before GC invocations=3 (full 0):
 Metaspace       used 15614K, committed 15808K, reserved 1114112K
  class space    used 1900K, committed 1984K, reserved 1048576K
}
Event: 8.771 {metaspace After GC invocations=4 (full 0):
 Metaspace       used 15614K, committed 15808K, reserved 1114112K
  class space    used 1900K, committed 1984K, reserved 1048576K
}
Event: 11.230 {metaspace Before GC invocations=4 (full 0):
 Metaspace       used 16067K, committed 16320K, reserved 1114112K
  class space    used 1919K, committed 2048K, reserved 1048576K
}
Event: 11.244 {metaspace After GC invocations=5 (full 0):
 Metaspace       used 16067K, committed 16320K, reserved 1114112K
  class space    used 1919K, committed 2048K, reserved 1048576K
}
Event: 12.027 {metaspace Before GC invocations=5 (full 0):
 Metaspace       used 16998K, committed 17216K, reserved 1114112K
  class space    used 2039K, committed 2112K, reserved 1048576K
}
Event: 12.037 {metaspace After GC invocations=6 (full 0):
 Metaspace       used 16998K, committed 17216K, reserved 1114112K
  class space    used 2039K, committed 2112K, reserved 1048576K
}
Event: 12.041 {metaspace Before GC invocations=6 (full 0):
 Metaspace       used 16998K, committed 17216K, reserved 1114112K
  class space    used 2039K, committed 2112K, reserved 1048576K
}
Event: 12.049 {metaspace After GC invocations=7 (full 0):
 Metaspace       used 16998K, committed 17216K, reserved 1114112K
  class space    used 2039K, committed 2112K, reserved 1048576K
}
Event: 13.563 {metaspace Before GC invocations=8 (full 0):
 Metaspace       used 19537K, committed 19840K, reserved 1114112K
  class space    used 2336K, committed 2496K, reserved 1048576K
}
Event: 13.575 {metaspace After GC invocations=9 (full 0):
 Metaspace       used 19537K, committed 19840K, reserved 1114112K
  class space    used 2336K, committed 2496K, reserved 1048576K
}
Event: 16.313 {metaspace Before GC invocations=9 (full 0):
 Metaspace       used 25740K, committed 26112K, reserved 1114112K
  class space    used 3078K, committed 3264K, reserved 1048576K
}
Event: 16.352 {metaspace After GC invocations=10 (full 0):
 Metaspace       used 25740K, committed 26112K, reserved 1114112K
  class space    used 3078K, committed 3264K, reserved 1048576K
}
Event: 19.238 {metaspace Before GC invocations=10 (full 0):
 Metaspace       used 27828K, committed 28160K, reserved 1114112K
  class space    used 3305K, committed 3456K, reserved 1048576K
}
Event: 19.270 {metaspace After GC invocations=11 (full 0):
 Metaspace       used 27828K, committed 28160K, reserved 1114112K
  class space    used 3305K, committed 3456K, reserved 1048576K
}
Event: 19.944 {metaspace Before GC invocations=11 (full 0):
 Metaspace       used 28526K, committed 28800K, reserved 1114112K
  class space    used 3384K, committed 3520K, reserved 1048576K
}
Event: 19.959 {metaspace After GC invocations=12 (full 0):
 Metaspace       used 28526K, committed 28800K, reserved 1114112K
  class space    used 3384K, committed 3520K, reserved 1048576K
}
Event: 22.737 {metaspace Before GC invocations=13 (full 0):
 Metaspace       used 28977K, committed 29376K, reserved 1114112K
  class space    used 3405K, committed 3584K, reserved 1048576K
}
Event: 22.750 {metaspace After GC invocations=14 (full 0):
 Metaspace       used 28977K, committed 29376K, reserved 1114112K
  class space    used 3405K, committed 3584K, reserved 1048576K
}

Dll operation events (7 events):
Event: 0.015 Loaded shared library C:\Program Files\Java\jdk-25.0.2\bin\java.dll
Event: 0.113 Loaded shared library C:\Program Files\Java\jdk-25.0.2\bin\net.dll
Event: 0.122 Loaded shared library C:\Program Files\Java\jdk-25.0.2\bin\nio.dll
Event: 0.140 Loaded shared library C:\Program Files\Java\jdk-25.0.2\bin\zip.dll
Event: 0.552 Loaded shared library C:\Users\adnan\.m2\wrapper\dists\apache-maven-3.9.14\ed7edd442f634ac1c1ef5ba2b61b6d690b5221091f1a8e1123f5fadcc967520d\lib\jansi-native\Windows\x86_64\jansi.dll
Event: 0.585 Loaded shared library C:\Program Files\Java\jdk-25.0.2\bin\verify.dll
Event: 0.599 Loaded shared library C:\Program Files\Java\jdk-25.0.2\bin\jimage.dll

Deoptimization events (20 events):
Event: 27.358 Thread 0x00000218d78ee8c0 Uncommon trap: trap_request=0xffffffde fr.pc=0x00000218ea16acd4 relative=0x00000000000040d4
Event: 27.358 Thread 0x00000218d78ee8c0 Uncommon trap: reason=class_check action=maybe_recompile pc=0x00000218ea16acd4 method=java.nio.file.FileTreeWalker.getAttributes(Ljava/nio/file/Path;Z)Ljava/nio/file/attribute/BasicFileAttributes; @ 5 c2
Event: 27.358 Thread 0x00000218d78ee8c0 DEOPT PACKING pc=0x00000218ea16acd4 sp=0x000000bdef4fdab0
Event: 27.358 Thread 0x00000218d78ee8c0 DEOPT UNPACKING pc=0x00000218e9abd082 sp=0x000000bdef4fda98 mode 2
Event: 27.358 Thread 0x00000218d78ee8c0 Uncommon trap: trap_request=0xffffff45 fr.pc=0x00000218ea0eb170 relative=0x00000000000001f0
Event: 27.358 Thread 0x00000218d78ee8c0 Uncommon trap: reason=unstable_if action=reinterpret pc=0x00000218ea0eb170 method=sun.nio.fs.NativeBuffers.getNativeBufferFromCache(I)Lsun/nio/fs/NativeBuffer; @ 18 c2
Event: 27.358 Thread 0x00000218d78ee8c0 DEOPT PACKING pc=0x00000218ea0eb170 sp=0x000000bdef4fd790
Event: 27.358 Thread 0x00000218d78ee8c0 DEOPT UNPACKING pc=0x00000218e9abd082 sp=0x000000bdef4fd720 mode 2
Event: 27.358 Thread 0x00000218d78ee8c0 Uncommon trap: trap_request=0xffffffde fr.pc=0x00000218ea16acd4 relative=0x00000000000040d4
Event: 27.358 Thread 0x00000218d78ee8c0 Uncommon trap: reason=class_check action=maybe_recompile pc=0x00000218ea16acd4 method=java.nio.file.FileTreeWalker.getAttributes(Ljava/nio/file/Path;Z)Ljava/nio/file/attribute/BasicFileAttributes; @ 5 c2
Event: 27.358 Thread 0x00000218d78ee8c0 DEOPT PACKING pc=0x00000218ea16acd4 sp=0x000000bdef4fdab0
Event: 27.358 Thread 0x00000218d78ee8c0 DEOPT UNPACKING pc=0x00000218e9abd082 sp=0x000000bdef4fda98 mode 2
Event: 27.359 Thread 0x00000218d78ee8c0 Uncommon trap: trap_request=0xffffffde fr.pc=0x00000218ea16acd4 relative=0x00000000000040d4
Event: 27.359 Thread 0x00000218d78ee8c0 Uncommon trap: reason=class_check action=maybe_recompile pc=0x00000218ea16acd4 method=java.nio.file.FileTreeWalker.getAttributes(Ljava/nio/file/Path;Z)Ljava/nio/file/attribute/BasicFileAttributes; @ 5 c2
Event: 27.359 Thread 0x00000218d78ee8c0 DEOPT PACKING pc=0x00000218ea16acd4 sp=0x000000bdef4fdab0
Event: 27.359 Thread 0x00000218d78ee8c0 DEOPT UNPACKING pc=0x00000218e9abd082 sp=0x000000bdef4fda98 mode 2
Event: 27.360 Thread 0x00000218d78ee8c0 Uncommon trap: trap_request=0xffffff45 fr.pc=0x00000218ea109970 relative=0x00000000000001f0
Event: 27.360 Thread 0x00000218d78ee8c0 Uncommon trap: reason=unstable_if action=reinterpret pc=0x00000218ea109970 method=sun.nio.fs.NativeBuffers.releaseNativeBuffer(Lsun/nio/fs/NativeBuffer;)V @ 35 c2
Event: 27.360 Thread 0x00000218d78ee8c0 DEOPT PACKING pc=0x00000218ea109970 sp=0x000000bdef4fdc40
Event: 27.360 Thread 0x00000218d78ee8c0 DEOPT UNPACKING pc=0x00000218e9abd082 sp=0x000000bdef4fdbc8 mode 2

Classes loaded (20 events):
Event: 23.338 Loading class java/util/EnumMap$EntrySet
Event: 23.339 Loading class java/util/EnumMap$EntrySet done
Event: 23.340 Loading class java/util/EnumMap$EntryIterator
Event: 23.340 Loading class java/util/EnumMap$EnumMapIterator
Event: 23.341 Loading class java/util/EnumMap$EnumMapIterator done
Event: 23.341 Loading class java/util/EnumMap$EntryIterator done
Event: 23.341 Loading class java/util/EnumMap$EntryIterator$Entry
Event: 23.341 Loading class java/util/EnumMap$EntryIterator$Entry done
Event: 24.196 Loading class java/util/function/ToIntBiFunction
Event: 24.196 Loading class java/util/function/ToIntBiFunction done
Event: 24.218 Loading class java/io/DataOutputStream
Event: 24.220 Loading class java/io/DataOutputStream done
Event: 24.850 Loading class java/lang/MatchException
Event: 24.850 Loading class java/lang/MatchException done
Event: 26.650 Loading class java/util/EnumMap$Values
Event: 26.651 Loading class java/util/EnumMap$Values done
Event: 26.651 Loading class java/util/EnumMap$ValueIterator
Event: 26.651 Loading class java/util/EnumMap$ValueIterator done
Event: 26.652 Loading class java/util/WeakHashMap$KeyIterator
Event: 26.653 Loading class java/util/WeakHashMap$KeyIterator done

Classes unloaded (0 events):
No events

Classes redefined (0 events):
No events

Internal exceptions (20 events):
Event: 26.212 Thread 0x00000218d78ee8c0 Exception <a 'sun/nio/fs/WindowsException'{0x00000000c6797e68}> (0x00000000c6797e68) 
thrown [s\open\src\hotspot\share\prims\jni.cpp, line 516]
Event: 26.306 Thread 0x00000218d78ee8c0 Exception <a 'sun/nio/fs/WindowsException'{0x00000000c66d1388}> (0x00000000c66d1388) 
thrown [s\open\src\hotspot\share\prims\jni.cpp, line 516]
Event: 26.306 Thread 0x00000218d78ee8c0 Exception <a 'sun/nio/fs/WindowsException'{0x00000000c66d1a38}> (0x00000000c66d1a38) 
thrown [s\open\src\hotspot\share\prims\jni.cpp, line 516]
Event: 26.306 Thread 0x00000218d78ee8c0 Exception <a 'sun/nio/fs/WindowsException'{0x00000000c66d2258}> (0x00000000c66d2258) 
thrown [s\open\src\hotspot\share\prims\jni.cpp, line 516]
Event: 26.463 Thread 0x00000218d78ee8c0 Exception <a 'java/lang/NoSuchMethodError'{0x00000000c65ee4b0}: 'java.lang.Object java.lang.invoke.DirectMethodHandle$Holder.newInvokeSpecial(java.lang.Object, java.lang.Object, java.lang.Object, java.lang.Object, java.lang.Object, java.lang.Object, java.lang.Object, int)'> (0x00000000c65ee4b0) 
thrown [s\open\src\hotspot\share\interpreter\linkResolver.cpp, line 804]
Event: 26.487 Thread 0x00000218d78ee8c0 Exception <a 'sun/nio/fs/WindowsException'{0x00000000c6470818}> (0x00000000c6470818) 
thrown [s\open\src\hotspot\share\prims\jni.cpp, line 516]
Event: 26.487 Thread 0x00000218d78ee8c0 Exception <a 'sun/nio/fs/WindowsException'{0x00000000c6470eb8}> (0x00000000c6470eb8) 
thrown [s\open\src\hotspot\share\prims\jni.cpp, line 516]
Event: 26.487 Thread 0x00000218d78ee8c0 Exception <a 'sun/nio/fs/WindowsException'{0x00000000c6471690}> (0x00000000c6471690) 
thrown [s\open\src\hotspot\share\prims\jni.cpp, line 516]
Event: 26.579 Thread 0x00000218d78ee8c0 Exception <a 'sun/nio/fs/WindowsException'{0x00000000c64fa120}> (0x00000000c64fa120) 
thrown [s\open\src\hotspot\share\prims\jni.cpp, line 516]
Event: 26.581 Thread 0x00000218d78ee8c0 Exception <a 'sun/nio/fs/WindowsException'{0x00000000c64fa7d8}> (0x00000000c64fa7d8) 
thrown [s\open\src\hotspot\share\prims\jni.cpp, line 516]
Event: 26.584 Thread 0x00000218d78ee8c0 Exception <a 'sun/nio/fs/WindowsException'{0x00000000c64fb048}> (0x00000000c64fb048) 
thrown [s\open\src\hotspot\share\prims\jni.cpp, line 516]
Event: 26.625 Thread 0x00000218d78ee8c0 Exception <a 'sun/nio/fs/WindowsException'{0x00000000c6322b18}> (0x00000000c6322b18) 
thrown [s\open\src\hotspot\share\prims\jni.cpp, line 516]
Event: 26.625 Thread 0x00000218d78ee8c0 Exception <a 'sun/nio/fs/WindowsException'{0x00000000c63231b0}> (0x00000000c63231b0) 
thrown [s\open\src\hotspot\share\prims\jni.cpp, line 516]
Event: 26.625 Thread 0x00000218d78ee8c0 Exception <a 'sun/nio/fs/WindowsException'{0x00000000c6323960}> (0x00000000c6323960) 
thrown [s\open\src\hotspot\share\prims\jni.cpp, line 516]
Event: 26.638 Thread 0x00000218d78ee8c0 Exception <a 'sun/nio/fs/WindowsException'{0x00000000c6395950}> (0x00000000c6395950) 
thrown [s\open\src\hotspot\share\prims\jni.cpp, line 516]
Event: 26.638 Thread 0x00000218d78ee8c0 Exception <a 'sun/nio/fs/WindowsException'{0x00000000c6396010}> (0x00000000c6396010) 
thrown [s\open\src\hotspot\share\prims\jni.cpp, line 516]
Event: 26.638 Thread 0x00000218d78ee8c0 Exception <a 'sun/nio/fs/WindowsException'{0x00000000c6396890}> (0x00000000c6396890) 
thrown [s\open\src\hotspot\share\prims\jni.cpp, line 516]
Event: 26.646 Thread 0x00000218d78ee8c0 Exception <a 'sun/nio/fs/WindowsException'{0x00000000c63c30a0}> (0x00000000c63c30a0) 
thrown [s\open\src\hotspot\share\prims\jni.cpp, line 516]
Event: 26.646 Thread 0x00000218d78ee8c0 Exception <a 'sun/nio/fs/WindowsException'{0x00000000c63c3740}> (0x00000000c63c3740) 
thrown [s\open\src\hotspot\share\prims\jni.cpp, line 516]
Event: 26.646 Thread 0x00000218d78ee8c0 Exception <a 'sun/nio/fs/WindowsException'{0x00000000c63c3f00}> (0x00000000c63c3f00) 
thrown [s\open\src\hotspot\share\prims\jni.cpp, line 516]

VM Operations (20 events):
Event: 23.060 Executing non-safepoint VM operation: HandshakeAllThreads (Deoptimize)
Event: 23.060 Executing non-safepoint VM operation: HandshakeAllThreads (Deoptimize) done
Event: 23.068 Executing non-safepoint VM operation: HandshakeAllThreads (Deoptimize)
Event: 23.068 Executing non-safepoint VM operation: HandshakeAllThreads (Deoptimize) done
Event: 23.187 Executing non-safepoint VM operation: HandshakeAllThreads (Deoptimize)
Event: 23.187 Executing non-safepoint VM operation: HandshakeAllThreads (Deoptimize) done
Event: 23.227 Executing non-safepoint VM operation: HandshakeAllThreads (Deoptimize)
Event: 23.227 Executing non-safepoint VM operation: HandshakeAllThreads (Deoptimize) done
Event: 23.784 Executing non-safepoint VM operation: HandshakeAllThreads (Deoptimize)
Event: 23.784 Executing non-safepoint VM operation: HandshakeAllThreads (Deoptimize) done
Event: 24.477 Executing non-safepoint VM operation: HandshakeAllThreads (Deoptimize)
Event: 24.477 Executing non-safepoint VM operation: HandshakeAllThreads (Deoptimize) done
Event: 24.791 Executing non-safepoint VM operation: HandshakeAllThreads (Deoptimize)
Event: 24.791 Executing non-safepoint VM operation: HandshakeAllThreads (Deoptimize) done
Event: 24.794 Executing non-safepoint VM operation: HandshakeAllThreads (Deoptimize)
Event: 24.794 Executing non-safepoint VM operation: HandshakeAllThreads (Deoptimize) done
Event: 25.957 Executing non-safepoint VM operation: HandshakeAllThreads (Deoptimize)
Event: 25.957 Executing non-safepoint VM operation: HandshakeAllThreads (Deoptimize) done
Event: 26.301 Executing non-safepoint VM operation: HandshakeAllThreads (Deoptimize)
Event: 26.301 Executing non-safepoint VM operation: HandshakeAllThreads (Deoptimize) done

Memory protections (0 events):
No events

Nmethod flushes (20 events):
Event: 20.120 Thread 0x00000218d9c9e950 flushing  nmethod 0x00000218e29c9688
Event: 20.120 Thread 0x00000218d9c9e950 flushing  nmethod 0x00000218e29d4c08
Event: 20.120 Thread 0x00000218d9c9e950 flushing  nmethod 0x00000218e29eca08
Event: 20.120 Thread 0x00000218d9c9e950 flushing  nmethod 0x00000218e29ed908
Event: 20.120 Thread 0x00000218d9c9e950 flushing  nmethod 0x00000218e29f2c88
Event: 20.120 Thread 0x00000218d9c9e950 flushing  nmethod 0x00000218e29f6488
Event: 20.120 Thread 0x00000218d9c9e950 flushing  nmethod 0x00000218e2a26688
Event: 20.120 Thread 0x00000218d9c9e950 flushing  nmethod 0x00000218e2a26a08
Event: 20.120 Thread 0x00000218d9c9e950 flushing  nmethod 0x00000218e2a27608
Event: 20.120 Thread 0x00000218d9c9e950 flushing  nmethod 0x00000218e2a28988
Event: 20.120 Thread 0x00000218d9c9e950 flushing  nmethod 0x00000218e2a28e08
Event: 20.120 Thread 0x00000218d9c9e950 flushing  nmethod 0x00000218e2a29188
Event: 20.120 Thread 0x00000218d9c9e950 flushing  nmethod 0x00000218e2a2ac88
Event: 20.120 Thread 0x00000218d9c9e950 flushing  nmethod 0x00000218e2a60f88
Event: 20.120 Thread 0x00000218d9c9e950 flushing  nmethod 0x00000218e2a97988
Event: 20.120 Thread 0x00000218d9c9e950 flushing  nmethod 0x00000218e2b66288
Event: 20.120 Thread 0x00000218d9c9e950 flushing  nmethod 0x00000218e2b79088
Event: 20.120 Thread 0x00000218d9c9e950 flushing  nmethod 0x00000218e2b79408
Event: 20.120 Thread 0x00000218d9c9e950 flushing  nmethod 0x00000218e2b7a508
Event: 20.120 Thread 0x00000218d9c9e950 flushing  nmethod 0x00000218e2b90a08

Events (14 events):
Event: 0.042 Thread 0x00000218d78ee8c0 Thread added: 0x00000218d78ee8c0
Event: 0.066 Thread 0x00000218d78ee8c0 Thread added: 0x00000218f4c1ff70
Event: 0.067 Thread 0x00000218d78ee8c0 Thread added: 0x00000218f4c20f50
Event: 0.067 Thread 0x00000218d78ee8c0 Thread added: 0x00000218f4c24560
Event: 0.067 Thread 0x00000218d78ee8c0 Thread added: 0x00000218f4c25120
Event: 0.067 Thread 0x00000218d78ee8c0 Thread added: 0x00000218f4c25f60
Event: 0.067 Thread 0x00000218d78ee8c0 Thread added: 0x00000218f4c29b40
Event: 0.067 Thread 0x00000218d78ee8c0 Thread added: 0x00000218f4c2b1d0
Event: 0.068 Thread 0x00000218d78ee8c0 Thread added: 0x00000218f4c32da0
Event: 0.091 Thread 0x00000218d78ee8c0 Thread added: 0x00000218f902c910
Event: 0.098 Thread 0x00000218d78ee8c0 Thread added: 0x00000218f9039960
Event: 0.540 Thread 0x00000218d78ee8c0 Thread added: 0x00000218f9266510
Event: 1.902 Thread 0x00000218f9266510 Thread exited: 0x00000218f9266510
Event: 4.959 Thread 0x00000218d78ee8c0 Thread added: 0x00000218f9f6ca10


Dynamic libraries:
0x00007ff62b200000 - 0x00007ff62b210000 	C:\Program Files\Java\jdk-25.0.2\bin\java.exe
0x00007ff911270000 - 0x00007ff911468000 	C:\Windows\SYSTEM32\ntdll.dll
0x00007ff9101b0000 - 0x00007ff910272000 	C:\Windows\System32\KERNEL32.DLL
0x00007ff90e900000 - 0x00007ff90ebf6000 	C:\Windows\System32\KERNELBASE.dll
0x00007ff90f0e0000 - 0x00007ff90f1e0000 	C:\Windows\System32\ucrtbase.dll
0x00007ff8e8b20000 - 0x00007ff8e8b37000 	C:\Program Files\Java\jdk-25.0.2\bin\jli.dll
0x00007ff8e40f0000 - 0x00007ff8e410e000 	C:\Program Files\Java\jdk-25.0.2\bin\VCRUNTIME140.dll
0x00007ff90f8c0000 - 0x00007ff90fa61000 	C:\Windows\System32\USER32.dll
0x00007ff90ec30000 - 0x00007ff90ec52000 	C:\Windows\System32\win32u.dll
0x00007ff8fa7c0000 - 0x00007ff8faa5b000 	C:\Windows\WinSxS\amd64_microsoft.windows.common-controls_6595b64144ccf1df_6.0.19041.6456_none_60b8a6cb71f64256\COMCTL32.dll
0x00007ff90fcb0000 - 0x00007ff90fcdb000 	C:\Windows\System32\GDI32.dll
0x00007ff910110000 - 0x00007ff9101ae000 	C:\Windows\System32\msvcrt.dll
0x00007ff90ed80000 - 0x00007ff90ee99000 	C:\Windows\System32\gdi32full.dll
0x00007ff90ece0000 - 0x00007ff90ed7d000 	C:\Windows\System32\msvcp_win.dll
0x00007ff90fa70000 - 0x00007ff90fa9f000 	C:\Windows\System32\IMM32.DLL
0x00007ff8f0820000 - 0x00007ff8f082c000 	C:\Program Files\Java\jdk-25.0.2\bin\vcruntime140_1.dll
0x00007ff8d1c10000 - 0x00007ff8d1c9d000 	C:\Program Files\Java\jdk-25.0.2\bin\msvcp140.dll
0x00007ff89f710000 - 0x00007ff8a056f000 	C:\Program Files\Java\jdk-25.0.2\bin\server\jvm.dll
0x00007ff90fb50000 - 0x00007ff90fc01000 	C:\Windows\System32\ADVAPI32.dll
0x00007ff90fc10000 - 0x00007ff90fcaf000 	C:\Windows\System32\sechost.dll
0x00007ff90ff70000 - 0x00007ff910090000 	C:\Windows\System32\RPCRT4.dll
0x00007ff90ec00000 - 0x00007ff90ec27000 	C:\Windows\System32\bcrypt.dll
0x00007ff90ff00000 - 0x00007ff90ff6b000 	C:\Windows\System32\WS2_32.dll
0x00007ff90de40000 - 0x00007ff90de8b000 	C:\Windows\SYSTEM32\POWRPROF.dll
0x00007ff8fab20000 - 0x00007ff8fab47000 	C:\Windows\SYSTEM32\WINMM.dll
0x00007ff909fe0000 - 0x00007ff909fea000 	C:\Windows\SYSTEM32\VERSION.dll
0x00007ff90dd00000 - 0x00007ff90dd12000 	C:\Windows\SYSTEM32\UMPDC.dll
0x00007ff90d140000 - 0x00007ff90d152000 	C:\Windows\SYSTEM32\kernel.appcore.dll
0x00007ff8f0550000 - 0x00007ff8f055a000 	C:\Program Files\Java\jdk-25.0.2\bin\jimage.dll
0x00007ff90cdf0000 - 0x00007ff90cff1000 	C:\Windows\SYSTEM32\DBGHELP.DLL
0x00007ff906da0000 - 0x00007ff906dd4000 	C:\Windows\SYSTEM32\dbgcore.DLL
0x00007ff90eea0000 - 0x00007ff90ef22000 	C:\Windows\System32\bcryptPrimitives.dll
0x00007ff8e0fa0000 - 0x00007ff8e0fbf000 	C:\Program Files\Java\jdk-25.0.2\bin\java.dll
0x00007ff911100000 - 0x00007ff91122b000 	C:\Windows\System32\ole32.dll
0x00007ff90f3a0000 - 0x00007ff90f6f4000 	C:\Windows\System32\combase.dll
0x00007ff910520000 - 0x00007ff910c90000 	C:\Windows\System32\SHELL32.dll
0x00007ff90c640000 - 0x00007ff90cde5000 	C:\Windows\SYSTEM32\windows.storage.dll
0x00007ff90e330000 - 0x00007ff90e35b000 	C:\Windows\SYSTEM32\Wldp.dll
0x00007ff90f790000 - 0x00007ff90f85d000 	C:\Windows\System32\OLEAUT32.dll
0x00007ff90f290000 - 0x00007ff90f33d000 	C:\Windows\System32\SHCORE.dll
0x00007ff910300000 - 0x00007ff91035b000 	C:\Windows\System32\shlwapi.dll
0x00007ff90e830000 - 0x00007ff90e854000 	C:\Windows\SYSTEM32\profapi.dll
0x00007ff8e0f30000 - 0x00007ff8e0f42000 	C:\Program Files\Java\jdk-25.0.2\bin\net.dll
0x00007ff90e090000 - 0x00007ff90e0fa000 	C:\Windows\system32\mswsock.dll
0x00007ff8e0de0000 - 0x00007ff8e0df6000 	C:\Program Files\Java\jdk-25.0.2\bin\nio.dll
0x00007ff8e0460000 - 0x00007ff8e0477000 	C:\Program Files\Java\jdk-25.0.2\bin\zip.dll
0x00007ff8da630000 - 0x00007ff8da654000 	C:\Users\adnan\.m2\wrapper\dists\apache-maven-3.9.14\ed7edd442f634ac1c1ef5ba2b61b6d690b5221091f1a8e1123f5fadcc967520d\lib\jansi-native\Windows\x86_64\jansi.dll
0x00007ff8f03e0000 - 0x00007ff8f03f0000 	C:\Program Files\Java\jdk-25.0.2\bin\verify.dll

JVMTI agents: none

dbghelp: loaded successfully - version: 4.0.5 - missing functions: none
symbol engine: initialized successfully - sym options: 0x614 - pdb path: .;C:\Program Files\Java\jdk-25.0.2\bin;C:\Windows\SYSTEM32;C:\Windows\WinSxS\amd64_microsoft.windows.common-controls_6595b64144ccf1df_6.0.19041.6456_none_60b8a6cb71f64256;C:\Program Files\Java\jdk-25.0.2\bin\server;C:\Users\adnan\.m2\wrapper\dists\apache-maven-3.9.14\ed7edd442f634ac1c1ef5ba2b61b6d690b5221091f1a8e1123f5fadcc967520d\lib\jansi-native\Windows\x86_64

VM Arguments:
jvm_args: --enable-native-access=ALL-UNNAMED -Dclassworlds.conf=C:\Users\adnan\.m2\wrapper\dists\apache-maven-3.9.14\ed7edd442f634ac1c1ef5ba2b61b6d690b5221091f1a8e1123f5fadcc967520d\bin\m2.conf -Dmaven.home=C:\Users\adnan\.m2\wrapper\dists\apache-maven-3.9.14\ed7edd442f634ac1c1ef5ba2b61b6d690b5221091f1a8e1123f5fadcc967520d -Dlibrary.jansi.path=C:\Users\adnan\.m2\wrapper\dists\apache-maven-3.9.14\ed7edd442f634ac1c1ef5ba2b61b6d690b5221091f1a8e1123f5fadcc967520d\lib\jansi-native -Dmaven.multiModuleProjectDirectory=C:\Users\adnan\git\Code_Force-2 
java_command: org.codehaus.plexus.classworlds.launcher.Launcher spring-boot:run
java_class_path (initial): C:\Users\adnan\.m2\wrapper\dists\apache-maven-3.9.14\ed7edd442f634ac1c1ef5ba2b61b6d690b5221091f1a8e1123f5fadcc967520d\boot\plexus-classworlds-2.9.0.jar
Launcher Type: SUN_STANDARD

[Global flags]
     intx CICompilerCount                          = 3                                         {product} {ergonomic}
     uint ConcGCThreads                            = 1                                         {product} {ergonomic}
     uint G1ConcRefinementThreads                  = 4                                         {product} {ergonomic}
   size_t G1HeapRegionSize                         = 1048576                                   {product} {ergonomic}
   size_t InitialHeapSize                          = 67108864                                  {product} {ergonomic}
   size_t MarkStackSize                            = 4194304                                   {product} {ergonomic}
   size_t MarkStackSizeMax                         = 536870912                                 {product} {ergonomic}
   size_t MaxHeapSize                              = 1042284544                                {product} {ergonomic}
   size_t MaxNewSize                               = 624951296                                 {product} {ergonomic}
   size_t MinHeapDeltaBytes                        = 1048576                                   {product} {ergonomic}
   size_t MinHeapSize                              = 8388608                                   {product} {ergonomic}
    uintx NonNMethodCodeHeapSize                   = 5832704                                {pd product} {ergonomic}
    uintx NonProfiledCodeHeapSize                  = 122945536                              {pd product} {ergonomic}
    uintx ProfiledCodeHeapSize                     = 122880000                              {pd product} {ergonomic}
    uintx ReservedCodeCacheSize                    = 251658240                              {pd product} {ergonomic}
     bool SegmentedCodeCache                       = true                                      {product} {ergonomic}
   size_t SoftMaxHeapSize                          = 1042284544                             {manageable} {ergonomic}
     bool UseCompressedOops                        = true                           {product lp64_product} {ergonomic}
     bool UseG1GC                                  = true                                      {product} {ergonomic}
     bool UseLargePagesIndividualAllocation        = false                                  {pd product} {ergonomic}

Logging:
Log output configuration:
 #0: stdout all=warning uptime,level,tags foldmultilines=false
 #1: stderr all=off uptime,level,tags foldmultilines=false

Release file:
IMPLEMENTOR="Oracle Corporation" 
JAVA_RUNTIME_VERSION="25.0.2+10-LTS-69" 
JAVA_VERSION="25.0.2" 
JAVA_VERSION_DATE="2026-01-20" 
LIBC="default" 
MODULES="java.base java.compiler java.datatransfer java.xml java.prefs java.desktop java.instrument java.logging java.management java.security.sasl java.naming java.rmi java.management.rmi java.net.http java.scripting java.security.jgss java.transaction.xa java.sql java.sql.rowset java.xml.crypto java.se java.smartcardio jdk.accessibility jdk.internal.jvmstat jdk.attach jdk.charsets jdk.internal.opt jdk.zipfs jdk.compiler jdk.crypto.cryptoki jdk.crypto.ec jdk.crypto.mscapi jdk.dynalink jdk.internal.ed jdk.editpad jdk.internal.vm.ci jdk.graal.compiler jdk.graal.compiler.management jdk.hotspot.agent jdk.httpserver jdk.incubator.vector jdk.internal.le jdk.internal.md jdk.jartool jdk.javadoc jdk.jcmd jdk.management jdk.management.agent jdk.jconsole jdk.jdeps jdk.jdwp.agent jdk.jdi jdk.jfr jdk.jlink jdk.jpackage jdk.jshell jdk.jsobject jdk.jstatd jdk.localedata jdk.management.jfr jdk.naming.dns jdk.naming.rmi jdk.net jdk.nio.mapmode jdk.sctp jdk.security.auth jdk.security.jgss jdk.unsupported jdk.unsupported.desktop jdk.xml.dom" 
OS_ARCH="x86_64" 
OS_NAME="Windows" 
SOURCE=".:git:b75efb40c93a open:git:405a5699ebd0" 

Environment Variables:
JAVA_HOME=C:\Program Files\Java\jdk-25.0.2
PATH=C:\Program Files\Common Files\Oracle\Java\javapath;C:\Program Files (x86)\Common Files\Oracle\Java\java8path;C:\Program Files (x86)\Common Files\Oracle\Java\javapath;C:\Windows\system32;C:\Windows;C:\Windows\System32\Wbem;C:\Windows\System32\WindowsPowerShell\v1.0\;C:\Windows\System32\OpenSSH\;C:\Program Files\Java\jdk-25.0.2\bin;C:\Program Files\Git\cmd;C:\Program Files\MySQL\MySQL Shell 8.0\bin\;C:\Users\adnan\AppData\Local\Microsoft\WindowsApps;C:\Users\adnan\AppData\Local\Programs\Antigravity\bin
USERNAME=adnan
OS=Windows_NT
PROCESSOR_IDENTIFIER=Intel64 Family 6 Model 142 Stepping 9, GenuineIntel
TMP=C:\Users\adnan\AppData\Local\Temp
TEMP=C:\Users\adnan\AppData\Local\Temp




Compilation memory statistics disabled.

Periodic native trim disabled

---------------  S Y S T E M  ---------------

OS:
 Windows 10 , 64 bit Build 19041 (10.0.19041.5915)
OS uptime: 11 days 20:48 hours

CPU: total 4 (initial active 4) (2 cores per cpu, 2 threads per core) family 6 model 142 stepping 9 microcode 0xb4, cx8, cmov, fxsr, ht, mmx, 3dnowpref, sse, sse2, sse3, ssse3, sse4.1, sse4.2, popcnt, lzcnt, tsc, tscinvbit, avx, avx2, aes, erms, clmul, bmi1, bmi2, adx, fma, vzeroupper, clflush, clflushopt, rdtscp, f16c
Processor Information for the first 4 processors :
  Max Mhz: 2304, Current Mhz: 2304, Mhz Limit: 2304

Memory: 4k page, system-wide physical 3975M (232M free)
TotalPageFile size 16263M (AvailPageFile size 17M)
current process WorkingSet (physical memory assigned to process): 190M, peak: 216M
current process commit charge ("private bytes"): 263M, peak: 287M

vm_info: Java HotSpot(TM) 64-Bit Server VM (25.0.2+10-LTS-69) for windows-amd64 JRE (25.0.2+10-LTS-69), built on 2025-12-18T11:36:35Z with MS VC++ 17.13 (VS2022)

END.
