[INFO] Scanning for projects...
[INFO] 
[INFO] ----------------------< com.codeforce:CodeForce >-----------------------
[INFO] Building CodeForce 1.0.0
[INFO]   from pom.xml
[INFO] --------------------------------[ war ]---------------------------------
[INFO] 
[INFO] >>> spring-boot:3.5.5:run (default-cli) > test-compile @ CodeForce >>>
[INFO] 
[INFO] --- resources:3.3.1:resources (default-resources) @ CodeForce ---
[INFO] Copying 1 resource from src\main\resources to target\classes
[INFO] Copying 0 resource from src\main\resources to target\classes
[INFO] 
[INFO] --- compiler:3.14.0:compile (default-compile) @ CodeForce ---
[INFO] Nothing to compile - all classes are up to date.
[INFO] 
[INFO] --- resources:3.3.1:testResources (default-testResources) @ CodeForce ---
[INFO] skip non existing resourceDirectory C:\Users\priya\git\Code_Force-2\src\test\resources
[INFO] 
[INFO] --- compiler:3.14.0:testCompile (default-testCompile) @ CodeForce ---
[INFO] Nothing to compile - all classes are up to date.
[INFO] 
[INFO] <<< spring-boot:3.5.5:run (default-cli) < test-compile @ CodeForce <<<
[INFO] 
[INFO] 
[INFO] --- spring-boot:3.5.5:run (default-cli) @ CodeForce ---
[INFO] Attaching agents: []

  .   ____          _            __ _ _
 /\\ / ___'_ __ _ _(_)_ __  __ _ \ \ \ \
( ( )\___ | '_ | '_| | '_ \/ _` | \ \ \ \
 \\/  ___)| |_)| | | | | || (_| |  ) ) ) )
  '  |____| .__|_| |_|_| |_\__, | / / / /
 =========|_|==============|___/=/_/_/_/

 :: Spring Boot ::                (v3.5.5)

2026-03-24T16:02:03.032+05:30  INFO 18760 --- [CodeForce] [  restartedMain] com.codeforce.CodeForceApplication       : Starting CodeForceApplication using Java 25.0.2 with PID 18760 (C:\Users\priya\git\Code_Force-2\target\classes started by priya in C:\Users\priya\git\Code_Force-2)
2026-03-24T16:02:03.038+05:30  INFO 18760 --- [CodeForce] [  restartedMain] com.codeforce.CodeForceApplication       : No active profile set, falling back to 1 default profile: "default"
2026-03-24T16:02:03.154+05:30  INFO 18760 --- [CodeForce] [  restartedMain] .e.DevToolsPropertyDefaultsPostProcessor : Devtools property defaults active! Set 'spring.devtools.add-properties' to 'false' to disable
2026-03-24T16:02:03.156+05:30  INFO 18760 --- [CodeForce] [  restartedMain] .e.DevToolsPropertyDefaultsPostProcessor : For additional web related logging consider setting the 'logging.level.web' property to 'DEBUG'
2026-03-24T16:02:04.626+05:30  INFO 18760 --- [CodeForce] [  restartedMain] .s.d.r.c.RepositoryConfigurationDelegate : Bootstrapping Spring Data JPA repositories in DEFAULT mode.
2026-03-24T16:02:04.855+05:30  INFO 18760 --- [CodeForce] [  restartedMain] .s.d.r.c.RepositoryConfigurationDelegate : Finished Spring Data repository scanning in 198 ms. Found 6 JPA repository interfaces.
2026-03-24T16:02:06.282+05:30  INFO 18760 --- [CodeForce] [  restartedMain] o.s.b.w.embedded.tomcat.TomcatWebServer  : Tomcat initialized with port 8011 (http)
2026-03-24T16:02:06.314+05:30  INFO 18760 --- [CodeForce] [  restartedMain] o.apache.catalina.core.StandardService   : Starting service [Tomcat]
2026-03-24T16:02:06.315+05:30  INFO 18760 --- [CodeForce] [  restartedMain] o.apache.catalina.core.StandardEngine    : Starting Servlet engine: [Apache Tomcat/10.1.44]
2026-03-24T16:02:06.958+05:30  INFO 18760 --- [CodeForce] [  restartedMain] org.apache.jasper.servlet.TldScanner     : At least one JAR was scanned for TLDs yet contained no TLDs. Enable debug logging for this logger for a complete list of JARs that were scanned but no TLDs were found in them. Skipping unneeded JARs during scanning can improve startup time and JSP compilation time.
2026-03-24T16:02:06.978+05:30  INFO 18760 --- [CodeForce] [  restartedMain] o.a.c.c.C.[Tomcat].[localhost].[/]       : Initializing Spring embedded WebApplicationContext
2026-03-24T16:02:06.979+05:30  INFO 18760 --- [CodeForce] [  restartedMain] w.s.c.ServletWebServerApplicationContext : Root WebApplicationContext: initialization completed in 3821 ms
2026-03-24T16:02:07.352+05:30  INFO 18760 --- [CodeForce] [  restartedMain] o.hibernate.jpa.internal.util.LogHelper  : HHH000204: Processing PersistenceUnitInfo [name: default]
2026-03-24T16:02:07.505+05:30  INFO 18760 --- [CodeForce] [  restartedMain] org.hibernate.Version                    : HHH000412: Hibernate ORM core version 6.6.26.Final
2026-03-24T16:02:07.598+05:30  INFO 18760 --- [CodeForce] [  restartedMain] o.h.c.internal.RegionFactoryInitiator    : HHH000026: Second-level cache disabled
2026-03-24T16:02:08.258+05:30  INFO 18760 --- [CodeForce] [  restartedMain] o.s.o.j.p.SpringPersistenceUnitInfo      : No LoadTimeWeaver setup: ignoring JPA class transformer
2026-03-24T16:02:08.335+05:30  INFO 18760 --- [CodeForce] [  restartedMain] com.zaxxer.hikari.HikariDataSource       : HikariPool-1 - Starting...
2026-03-24T16:02:08.680+05:30  INFO 18760 --- [CodeForce] [  restartedMain] com.zaxxer.hikari.pool.HikariPool        : HikariPool-1 - Added connection com.mysql.cj.jdbc.ConnectionImpl@5a284ad9
2026-03-24T16:02:08.684+05:30  INFO 18760 --- [CodeForce] [  restartedMain] com.zaxxer.hikari.HikariDataSource       : HikariPool-1 - Start completed.
2026-03-24T16:02:08.786+05:30  WARN 18760 --- [CodeForce] [  restartedMain] org.hibernate.orm.deprecation            : HHH90000025: MySQLDialect does not need to be specified explicitly using 'hibernate.dialect' (remove the property setting and it will be selected by default)
2026-03-24T16:02:08.826+05:30  INFO 18760 --- [CodeForce] [  restartedMain] org.hibernate.orm.connections.pooling    : HHH10001005: Database info:
	Database JDBC URL [Connecting through datasource 'HikariDataSource (HikariPool-1)']
	Database driver: undefined/unknown
	Database version: 8.0.44
	Autocommit mode: undefined/unknown
	Isolation level: undefined/unknown
	Minimum pool size: undefined/unknown
	Maximum pool size: undefined/unknown
2026-03-24T16:02:11.516+05:30  INFO 18760 --- [CodeForce] [  restartedMain] o.h.e.t.j.p.i.JtaPlatformInitiator       : HHH000489: No JTA platform available (set 'hibernate.transaction.jta.platform' to enable JTA platform integration)
2026-03-24T16:02:11.739+05:30  INFO 18760 --- [CodeForce] [  restartedMain] j.LocalContainerEntityManagerFactoryBean : Initialized JPA EntityManagerFactory for persistence unit 'default'
2026-03-24T16:02:12.550+05:30  INFO 18760 --- [CodeForce] [  restartedMain] o.s.d.j.r.query.QueryEnhancerFactory     : Hibernate is in classpath; If applicable, HQL parser will be used.
2026-03-24T16:02:15.219+05:30  WARN 18760 --- [CodeForce] [  restartedMain] JpaBaseConfiguration$JpaWebConfiguration : spring.jpa.open-in-view is enabled by default. Therefore, database queries may be performed during view rendering. Explicitly configure spring.jpa.open-in-view to disable this warning
2026-03-24T16:02:16.114+05:30  WARN 18760 --- [CodeForce] [  restartedMain] o.s.b.d.a.OptionalLiveReloadServer       : Unable to start LiveReload server
2026-03-24T16:02:16.153+05:30  WARN 18760 --- [CodeForce] [  restartedMain] ConfigServletWebServerApplicationContext : Exception encountered during context initialization - cancelling refresh attempt: org.springframework.context.ApplicationContextException: Failed to start bean 'webServerStartStop'
2026-03-24T16:02:16.157+05:30  INFO 18760 --- [CodeForce] [  restartedMain] j.LocalContainerEntityManagerFactoryBean : Closing JPA EntityManagerFactory for persistence unit 'default'
2026-03-24T16:02:16.178+05:30  INFO 18760 --- [CodeForce] [  restartedMain] com.zaxxer.hikari.HikariDataSource       : HikariPool-1 - Shutdown initiated...
2026-03-24T16:02:16.195+05:30  INFO 18760 --- [CodeForce] [  restartedMain] com.zaxxer.hikari.HikariDataSource       : HikariPool-1 - Shutdown completed.
2026-03-24T16:02:16.224+05:30  INFO 18760 --- [CodeForce] [  restartedMain] .s.b.a.l.ConditionEvaluationReportLogger : 

Error starting ApplicationContext. To display the condition evaluation report re-run your application with 'debug' enabled.
2026-03-24T16:02:16.280+05:30 ERROR 18760 --- [CodeForce] [  restartedMain] o.s.b.d.LoggingFailureAnalysisReporter   : 

***************************
APPLICATION FAILED TO START
***************************

Description:

Web server failed to start. Port 8011 was already in use.

Action:

Identify and stop the process that's listening on port 8011 or configure this application to listen on another port.

[INFO] ------------------------------------------------------------------------
[INFO] BUILD SUCCESS
[INFO] ------------------------------------------------------------------------
[INFO] Total time:  19.461 s
[INFO] Finished at: 2026-03-24T16:02:16+05:30
[INFO] ------------------------------------------------------------------------
